2ff0
6000
0000
0001
1699
6ea3
466c
0000
0010
0000
0000
0000
0010
0000
0000
0000
2ff0
6000
0000
0001
2654
6ea3
466c
0000
0010
0000
0000
0000
0010
0000
0000
0000
2ff0
4243
1020
0000
c243
1020
0001
3110
6ea3
466c
0000
0010
0000
0000
0000
0243
1020
0010
8243
1020
0000
0000
0010
0000
0000
0000
0010
0000
0000
0000
0010
4643
1020
0000
c643
1020
0000
0010
0000
0000
0000
0643
1020
0010
0000
0000
0000
0010
8643
1020
0000
0010
0000
0000
0000
0010
0000
0000
0000
0010
0000
0000
0000
0010
00f0
4283
1020
0000
c283
1020
0000
0010
0000
0000
0000
0283
1020
0010
0000
8283
1020
0000
0010
0000
0000
0000
0010
0000
0000
0000
0010
4683
1020
0000
0000
c683
1020
0010
0000
0000
0000
0683
1020
0010
0000
0000
0000
0010
0000
8683
1020
0000
0020
42c3
1020
0000
c2c3
1020
0000
0010
0000
0000
0000
0010
0000
0000
0000
02c3
1020
0010
0000
0000
0010
0000
82c3
1020
0000
0000
0010
0000
0000
0000
0010
46c3
1020
0000
c6c3
1020
0000
0010
0000
0000
0000
0010
0000
0000
0000
06c3
1020
0010
86d3
1020
0000
0010
0000
0000
0000
0010
0000
0000
c303
1020
0000
0010
0000
0000
0303
1020
0010
0000
0000
0010
0000
0000
0000
0010
0000
8303
1020
0000
0000
0010
4303
1020
0000
0000
0010
0000
0000
c703
1020
0000
0010
0000
0000
0000
0703
1020
0030
8703
1020
0000
0010
4703
1020
0000
0000
0000
0010
0000
0000
0000
0010
0000
0343
1020
0010
0000
0010
0000
8343
1020
0000
0000
0010
0000
0000
0000
0010
4343
1020
0000
c343
1020
0000
0010
0000
0000
0000
0010
0000
0000
0000
0743
1020
0010
8753
1020
0000
0010
0000
0000
0000
0010
4743
1020
0000
0000
c743
1020
0000
0010
0030
8383
1020
0000
0010
4383
1020
0000
0000
0000
0010
0000
0000
c383
1020
0000
0393
1020
0010
0000
0000
0010
0000
0000
0000
0010
0000
8783
1020
0000
0000
0010
4783
1020
0000
0000
0010
0000
0000
c783
1020
0000
0010
0000
0000
0000
0783
1020
0040
4003
1020
0000
c003
1020
0000
0010
0000
0000
0000
0010
0000
0000
0000
0003
1020
0010
0000
0000
0010
0000
8003
1020
0000
0000
0010
0000
0000
0000
0010
4403
1020
0000
c403
1020
0000
0010
0000
0000
0000
0010
0000
0000
0000
0403
1020
0010
8413
1020
0000
0010
0000
0000
0000
0010
0000
0000
c043
1020
0000
0010
0000
0000
0043
1020
0010
0000
0000
0010
0000
0000
0000
0010
0000
8043
1020
0000
0000
0010
4043
1020
0000
0000
0010
0000
0000
c443
1020
0000
0010
0000
0000
0000
0443
1020
0030
8443
1020
0000
0010
4443
1020
0000
0000
0000
0010
0000
0000
0000
0010
0000
0083
1020
0010
0000
0010
0000
8083
1020
0000
0000
0010
0000
0000
0000
0010
4083
1020
0000
c083
1020
0000
0010
0000
0000
0000
0010
0000
0000
0000
0483
1020
0010
8493
1020
0000
0010
0000
0000
0000
0010
4483
1020
0000
0000
c483
1020
0000
0010
0030
80c3
1020
0000
0010
40c3
1020
0000
0000
0000
0010
0000
0000
c0c3
1020
0000
00d3
1020
0010
0000
0000
0010
0000
0000
0000
0010
0000
84c3
1020
0000
0000
0010
44c3
1020
0000
0000
0010
0000
0000
c4c3
1020
0000
0010
0000
0000
0000
04c3
1020
0040
4103
1020
0000
c103
1020
0000
0010
0000
0000
0000
0010
0000
0000
0000
0103
1020
0010
0000
0000
0010
0000
8103
1020
0000
0000
0010
0000
0000
0000
0010
4503
1020
0000
c503
1020
0000
0010
0000
0000
0000
0010
0000
0000
0000
0503
1020
0010
8513
1020
0000
0010
0000
0000
0000
0010
4143
1020
0000
0000
c143
1020
0000
0010
0153
1020
0010
0000
0000
0010
0000
8143
1020
0000
0000
0010
0000
0000
0000
0010
4543
1020
0000
c543
1020
0000
0010
0000
0000
0000
0010
0000
0000
0000
0543
1020
0020
8543
1020
0000
0010
0000
0000
0000
0010
4183
1020
0000
0000
c183
1020
0000
0020
0183
1020
0010
0000
0000
0010
0000
8183
1020
0000
0000
0010
0000
0000
0000
4593
1020
0000
c583
1020
0000
0010
0000
0000
0000
0010
0000
0000
0000
0583
1020
0020
8583
1020
0000
0010
0000
0000
0000
0010
0000
0000
0000
0010
0000
0000
0000
0090
022d
0000
41d3
1020
0000
026d
0000
0000
c1c3
1020
020d
0000
0000
062d
0000
025d
0000
020a
066d
0000
0000
060d
0000
060a
0000
01c3
1020
082d
0000
000a
0010
064d
0000
020a
81c3
1020
086d
0000
040a
0000
080d
0000
060a
0000
082d
0000
000a
085d
0000
022a
086d
0000
040a
0000
080d
0000
062a
0000
002a
0010
084d
0000
022a
042a
062a
0000
002a
0010
45c3
1020
0000
042a
0000
c5c3
1020
0000
0010
0000
0000
05c3
1020
0010
0000
0000
0010
0000
85c3
1020
0000
0000
0010
0000
0000
0000
0010
c203
1020
0010
0000
0000
0203
1020
0010
0000
0000
0000
0010
0000
0000
0000
0010
8203
1020
0000
0010
4203
1020
0000
0000
0000
0010
0000
0000
c603
1020
0000
0010
0603
1020
0010
0000
0000
0010
0000
0000
0000
0010
0000
8603
1020
0000
0000
0010
4603
1020
0000
0000
0010
0000
0000
0000
0010
0000
0000
0000
0010
0000
0000
0000
0d80
022d
0000
0010
2a0a
0000
0000
022d
0000
0010
0000
2a0a
0000
0000
012d
0000
027d
0000
022d
0000
2e0a
0010
0000
026d
0000
2a0a
0000
0000
2e0a
0010
0000
016d
0000
020d
0000
0000
0010
280a
0000
026d
0000
0000
020d
0000
0000
2e0a
0010
280a
010d
0000
0010
0000
020d
0000
0000
022d
0000
0010
024d
0000
280a
0000
0000
2c0a
022d
0000
025d
0000
0a0a
0000
0000
2c0a
0000
022d
0000
0010
014d
0000
0a0a
0000
026d
0000
0000
062d
0000
0010
024d
0000
0a0a
0000
026d
0000
2a0a
0000
0e0a
2c0a
022d
0000
0010
026d
0000
2a0a
0000
020d
0000
0e0a
0000
022d
0000
0010
0000
026d
0000
2a0a
020d
0000
0e0a
0000
0a2d
0000
080a
2e0a
0010
0000
066d
0000
2a2a
0000
020d
0000
082d
0000
080a
2e0a
0010
0a0a
0000
026d
0000
2a2a
0000
020d
0000
0000
062d
0000
080a
2e0a
025d
0000
280a
620a
0000
0a6d
0000
0000
020d
0000
0000
082d
0000
2e2a
025d
0000
280a
0000
086d
0000
0c0a
2a2a
0000
020d
0000
0e0a
0000
2e2a
025d
0000
280a
066d
0000
0c0a
0000
020d
0000
660a
0000
0010
024d
0000
0000
086d
0000
0c0a
2c0a
0000
080a
2e2a
0010
024d
0000
0000
0000
020d
0000
2c0a
0000
600a
025d
0000
0000
2c0a
0000
082d
0000
0010
024d
0000
0000
0000
0000
082d
0000
0010
0a2a
0c0a
0000
0000
082d
0000
0010
024d
0000
0a2a
0000
086d
0000
640a
0000
0000
082d
0000
0a3a
0000
086d
0000
2a2a
0000
0e2a
0000
082d
0000
0010
0000
086d
0000
2a2a
0e2a
0000
082d
0000
0010
0000
086d
0000
2a2a
0000
0e2a
0000
082d
0000
2e2a
087d
0000
2e2a
0010
0a2a
0000
086d
0000
0000
0000
082d
0000
2e2a
0010
6a2a
0000
086d
0000
0000
0010
0000
0000
0e2a
0000
0010
0000
086d
0000
0000
6e2a
0000
0010
01a0
6000
0010
0000
0000
0000
0010
0000
0000
0000
0010
0000
0000
0000
0010
0000
06b0
022d
0000
0010
026d
0000
e20a
0000
020d
0000
0000
e60a
0010
e00a
0000
0000
025d
0000
e40a
0000
0010
0000
0000
0000
022d
0000
0010
0000
026d
0000
e20a
0000
020d
0000
022d
0000
e60a
0010
e00a
0000
026d
0000
e20a
0000
020d
0000
0000
022d
0000
e60a
025d
0000
e00a
0000
026d
0000
e20a
0000
020d
0000
e40a
0000
022d
0000
e60a
025d
0000
e00a
0000
026d
0000
e20a
0000
020d
0000
e40a
0000
e60a
0010
024d
0000
e00a
0000
e40a
0000
022d
0000
0010
024d
0000
0000
026d
0000
e20a
0000
020d
0000
e40a
022d
0000
e60a
0010
e00a
0000
026d
0000
e20a
0000
020d
0000
0000
022d
0000
e60a
025d
0000
e00a
0000
026d
0000
e20a
0000
020d
0000
e40a
0000
e60a
0010
024d
0000
e00a
0000
e40a
0000
0010
024d
0000
0000
0000
e40a
0000
0010
0000
0000
04d0
080d
0000
0010
282a
0000
0000
080d
0000
0000
0010
084d
0000
282a
0000
0000
040d
0000
2c2a
0010
084d
0000
0000
0000
080d
0000
2c2a
0000
0010
044d
0000
282a
032d
0000
085d
0000
0000
0000
2c2a
0000
022d
0000
0010
0000
920a
0000
0000
022d
0000
0010
2a0a
0000
0000
022d
0000
0010
0000
920a
0000
080d
0000
0000
022d
0000
2a1a
080d
0000
022d
0000
082a
0010
084d
0000
0000
2a0a
0000
080d
0000
0000
022d
0000
082a
085d
0000
0000
036d
0000
0c2a
2a0a
0000
080d
0000
0000
022d
0000
082a
085d
0000
282a
026d
0000
0c2a
2a0a
0000
0b0d
0000
0000
022d
0000
960a
0010
084d
0000
282a
026d
0000
0c2a
2a0a
0000
060d
0000
2c2a
0000
022d
0000
2e0a
0010
0b4d
0000
900a
026d
0000
2a0a
0000
020d
0000
2c2a
0000
022d
0000
960a
0010
064d
0000
280a
026d
0000
0000
020d
0000
940a
0000
2e0a
0010
024d
0000
900a
0000
026d
0000
920a
020d
0000
2c0a
0000
022d
0000
2e0a
0010
024d
0000
280a
0000
026d
0000
2a0a
020d
0000
940a
022d
0000
2e0a
0010
024d
0000
280a
0000
026d
0000
2a0a
0000
020d
0000
2c0a
022d
0000
2e0a
0010
024d
0000
280a
0000
026d
0000
920a
0000
020d
0000
2c0a
022d
0000
2e0a
0010
024d
0000
280a
0000
026d
0000
2a0a
0000
020d
0000
2c0a
022d
0000
2e0a
025d
0000
280a
0000
026d
0000
920a
0000
020d
0000
2c0a
0000
022d
0000
025d
0000
280a
0000
2a0a
0000
020d
0000
2c0a
0000
022d
0000
960a
0010
024d
0000
026d
0000
920a
0000
2c0a
0000
022d
0000
2e0a
0010
024d
0000
900a
0000
026d
0000
2a0a
020d
0000
0000
022d
0000
2e0a
0010
280a
0000
026d
0000
2a0a
0000
020d
0000
940a
022d
0000
960a
0010
024d
0000
280a
0000
026d
0000
2a0a
0000
020d
0000
2c0a
2e0a
0010
024d
0000
900a
0000
026d
0000
0000
020d
0000
2c0a
0000
960a
0010
024d
0000
280a
026d
0000
0000
020d
0000
940a
0000
2e0a
0010
024d
0000
900a
0000
026d
0000
020d
0000
2c0a
0000
960a
0010
024d
0000
280a
0000
026d
0000
0000
020d
0000
940a
2e0a
0010
024d
0000
900a
0000
026d
0000
0000
020d
0000
2c0a
0000
2e0a
025d
0000
280a
026d
0000
0000
020d
0000
940a
0000
2e0a
0010
024d
0000
280a
0000
020d
0000
2c0a
0010
024d
0000
280a
0000
0000
080d
0000
2c0a
0000
0010
024d
0000
282a
0000
080d
0000
2c0a
0000
0010
084d
0000
0000
0000
2c2a
0000
082a
0010
084d
0000
0000
080d
0000
0000
682a
0010
0000
0c2a
0000
0000
0010
084d
0000
0000
6c2a
01c0
022d
0000
0010
2a0a
0000
0000
022d
0000
0010
0000
026d
0000
2a0a
0000
020d
0000
022d
0000
2e0a
0010
024d
0000
280a
0000
026d
0000
2a0a
0000
020d
0000
2c0a
022d
0000
2e0a
025d
0000
280a
0000
026d
0000
0000
020d
0000
2c0a
0000
2e0a
0010
024d
0000
280a
026d
0000
920a
0000
020d
0000
2c0a
0000
022d
0000
0010
024d
0000
2a0a
0000
022d
0000
960a
0010
900a
0000
026d
0000
920a
0000
020d
0000
940a
0000
022d
0000
2e0a
025d
0000
280a
0000
026d
0000
2a0a
0000
020d
0000
2c0a
0000
022d
0000
960a
025d
0000
900a
0000
026d
0000
2a0a
0000
020d
0000
940a
0000
022d
0000
2e0a
025d
0000
280a
0000
026d
0000
920a
0000
020d
0000
2c0a
0000
022d
0000
2e0a
025d
0000
280a
026d
0000
2a0a
0000
020d
0000
2c0a
0000
022d
0000
960a
0010
024d
0000
900a
026d
0000
0000
020d
0000
940a
0000
2e0a
0010
024d
0000
020a
280a
0000
026d
0000
020d
0000
2c0a
0000
0010
024d
0000
0000
0000
060a
0000
000a
0010
0000
040a
0000
0010
0000
0000
0000
0010
0000
0000
0000
0010
0000
0000
0000
022d
0000
023d
0000
8a1a
0000
026d
0000
0000
020d
0000
0000
022d
0000
0010
024d
0000
8a0a
026d
0000
020d
0000
8e0a
0000
022d
0000
880a
0010
024d
0000
0a0a
0000
026d
0000
8c0a
020d
0000
8e0a
0000
022d
0000
880a
0010
024d
0000
0a0a
0000
026d
0000
8c0a
020d
0000
0e0a
022d
0000
080a
0010
024d
0000
0a0a
0000
026d
0000
0c0a
920a
0000
020d
0000
0e0a
022d
0000
080a
0010
024d
0000
0000
026d
0000
0c0a
0000
020d
0000
0e0a
022d
0000
080a
960a
0010
024d
0000
0a0a
900a
0000
026d
0000
0c0a
920a
0000
020d
0000
940a
022d
0000
0010
024d
0000
0000
026d
0000
2a0a
0000
020d
0000
0e0a
022d
0000
080a
960a
025d
0000
900a
026d
0000
0c0a
2a0a
020d
0000
940a
022d
0000
2e0a
025d
0000
280a
026d
0000
2a0a
020d
0000
2c0a
022d
0000
2e0a
0010
024d
0000
280a
026d
0000
920a
0000
020d
0000
2c0a
0000
2e0a
0010
024d
0000
280a
0000
026d
0000
020d
0000
2c0a
0000
960a
0010
024d
0000
900a
0000
0000
940a
0000
0010
0000
03d0
022d
0000
0010
920a
0000
0000
022d
0000
0010
0000
026d
0000
0000
020d
0000
960a
025d
0000
900a
0000
026d
0000
920a
0000
020d
0000
940a
0000
022d
0000
0010
024d
0000
2a0a
0000
0000
022d
0000
960a
0010
900a
0000
026d
0000
2a0a
0000
020d
0000
940a
022d
0000
2e0a
0010
024d
0000
280a
0000
026d
0000
920a
0000
020d
0000
2c0a
022d
0000
2e0a
0010
024d
0000
280a
0000
026d
0000
2a0a
0000
020d
0000
2c0a
022d
0000
960a
025d
0000
900a
0000
026d
0000
2a0a
0000
020d
0000
940a
0000
022d
0000
2e0a
025d
0000
280a
0000
026d
0000
2a0a
0000
020d
0000
2c0a
0000
2e0a
0010
024d
0000
280a
026d
0000
0000
020d
0000
2c0a
0000
2e0a
0010
024d
0000
280a
0000
2c0a
0010
0000
0000
0000
0010
0000
0000
0000
0010
0000
0000
0000
0010
0000
0000
2ff0
0c2d
0000
0000
0001
462f
6ea3
466c
0000
0010
082d
0000
0000
0000
0000
0010
022a
0000
0010
0000
0000
0c6d
0000
0000
0010
0000
0000
086d
0000
0000
0c0d
0000
081d
0000
062a
083d
0000
0000
0c4d
0000
0000
0000
0010
082d
0000
002a
0000
084d
0000
8a2a
0000
0010
082d
0000
0000
8a2a
0000
042a
0000
0010
082d
0000
0000
0a2a
086d
0000
922a
0010
0b2d
0000
0000
0000
086d
0000
2a2a
0000
080d
0000
8e2a
0010
0a2d
0000
0000
086d
0000
2a2a
0000
080d
0000
8e2a
0010
0b2d
0000
882a
0000
084d
0000
0a0a
086d
0000
922a
0000
080d
0000
0e2a
0010
062d
0000
882a
962a
0000
084d
0000
086d
0000
8c2a
2a0a
0000
080d
0000
0010
0a2d
0000
082a
2e2a
0000
084d
0000
902a
7a0a
0b6d
0000
8c2a
0000
080d
0000
0010
2e2a
0000
084d
0000
282a
0000
0a6d
0000
0c2a
922a
0b0d
0000
942a
0010
082d
0000
962a
0000
084d
0000
282a
0000
0b6d
0000
2a2a
0a0d
0000
0e0a
2c2a
0010
082d
0000
0000
0b4d
0000
902a
0000
016d
0000
2a2a
0b0d
0000
2c2a
0010
082d
0000
080a
962a
0000
0a4d
0000
0000
066d
0000
0000
010d
0000
942a
083d
0000
2e0a
0000
0b4d
0000
0a2a
902a
0000
0a6d
0000
0c0a
0000
060d
0000
7e0a
083d
0000
2e2a
0000
014d
0000
8a2a
280a
0000
086d
0000
2a2a
0000
0a0d
0000
942a
083d
0000
2e2a
780a
0000
064d
0000
282a
0000
086d
0000
2a2a
0000
080d
0000
2c0a
083d
0000
0000
0a4d
0000
282a
0000
086d
0000
2a2a
7c0a
0000
080d
0000
0e2a
2c2a
083d
0000
0000
084d
0000
0000
086d
0000
2a2a
0000
080d
0000
8e2a
2c2a
083d
0000
082a
2e2a
0000
084d
0000
0000
086d
0000
0000
080d
0000
0010
882a
2e2a
084d
0000
022a
282a
0000
086d
0000
0c2a
0000
080d
0000
0010
2e2a
0000
084d
0000
282a
086d
0000
8c2a
0000
080d
0000
2c2a
0010
2e2a
0000
084d
0000
282a
0000
086d
0000
080d
0000
2c2a
0010
0000
084d
0000
282a
0000
0000
080d
0000
062a
2c2a
083d
0000
084d
0000
0000
0000
2c2a
0010
082d
0000
002a
0000
084d
0000
8a2a
0000
083d
0000
8a2a
042a
0000
0010
0000
0a2a
0000
086d
0000
0000
0010
0000
0000
086d
0000
080d
0000
8e2a
0010
0000
0000
086d
0000
0000
080d
0000
8e2a
0010
882a
0000
084d
0000
0000
080d
0000
0e2a
0010
882a
0000
084d
0000
0000
8c2a
0000
0010
082a
084d
0000
8c2a
0000
0010
0000
0000
0c2a
0000
0010
0000
0000
0000
0010
0000
0000
0120
082d
0000
0000
086d
0000
922a
0000
0010
082d
0000
962a
0000
084d
0000
0000
086d
0000
2a2a
080d
0000
942a
0010
082d
0000
2e2a
0000
084d
0000
902a
0000
086d
0000
2a2a
080d
0000
2c2a
0010
082d
0000
2e2a
0000
084d
0000
282a
0000
086d
0000
922a
080d
0000
2c2a
0010
082d
0000
962a
0000
084d
0000
282a
0000
086d
0000
0000
080d
0000
942a
0010
084d
0000
902a
0000
922a
0000
080d
0000
0010
082d
0000
962a
086d
0000
2a2a
942a
083d
0000
2e2a
0000
084d
0000
902a
0000
086d
0000
2a2a
0000
080d
0000
2c2a
083d
0000
2e2a
0000
084d
0000
282a
0000
086d
0000
0000
080d
0000
2c2a
083d
0000
0000
084d
0000
0a2a
282a
0000
086d
0000
0000
080d
0000
0e2a
0010
082d
0000
084d
0000
8a2a
0000
086d
0000
0c2a
2a2a
0000
080d
0000
8e2a
0010
082d
0000
082a
2e2a
084d
0000
0000
086d
0000
8c2a
2a2a
0000
080d
0000
2c2a
0010
082d
0000
882a
2e2a
084d
0000
282a
0000
086d
0000
2a2a
0000
080d
0000
2c2a
0010
082d
0000
2e2a
084d
0000
282a
0000
086d
0000
2a2a
0000
080d
0000
2c2a
0010
082d
0000
2e2a
084d
0000
282a
0000
086d
0000
2a2a
0000
080d
0000
2c2a
0010
082d
0000
2e2a
084d
0000
282a
086d
0000
2a2a
0000
080d
0000
2c2a
0010
082d
0000
2e2a
0000
084d
0000
282a
086d
0000
2a2a
0000
080d
0000
2c2a
0010
082d
0000
2e2a
0000
084d
0000
282a
086d
0000
2a2a
0000
080d
0000
2c2a
0010
082d
0000
2e2a
0000
084d
0000
282a
086d
0000
080d
0000
2c2a
0010
082d
0000
0000
084d
0000
8a2a
282a
0000
086d
0000
080d
0000
8e2a
083d
0000
0000
084d
0000
0a2a
0000
086d
0000
8c2a
0000
080d
0000
0e2a
083d
0000
882a
0000
084d
0000
8a2a
0000
086d
0000
0c2a
0000
080d
0000
8e2a
083d
0000
082a
084d
0000
0a2a
0000
086d
0000
8c2a
0000
080d
0000
0e2a
0010
082d
0000
882a
084d
0000
8a2a
0000
086d
0000
0c2a
0000
080d
0000
8e2a
0010
082d
0000
082a
084d
0000
0a2a
0000
086d
0000
8c2a
0000
080d
0000
0e2a
0010
082d
0000
882a
084d
0000
8a2a
086d
0000
0c2a
0000
080d
0000
8e2a
0010
082a
0000
084d
0000
0a2a
8c2a
080d
0000
0e2a
0010
882a
0000
0000
0c2a
0000
0010
082a
0000
0000
0000
0010
083d
0000
0000
086d
0000
0000
0010
082d
0000
0000
084d
0000
8a2a
0000
086d
0000
080d
0000
8e2a
0c3d
0000
0000
084d
0000
0a2a
0000
0c6d
0000
8c2a
0000
080d
0000
0e2a
083d
0000
882a
0000
0c4d
0000
0000
086d
0000
0c2a
0000
0c0d
0000
0010
082d
0000
082a
084d
0000
0a2a
0000
086d
0000
0000
080d
0000
0e2a
0010
082d
0000
0000
084d
0000
0a2a
086d
0000
0c2a
0000
080d
0000
0e2a
0010
082a
0000
084d
0000
0a2a
0c2a
080d
0000
0e2a
0010
082d
0000
082a
0000
6a2a
0000
086d
0000
0c2a
0000
6e2a
083a
084d
0000
0000
6c2a
0000
080d
0000
0010
682a
0000
0000
0000
0010
0000
0000
0020
082d
0000
0000
086d
0000
0000
0010
082d
0000
0000
084d
0000
0a2a
0000
086d
0000
080d
0000
0e2a
0010
042d
0000
0000
084d
0000
0a2a
0000
046d
0000
0c2a
0000
080d
0000
0e2a
083a
0000
044d
0000
0000
0c2a
0000
040d
0000
0010
082d
0000
082a
122a
0000
0010
082d
0000
0000
122a
0000
0000
0010
082d
0000
0000
122a
0000
0000
083d
0000
122a
0000
0000
0010
0000
084d
0000
0000
142a
0000
0010
0000
084d
0000
142a
0010
0000
084d
0000
0000
142a
0000
0010
0000
084d
0000
0000
142a
0000
0010
086d
0000
162a
0010
0000
086d
0000
0000
162a
0010
0000
0000
086d
0000
0000
162a
087d
0000
080d
0000
162a
0010
102a
0000
0000
0000
080d
0000
0010
102a
0000
0000
080d
0000
103a
0000
0000
0000
080d
0000
0010
102a
0000
0000
0000
0010
0000
0000
0200
082d
0000
0000
0000
0010
082d
0000
0000
0a2a
122a
0000
0000
0010
082d
0000
122a
0000
0010
082d
0000
0000
122a
0000
0000
0010
082d
0000
0000
084d
0000
122a
083d
0000
044d
0000
122a
0000
0c2a
0000
0010
082d
0000
0000
122a
0000
0000
0010
084d
0000
142a
0000
0010
042d
0000
0000
084d
0000
0000
086d
0000
142a
0000
0010
084d
0000
046d
0000
142a
0000
0e2a
0010
0000
084d
0000
0000
142a
0000
0010
0000
084d
0000
142a
0000
0010
0000
084d
0000
0000
142a
0000
080d
0000
0010
082d
0000
122a
0000
040d
0000
0010
082d
0000
082a
0000
044d
0000
122a
0000
0000
0010
0000
086d
0000
162a
0010
0000
0000
086d
0000
0000
162a
0010
0000
0000
086d
0000
0000
162a
0010
0000
086d
0000
0000
162a
0010
0000
0000
086d
0000
0000
162a
0010
0000
086d
0000
080d
0000
162a
0010
102a
0000
0000
0000
080d
0000
0010
102a
0000
0000
046d
0000
080d
0000
0010
102a
0000
0000
0000
080d
0000
0010
102a
0000
0000
0000
080d
0000
103a
0000
0000
0000
080d
0000
0010
102a
0000
0000
0000
0010
0000
084d
0000
142a
0000
040d
0000
0010
0000
084d
0000
0000
142a
0000
0010
0000
0000
086d
0000
162a
0010
0000
0000
086d
0000
0000
080d
0000
162a
0010
102a
0000
0000
0000
080d
0000
103a
0000
0000
0000
0010
0000
0000
0000
0010
0000
0000
0000
0010
0000
0180
082d
0000
0000
0000
0010
082d
0000
0000
0a2a
0000
0000
0010
082d
0000
0000
0a2a
0000
0010
082d
0000
0000
0a2a
0000
0000
0010
082d
0000
0000
0a2a
0000
0000
083d
0000
0a2a
0000
0000
0010
082d
0000
0000
0a2a
0000
0000
0010
082d
0000
0000
0a2a
0000
0010
082d
0000
0000
0a2a
0000
922a
0000
0010
082d
0000
0000
0000
922a
09d0
082d
0000
0000
922a
0000
0010
082d
0000
0000
0000
922a
0000
0010
082d
0000
922a
083d
0000
0000
0000
922a
0000
0010
0000
0000
0000
0010
082d
0000
0000
0000
922a
0010
082d
0000
0000
0000
922a
0000
0010
082d
0000
0000
0000
922a
0000
0010
082d
0000
0000
922a
0000
0010
0000
0000
0000
0010
082d
0000
0000
0000
922a
0000
083d
0000
0000
922a
0000
0010
082d
0000
0000
0000
0000
0010
082d
0000
0000
0a2a
083d
0000
0a2a
122a
0000
0000
0010
082d
0000
0000
122a
0000
0000
0010
082d
0000
122a
0000
0010
082d
0000
0000
122a
0000
0000
0010
0000
0000
0000
0010
0000
0000
0620
084d
0000
0000
0010
0000
084d
0000
0000
0c2a
0000
0010
0000
084d
0000
0000
0c2a
0010
0000
084d
0000
0000
0c2a
0000
0010
0000
084d
0000
0000
086d
0000
0c2a
085d
0000
086d
0000
0c2a
0000
0e2a
0010
0000
084d
0000
0000
086d
0000
0c2a
0000
0e2a
0010
084d
0000
0000
086d
0000
0c2a
0000
0e2a
0010
0000
084d
0000
0000
086d
0000
0c2a
080d
0000
0e2a
942a
0010
0000
084d
0000
0000
086d
0000
0000
080d
0000
0e2a
942a
083a
0000
084d
0000
0000
086d
0000
0000
080d
0000
0e2a
942a
0010
082a
084d
0000
086d
0000
0000
080d
0000
0e2a
942a
0010
082a
0000
084d
0000
0000
086d
0000
080d
0000
0e2a
942a
0010
082a
962a
0000
084d
0000
0000
086d
0000
0000
080d
0000
942a
083a
962a
0000
0000
086d
0000
0000
080d
0000
0010
082a
962a
0000
084d
0000
086d
0000
0000
080d
0000
942a
0010
082a
962a
0000
084d
0000
0000
086d
0000
080d
0000
942a
083a
962a
0000
084d
0000
902a
0000
086d
0000
0000
080d
0000
942a
963a
084d
0000
902a
0000
0000
080d
0000
942a
0010
0000
902a
0000
086d
0000
0000
080d
0000
963a
0000
084d
0000
902a
0000
086d
0000
0000
080d
0000
942a
0010
962a
084d
0000
902a
086d
0000
0000
080d
0000
942a
0010
962a
0000
084d
0000
902a
0000
086d
0000
0010
962a
0000
084d
0000
0000
0c2a
0000
080d
0000
0010
0000
084d
0000
902a
086d
0000
0c2a
142a
0000
080d
0000
0010
962a
0000
084d
0000
902a
0000
086d
0000
142a
080d
0000
0010
962a
0000
084d
0000
902a
0000
086d
0000
142a
0000
080d
0000
083d
0000
0000
084d
0000
902a
0000
086d
0000
142a
0000
0e2a
0010
082d
0000
0a2a
122a
046d
0000
0000
080d
0000
0e2a
0010
082d
0000
0000
902a
122a
0000
0000
080d
0000
083d
0000
0000
902a
122a
0000
0000
080d
0000
0010
082d
0000
0000
122a
080d
0000
083d
0000
082a
122a
0000
0000
040d
0000
0010
042d
0000
082a
0000
0000
086d
0000
162a
0010
0000
0000
086d
0000
0000
162a
0010
0000
0000
086d
0000
0000
162a
0010
0000
086d
0000
0000
080d
0000
162a
0010
102a
0000
0000
0000
080d
0000
103a
080d
0000
0010
102a
0000
0000
0000
080d
0000
0010
102a
0000
0000
0000
0010
082d
0000
122a
0000
0000
0010
082d
0000
0000
122a
0000
0000
0010
082d
0000
0000
122a
0000
0010
0000
0000
0000
0010
0000
0000
0000
0010
0000
0000
0000
0010
0000
0020
084d
0000
0000
0010
0000
084d
0000
0000
0c2a
142a
0000
0010
0000
084d
0000
142a
0010
0000
084d
0000
0000
142a
0000
0010
0000
084d
0000
0000
142a
0000
0010
084d
0000
142a
0000
0010
0000
084d
0000
0000
142a
0000
0010
0000
084d
0000
0000
142a
0010
0000
084d
0000
0000
142a
0000
0010
0000
0000
0000
0010
0000
0000
0000
0430
086d
0000
0010
0000
0000
086d
0000
0000
0e2a
162a
0010
0000
0000
086d
0000
162a
0010
0000
086d
0000
0000
162a
0010
0000
0000
086d
0000
0000
162a
0010
0000
086d
0000
162a
0010
0000
0000
086d
0000
0000
162a
0010
0000
0000
086d
0000
0000
162a
0010
0000
086d
0000
0000
162a
0010
0000
0000
0000
0010
0000
0000
0000
0010
0040
080d
0000
0010
0000
0000
080d
0000
0010
082a
102a
0000
0000
0000
080d
0000
103a
0000
0000
080d
0000
0010
102a
0000
0000
0000
080d
0000
0010
102a
0000
0000
080d
0000
103a
0000
0000
0000
080d
0000
0010
102a
0000
0000
0000
080d
0000
0010
102a
0000
0000
080d
0000
0010
102a
0000
0000
0000
0010
0000
0000
0000
0010
0000
00a0
082d
0000
0000
0000
0010
082d
0000
0000
0a2a
0000
0000
0010
082d
0000
0000
0a2a
0000
0010
082d
0000
0000
0a2a
0000
0000
0010
082d
0000
0000
0a2a
0000
0000
083d
0000
0a2a
0000
0000
0010
082d
0000
0000
0a2a
0000
0000
0010
082d
0000
0000
0a2a
0000
0010
082d
0000
0000
0a2a
0000
922a
0000
0010
082d
0000
0000
0000
922a
083d
0000
922a
0000
0010
082d
0000
0000
0000
922a
0000
0010
082d
0000
0000
0000
922a
0010
082d
0000
0000
0000
922a
0000
0010
082d
0000
0000
0000
922a
0000
0010
082d
0000
0000
922a
0000
0010
082d
0000
0000
0000
922a
0000
0010
082d
0000
0000
922a
0010
082d
0000
0000
0000
922a
0000
0010
082d
0000
0000
0000
922a
0000
0010
0c2d
0000
0000
0000
0010
082d
0000
0000
7a2a
0000
0000
0010
0000
0000
0000
0010
04e0
084d
0000
0000
0010
0000
084d
0000
0000
0c2a
0000
0010
0000
084d
0000
0000
0c2a
0010
0000
084d
0000
0000
0c2a
0000
0010
0000
084d
0000
0000
0c2a
0000
0010
084d
0000
0c2a
0000
0010
0000
084d
0000
0000
0c2a
0000
0010
0000
084d
0000
0000
0c2a
0010
0000
084d
0000
0000
0c2a
0000
942a
0010
0000
084d
0000
0000
0000
942a
085d
0000
942a
0010
0000
084d
0000
0000
0000
942a
0010
0000
084d
0000
0000
0000
942a
0010
084d
0000
0000
0000
942a
0010
0000
084d
0000
0000
0000
942a
0010
0000
084d
0000
0000
942a
0010
0000
084d
0000
0000
0000
942a
0010
0000
084d
0000
0000
942a
0010
084d
0000
0000
0000
942a
0010
0000
084d
0000
0000
0000
942a
0010
0000
0c4d
0000
0000
0010
0000
084d
0000
0000
7c2a
0000
0010
0000
0000
0000
0010
0000
0110
086d
0000
0010
0000
0000
086d
0000
0000
0e2a
0010
0000
0000
086d
0000
0000
0e2a
0010
0000
086d
0000
0000
0e2a
0010
0000
0000
086d
0000
0000
0e2a
0010
0000
086d
0000
0e2a
0010
0000
0000
086d
0000
0000
0e2a
0010
0000
0000
086d
0000
0000
0e2a
0010
0000
086d
0000
0000
0e2a
0010
962a
0000
0000
086d
0000
0000
0010
962a
086d
0000
963a
0000
0000
086d
0000
0000
0010
962a
0000
0000
086d
0000
0000
0010
962a
0000
086d
0000
0000
0010
962a
0000
0000
086d
0000
0000
0010
962a
0000
0000
086d
0000
0010
962a
0000
0000
086d
0000
0000
0010
962a
0000
0000
086d
0000
0000
963a
0000
086d
0000
0000
0010
962a
0000
0000
086d
0000
0000
0010
962a
0000
0000
0c6d
0000
0010
0000
0000
086d
0000
0000
080d
0000
7e2a
0010
0000
0000
0000
080d
0000
083a
0000
0000
0000
080d
0000
0010
082a
0000
0000
0000
080d
0000
0010
082a
080d
0000
083a
0000
0000
0000
080d
0000
0010
082a
0000
0000
0000
080d
0000
0010
082a
0000
0000
080d
0000
0010
082a
0000
0000
0000
080d
0000
0010
082a
0000
902a
080d
0000
903a
0000
0000
080d
0000
0010
0000
902a
0000
0000
080d
0000
0010
0000
902a
0000
080d
0000
0010
0000
902a
0000
0000
080d
0000
0010
0000
902a
0000
0000
080d
0000
0010
902a
0000
0000
080d
0000
0010
0000
902a
0000
0000
080d
0000
0010
902a
0000
080d
0000
0010
0000
902a
0000
0000
080d
0000
0010
0000
902a
0000
0000
080d
0000
0010
902a
0000
0000
0c0d
0000
0010
0000
0000
0000
080d
0000
0010
0f2d
0000
782a
0f4d
0000
0000
0f6d
0000
0000
0f0d
0000
0010
062d
0000
0000
064d
0000
066d
0000
060d
0000
0010
022d
0000
0000
024d
0000
0a0a
0000
026d
0000
0c0a
0000
020d
0000
0e0a
083d
0000
080a
0000
084d
0000
0a0a
0000
086d
0000
0c0a
0000
080d
0000
0e0a
023d
0000
080a
0000
024d
0000
0a2a
6a0a
0000
026d
0000
0c2a
6c0a
0000
020d
0000
0e2a
6e0a
0a3d
0000
082a
680a
0000
0a4d
0000
622a
0000
0a6d
0000
642a
0a0d
0000
662a
023d
0000
602a
0000
024d
0000
0a0a
0000
026d
0000
0c0a
0000
020d
0000
0e0a
033d
0000
080a
0000
034d
0000
0a0a
0000
036d
0000
0c0a
0000
030d
0000
0e0a
023d
0000
080a
0000
024d
0000
0000
026d
0000
0000
020d
0000
0010
0000
0000
e20a
e40a
0010
092d
0000
e60a
0000
094d
0000
e00a
0000
096d
0000
0000
090d
0000
083d
0000
044d
0000
0a2a
122a
0000
046d
0000
0c2a
0000
040d
0000
0e2a
0010
082a
084d
0000
142a
0000
0010
0000
0000
086d
0000
0000
080d
0000
162a
0010
102a
0000
083d
0000
044d
0000
122a
0000
046d
0000
0000
040d
0000
0010
0a2d
0000
0000
024d
0000
122a
026d
0000
0000
020d
0000
0010
082d
0000
0000
122a
0000
e20a
0000
e40a
033d
0000
e60a
0b4d
0000
e00a
0000
036d
0000
142a
0000
030d
0000
0010
012d
0000
094d
0000
016d
0000
142a
0000
010d
0000
0010
0000
084d
0000
0000
142a
0000
0010
086d
0000
162a
0010
0000
086d
0000
0000
162a
0010
0000
0000
086d
0000
0000
080d
0000
162a
023d
0000
102a
0000
024d
0000
0000
026d
0000
0000
0a0d
0000
0010
102a
e20a
080d
0000
e40a
013d
0000
e60a
102a
0000
014d
0000
e00a
0000
016d
0000
0000
010d
0000
0010
0000
0000
0010
0000
0000
0000
0010
0000
0000
0000
0010
0000
0000
0020
022d
0000
024d
0000
0000
026d
0000
0000
020d
0000
0010
0000
0000
e20a
0000
e40a
033d
0000
e60a
0000
034d
0000
e00a
0000
036d
0000
0000
030d
0000
0010
012d
0000
014d
0000
0000
016d
0000
0000
010d
0000
0010
0000
0000
0000
0010
0000
0000
0030
022d
0000
024d
0000
0000
026d
0000
0000
020d
0000
0010
0000
0000
e20a
0000
e40a
013d
0000
e60a
0000
014d
0000
e00a
0000
016d
0000
0000
010d
0000
0010
0000
0050
022d
0000
024d
0000
0000
026d
0000
0000
020d
0000
0010
0000
0000
e20a
0000
e40a
033d
0000
e60a
0000
034d
0000
e00a
0000
036d
0000
0000
030d
0000
0010
012d
0000
014d
0000
0000
016d
0000
0000
010d
0000
0010
0000
0000
0000
0010
0000
0000
0030
022d
0000
024d
0000
0000
026d
0000
0000
020d
0000
0010
0000
0000
e20a
0000
e40a
013d
0000
e60a
0000
014d
0000
e00a
0000
016d
0000
0000
010d
0000
0010
0000
0050
0a2d
0000
024d
0000
0000
026d
0000
0000
020d
0000
0010
082d
0000
0000
0a2a
122a
e20a
0000
e40a
0010
0a2d
0000
e60a
0000
024d
0000
e00a
7a0a
122a
0000
026d
0000
7c0a
020d
0000
7e0a
0010
082d
0000
780a
0000
122a
0000
0000
0010
082d
0000
122a
0000
0010
082d
0000
0000
084d
0000
122a
0000
0000
0010
082d
0000
0000
044d
0000
122a
0c2a
0000
0010
082d
0000
0000
122a
0000
0000
0010
082d
0000
0000
122a
085d
0000
142a
0000
0010
0000
084d
0000
0000
142a
0000
0010
0000
084d
0000
0000
142a
0010
0000
084d
0000
0000
142a
0000
0010
0000
084d
0000
0000
142a
0000
0010
084d
0000
142a
0000
0010
0000
084d
0000
0000
142a
0000
0010
0000
084d
0000
0000
142a
0010
0000
0000
0000
0010
0000
0000
0000
0010
0000
0000
0000
0010
0000
0000
0100
086d
0000
0010
0000
0000
086d
0000
0000
0e2a
162a
0010
0000
0000
086d
0000
162a
0010
0000
086d
0000
0000
162a
0010
0000
0000
086d
0000
0000
162a
0010
0000
086d
0000
080d
0000
162a
0010
0000
0000
086d
0000
0000
040d
0000
162a
0010
082a
086d
0000
162a
0010
0000
086d
0000
0000
080d
0000
162a
0010
102a
0000
0000
0000
080d
0000
103a
0000
0000
0000
080d
0000
0010
102a
0000
0000
0000
080d
0000
0010
102a
0000
0000
080d
0000
0010
102a
0000
0000
0000
080d
0000
0010
102a
0000
0000
080d
0000
103a
0000
0000
0000
080d
0000
0010
102a
0000
0000
0000
0010
0000
0000
00f0
082d
0000
0000
0000
0010
082d
0000
0000
0a2a
0000
0000
0010
082d
0000
0000
0a2a
0000
0010
082d
0000
0000
0a2a
0000
0000
0010
082d
0000
0000
0a2a
0000
0000
083d
0000
0a2a
0000
0000
0010
082d
0000
0000
0a2a
0000
0000
0010
082d
0000
0000
0a2a
0000
0010
082d
0000
0000
0a2a
0000
922a
0000
0010
082d
0000
0000
0000
922a
083d
0000
922a
0000
0010
082d
0000
0000
0000
922a
0000
0010
082d
0000
0000
0000
922a
0010
082d
0000
0000
0000
922a
0000
0010
082d
0000
0000
0000
922a
0000
0010
082d
0000
0000
922a
0000
0010
082d
0000
0000
0000
922a
0000
0010
082d
0000
0000
922a
0010
082d
0000
0000
0000
922a
0000
0010
082d
0000
0000
0000
922a
0000
0010
0c2d
0000
0000
0000
0010
082d
0000
0000
7a2a
0000
0000
0010
0000
0000
0000
0010
085d
0000
0000
0010
0000
084d
0000
0000
0c2a
0000
0010
0000
084d
0000
0000
0c2a
085d
0000
0c2a
0000
0010
0000
084d
0000
0000
0c2a
0000
0010
0000
084d
0000
0000
0c2a
0010
0000
084d
0000
0000
0c2a
0000
0010
0000
084d
0000
0000
0c2a
0000
0010
084d
0000
0c2a
0000
942a
0010
0000
084d
0000
0000
0000
942a
0010
0000
084d
0000
942a
085d
0000
0000
0000
942a
0010
0000
084d
0000
0000
0000
942a
0010
0000
084d
0000
0000
942a
0010
0000
084d
0000
0000
0000
942a
0010
0000
084d
0000
0000
0000
942a
0010
084d
0000
0000
0000
942a
0010
0000
084d
0000
0000
0000
942a
0010
0000
084d
0000
0000
942a
0010
0000
084d
0000
0000
0000
942a
0010
0000
0c4d
0000
0000
085d
0000
7c2a
0000
0010
0000
0000
0000
0010
0000
0000
0000
0010
0000
0000
0000
0050
086d
0000
0010
0000
0000
086d
0000
0000
0e2a
0010
0000
0000
086d
0000
0000
0e2a
0010
0000
086d
0000
0000
0e2a
0010
0000
0000
086d
0000
0000
0e2a
0010
0000
086d
0000
0e2a
0010
0000
0000
086d
0000
0000
0e2a
0010
0000
0000
086d
0000
0000
0e2a
0010
0000
086d
0000
0000
0e2a
0010
962a
0000
0000
086d
0000
0000
0010
962a
086d
0000
963a
0000
0000
086d
0000
0000
0010
962a
0000
0000
086d
0000
0000
0010
962a
0000
086d
0000
0000
0010
962a
0000
0000
086d
0000
0000
0010
962a
0000
0000
086d
0000
0010
962a
0000
0000
086d
0000
0000
0010
962a
0000
0000
086d
0000
0000
963a
0000
086d
0000
0000
0010
962a
0000
0000
086d
0000
0000
0010
962a
0000
0000
0c6d
0000
0010
0000
0000
086d
0000
0000
7e2a
0010
0000
0000
0000
0010
0000
0000
01d0
080d
0000
0010
0000
0000
080d
0000
0010
082a
0000
0000
0000
080d
0000
0010
082a
0000
0000
080d
0000
0010
082a
0000
0000
0000
080d
0000
0010
082a
0000
0000
080d
0000
083a
0000
0000
0000
080d
0000
0010
082a
0000
0000
0000
080d
0000
0010
082a
0000
0000
080d
0000
0010
082a
0000
902a
0000
0000
080d
0000
0010
0000
902a
080d
0000
903a
0000
0000
080d
0000
0010
0000
902a
0000
0000
080d
0000
0010
0000
902a
0000
080d
0000
0010
0000
902a
0000
0000
080d
0000
0010
0000
902a
0000
0000
080d
0000
0010
902a
0000
0000
080d
0000
0010
0000
902a
0000
0000
080d
0000
0010
902a
0000
080d
0000
0010
0000
902a
0000
0000
080d
0000
0010
0000
902a
0000
0000
0c0d
0000
0010
0000
0000
080d
0000
0010
0f2d
0000
782a
0000
0f4d
0000
0000
0f6d
0000
0f0d
0000
0010
062d
0000
0000
064d
0000
0000
066d
0000
0000
060d
0000
0010
082d
0000
084d
0000
0a0a
0000
086d
0000
0c0a
0000
080d
0000
0e0a
0010
022d
0000
080a
024d
0000
0a2a
620a
0000
026d
0000
0c2a
640a
0000
020d
0000
0e2a
660a
0010
082d
0000
082a
600a
084d
0000
622a
0000
086d
0000
642a
0000
080d
0000
662a
0010
602a
0000
0000
0010
0000
0000
0000
0010
0000
0000
0000
0010
032d
0000
0000
034d
0000
036d
0000
0000
030d
0000
0010
0a2d
0000
0000
0a4d
0000
0000
0a6d
0000
0000
0a0d
0000
083d
0000
0000
044d
0000
0a2a
122a
0000
046d
0000
0c2a
e20a
0000
040d
0000
0e2a
e40a
083a
e60a
0000
084d
0000
e00a
0000
142a
0000
0010
012d
0000
0000
014d
0000
096d
0000
0000
090d
0000
162a
0010
042d
0000
102a
0000
044d
0000
0000
046d
0000
040d
0000
0010
082d
0000
0000
122a
0000
0000
0010
082d
0000
0000
122a
083d
0000
122a
0000
0000
0010
022d
0000
0000
0a4d
0000
0000
026d
0000
142a
0000
020d
0000
0010
084d
0000
0000
e20a
142a
0000
e40a
0010
032d
0000
e60a
0000
0b4d
0000
e00a
036d
0000
142a
0000
030d
0000
0010
012d
0000
0000
014d
0000
0000
096d
0000
010d
0000
162a
0010
0000
0000
086d
0000
0000
162a
0010
0000
0000
086d
0000
080d
0000
162a
103a
0000
0000
0000
080d
0000
0010
102a
0000
0000
0000
080d
0000
023d
0000
102a
024d
0000
0000
026d
0000
0000
020d
0000
0010
0000
0000
e20a
0000
e40a
013d
0000
e60a
0000
014d
0000
e00a
0000
016d
0000
0000
010d
0000
0010
0000
0050
022d
0000
024d
0000
0000
026d
0000
0000
020d
0000
0010
0000
0000
e20a
0000
e40a
033d
0000
e60a
0000
034d
0000
e00a
0000
036d
0000
0000
030d
0000
0010
012d
0000
014d
0000
0000
016d
0000
0000
010d
0000
0010
0000
0000
0000
0010
082d
0000
083d
0000
0a2a
122a
0000
0000
0010
082d
0000
0000
122a
0000
0000
0010
0a2d
0000
0a4d
0000
122a
026d
0000
0000
020d
0000
0010
082d
0000
0000
044d
0000
122a
0000
0c2a
e20a
e40a
0010
092d
0000
e60a
0000
014d
0000
e00a
122a
0000
016d
0000
0000
010d
0000
043d
0000
0000
084d
0000
0000
086d
0000
142a
0000
0010
0000
084d
0000
046d
0000
142a
0e2a
0010
0000
084d
0000
0000
142a
0000
0010
0000
084d
0000
0000
142a
080d
0000
0010
0000
084d
0000
0000
142a
0000
040d
0000
0010
0a2d
0000
082a
064d
0000
122a
026d
0000
0000
020d
0000
0010
082d
0000
0000
122a
0000
e20a
0000
e40a
0b3d
0000
e60a
0000
034d
0000
e00a
122a
0000
036d
0000
0000
030d
0000
0010
012d
0000
014d
0000
0000
096d
0000
0000
010d
0000
162a
0010
0000
0000
086d
0000
162a
0010
0000
086d
0000
0000
162a
0010
0000
0000
086d
0000
0000
162a
0010
0000
086d
0000
080d
0000
162a
0010
022d
0000
102a
0000
024d
0000
0000
066d
0000
0000
0a0d
0000
103a
0000
0000
e20a
0000
080d
0000
e40a
0010
012d
0000
e60a
102a
0000
014d
0000
e00a
016d
0000
0000
090d
0000
0010
102a
0000
0000
0000
080d
0000
0010
102a
0000
0000
040d
0000
0010
0000
084d
0000
0000
142a
0000
0010
0000
084d
0000
142a
0010
0000
084d
0000
0000
142a
0000
0010
022d
0000
0000
024d
0000
0000
0a6d
0000
020d
0000
162a
0010
0000
0000
086d
0000
e20a
0000
e40a
162a
0010
022d
0000
e60a
024d
0000
e00a
7a0a
0000
0a6d
0000
7c0a
0000
0a0d
0000
7e0a
162a
0010
780a
102a
0000
0000
080d
0000
0010
102a
0000
0000
0000
080d
0000
0010
102a
0000
0000
01d0
082d
0000
0000
0000
0010
082d
0000
0000
0a2a
0000
0000
0010
082d
0000
0000
0a2a
0000
0010
082d
0000
0000
0a2a
0000
0000
0010
082d
0000
0000
0a2a
0000
0000
083d
0000
0a2a
0000
0000
0010
082d
0000
0000
0a2a
0000
0000
0010
082d
0000
0000
0a2a
0000
0010
082d
0000
0000
0a2a
0000
922a
0000
0010
082d
0000
0000
0000
922a
083d
0000
922a
0000
0010
082d
0000
0000
0000
922a
0000
0010
082d
0000
0000
0000
922a
0010
082d
0000
0000
0000
922a
0000
0010
082d
0000
0000
0000
922a
0000
0010
082d
0000
0000
922a
0000
0010
082d
0000
0000
0000
922a
0000
0010
082d
0000
0000
922a
0010
082d
0000
0000
0000
922a
0000
0010
082d
0000
0000
0000
922a
0000
0010
0c2d
0000
0000
0000
0010
082d
0000
0000
7a2a
0000
0000
0010
0000
0000
0000
0010
0160
084d
0000
0000
0010
0000
084d
0000
0000
0c2a
0000
0010
0000
084d
0000
0000
0c2a
0010
0000
084d
0000
0000
0c2a
0000
0010
0000
084d
0000
0000
0c2a
0000
0010
084d
0000
0c2a
0000
0010
0000
084d
0000
0000
0c2a
0000
0010
0000
084d
0000
0000
0c2a
0010
0000
084d
0000
0000
0c2a
0000
942a
0010
0000
084d
0000
0000
0000
942a
085d
0000
942a
0010
0000
084d
0000
0000
0000
942a
0010
0000
084d
0000
0000
0000
942a
0010
084d
0000
0000
0000
942a
0010
0000
084d
0000
0000
0000
942a
0010
0000
084d
0000
0000
942a
0010
0000
084d
0000
0000
0000
942a
0010
0000
084d
0000
0000
942a
0010
084d
0000
0000
0000
942a
0010
0000
084d
0000
0000
0000
942a
0010
0000
0c4d
0000
0000
0010
0000
084d
0000
0000
086d
0000
7c2a
0000
0010
0000
0000
086d
0000
0e2a
0010
0000
0000
086d
0000
0000
0e2a
0010
0000
0000
086d
0000
0000
0e2a
087d
0000
0e2a
0010
0000
0000
086d
0000
0000
0e2a
0010
0000
0000
086d
0000
0000
0e2a
0010
0000
086d
0000
0000
0e2a
0010
0000
0000
086d
0000
0000
0e2a
0010
962a
086d
0000
963a
0000
0000
086d
0000
0000
080d
0000
0010
962a
0000
0000
086d
0000
080d
0000
083a
962a
0000
0000
086d
0000
0000
080d
0000
0010
082a
962a
0000
0000
086d
0000
080d
0000
0010
082a
962a
0000
0000
086d
0000
0000
080d
0000
0010
082a
962a
0000
086d
0000
0000
080d
0000
0010
082a
962a
0000
0000
086d
0000
0000
080d
0000
083a
962a
0000
0000
086d
0000
0000
080d
0000
0010
082a
962a
0000
0000
086d
0000
080d
0000
0010
082a
962a
0000
902a
0000
086d
0000
0000
080d
0000
0010
962a
902a
0c6d
0000
0000
080d
0000
0010
0000
902a
0000
086d
0000
0000
080d
0000
7e2a
903a
080d
0000
0010
0000
902a
0000
0000
080d
0000
0010
0000
902a
0000
0000
080d
0000
0010
902a
0000
0000
080d
0000
0010
0000
902a
0000
0000
080d
0000
0010
0000
902a
0000
080d
0000
0010
0000
902a
0000
0000
080d
0000
0010
0000
902a
0000
0000
080d
0000
0010
902a
0000
0000
0c0d
0000
0010
0000
0000
0000
080d
0000
0010
0f2d
0000
782a
0f4d
0000
0000
0f6d
0000
0000
0f0d
0000
0010
062d
0000
0000
064d
0000
066d
0000
060d
0000
0010
082d
0000
0000
084d
0000
0a0a
0000
086d
0000
0c0a
0000
080d
0000
0e0a
023d
0000
080a
0000
024d
0000
0a2a
620a
0000
026d
0000
0c2a
640a
020d
0000
0e2a
660a
083d
0000
082a
600a
0000
084d
0000
622a
0000
086d
0000
642a
080d
0000
662a
603a
0000
0000
0000
0010
0000
0000
0000
0010
0000
0000
0000
0010
032d
0000
034d
0000
0000
036d
0000
0000
030d
0000
0010
0a2d
0000
0000
0a4d
0000
0a6d
0000
0a0d
0000
0010
082d
0000
0000
044d
0000
0a2a
122a
0000
046d
0000
0c2a
e20a
040d
0000
0e2a
e40a
0010
082a
e60a
0000
084d
0000
e00a
0000
142a
0000
0010
012d
0000
014d
0000
0000
096d
0000
0000
090d
0000
162a
0010
042d
0000
102a
0000
044d
0000
046d
0000
0000
040d
0000
0010
082d
0000
0000
122a
0000
0000
0010
082d
0000
122a
0000
0000
0010
082d
0000
0000
122a
0000
0000
0010
022d
0000
0000
0a4d
0000
026d
0000
142a
0000
020d
0000
0010
0000
084d
0000
0000
e20a
142a
0000
e40a
033d
0000
e60a
0b4d
0000
e00a
0000
036d
0000
142a
0000
030d
0000
0010
012d
0000
014d
0000
096d
0000
0000
010d
0000
162a
0010
0000
0000
086d
0000
0000
162a
0010
086d
0000
080d
0000
162a
103a
0000
0000
0000
080d
0000
0010
102a
0000
0000
0000
080d
0000
023d
0000
102a
0000
024d
0000
0000
026d
0000
0000
020d
0000
0010
0000
e20a
e40a
0010
012d
0000
e60a
0000
014d
0000
e00a
0000
016d
0000
0000
010d
0000
0060
022d
0000
024d
0000
0000
026d
0000
0000
020d
0000
0010
0000
0000
e20a
0000
e40a
033d
0000
e60a
0000
034d
0000
e00a
0000
036d
0000
0000
030d
0000
0010
012d
0000
014d
0000
0000
016d
0000
0000
010d
0000
0010
0000
0000
0000
0010
082d
0000
083d
0000
0a2a
122a
0000
0000
0010
082d
0000
0000
122a
0000
0000
0010
0a2d
0000
024d
0000
122a
026d
0000
0000
020d
0000
0010
082d
0000
0000
122a
0000
e20a
0000
e40a
093d
0000
e60a
0000
014d
0000
e00a
122a
0000
016d
0000
0000
010d
0000
0010
082d
0000
122a
0000
0000
0010
082d
0000
0000
084d
0000
122a
0000
0000
0010
082d
0000
044d
0000
122a
0000
0c2a
0000
0010
0000
084d
0000
0000
142a
0000
0010
0000
084d
0000
142a
0000
0010
022d
0000
0000
0a4d
0000
0000
026d
0000
142a
0000
020d
0000
0010
084d
0000
0000
e20a
142a
0000
e40a
0010
032d
0000
e60a
0000
0b4d
0000
e00a
036d
0000
142a
0000
030d
0000
0010
012d
0000
0000
094d
0000
0000
016d
0000
142a
010d
0000
0010
0000
084d
0000
0000
142a
0000
0010
0000
084d
0000
0000
142a
0030
022d
0000
024d
0000
0000
026d
0000
0000
020d
0000
0010
0000
0000
e20a
0000
e40a
013d
0000
e60a
0000
014d
0000
e00a
0000
016d
0000
0000
010d
0000
0010
0000
0050
022d
0000
024d
0000
0000
026d
0000
0000
020d
0000
0010
0000
0000
086d
0000
e20a
e40a
0010
022d
0000
e60a
0000
024d
0000
e00a
7a0a
0000
0a6d
0000
7c0a
0000
020d
0000
0e2a
7e0a
162a
781a
0000
0000
086d
0000
0000
162a
0010
0000
0000
086d
0000
162a
0010
0000
0000
086d
0000
0000
162a
0010
0000
0000
086d
0000
0000
162a
087d
0000
162a
0010
0000
0000
086d
0000
0000
162a
0010
0000
0000
086d
0000
0000
162a
0010
0000
0000
0010
0000
0000
0000
0010
0000
0000
0000
0010
0000
0000
0000
080d
0000
0010
0000
0000
080d
0000
0010
082a
102a
0000
0000
0000
080d
0000
0010
102a
0000
0000
080d
0000
0010
102a
0000
0000
0000
080d
0000
0010
102a
0000
0000
080d
0000
103a
0000
0000
0000
080d
0000
0010
102a
0000
0000
0000
080d
0000
0010
102a
0000
0000
080d
0000
0010
102a
0000
0000
0000
0010
0000
0000
0000
0010
0000
02c0
082d
0000
0000
0000
0010
082d
0000
0000
0a2a
0000
0000
0010
082d
0000
0000
0a2a
0000
0010
082d
0000
0000
0a2a
0000
0000
0010
082d
0000
0000
0a2a
0000
0000
083d
0000
0a2a
0000
0000
0010
082d
0000
0000
0a2a
0000
0000
0010
082d
0000
0000
0a2a
0000
0010
082d
0000
0000
0a2a
0000
922a
0000
0010
082d
0000
0000
0000
922a
083d
0000
922a
0000
0010
082d
0000
0000
0000
922a
0000
0010
082d
0000
0000
0000
922a
0010
082d
0000
0000
0000
922a
0000
0010
082d
0000
0000
0000
922a
0000
0010
082d
0000
0000
922a
0000
0010
082d
0000
0000
0000
922a
0000
0010
082d
0000
0000
084d
0000
922a
0000
0010
082d
0000
0000
084d
0000
0000
0c2a
922a
0000
0010
082d
0000
084d
0000
0000
0c2a
922a
0000
0010
0c2d
0000
0000
084d
0000
0000
0c2a
0000
083d
0000
084d
0000
7a2a
0000
0c2a
0000
0010
0000
084d
0000
0000
0c2a
0000
0010
084d
0000
0c2a
0000
0010
0000
084d
0000
0000
0c2a
0000
0010
0000
084d
0000
0000
0c2a
942a
0010
0000
084d
0000
0000
0000
942a
0010
0000
084d
0000
0000
0000
942a
085d
0000
942a
0010
0000
084d
0000
0000
0000
942a
0010
0000
084d
0000
0000
0000
942a
0010
084d
0000
0000
0000
942a
0010
0000
084d
0000
0000
0000
942a
0010
0000
084d
0000
0000
942a
0010
0000
084d
0000
0000
0000
942a
0010
0000
084d
0000
0000
942a
0010
084d
0000
0000
0000
942a
0010
0000
0c4d
0000
0000
0000
0010
0000
084d
0000
7c2a
0000
0010
0000
0000
0000
0010
0000
0000
0000
0010
0000
0000
0000
0010
00b0
086d
0000
0010
0000
0000
086d
0000
0000
0e2a
0010
0000
0000
086d
0000
0000
0e2a
0010
0000
086d
0000
0000
0e2a
0010
0000
0000
086d
0000
0000
0e2a
0010
0000
086d
0000
0e2a
0010
0000
0000
086d
0000
0000
0e2a
0010
0000
0000
086d
0000
0000
0e2a
0010
0000
086d
0000
0000
0e2a
0010
962a
0000
0000
086d
0000
0000
0010
962a
086d
0000
963a
0000
0000
086d
0000
0000
0010
962a
0000
0000
086d
0000
0000
0010
962a
0000
086d
0000
0000
0010
962a
0000
0000
086d
0000
0000
0010
962a
0000
0000
086d
0000
0010
962a
0000
0000
086d
0000
0000
0010
962a
0000
0000
086d
0000
0000
963a
0000
086d
0000
0000
0010
962a
0000
0000
086d
0000
0000
0010
962a
0000
0000
0c6d
0000
0010
0000
0000
086d
0000
0000
7e2a
0010
0000
0000
0000
0010
0000
0000
00f0
080d
0000
0010
0000
0000
080d
0000
0010
082a
0000
0000
0000
080d
0000
0010
082a
0000
0000
080d
0000
0010
082a
0000
0000
0000
080d
0000
0010
082a
0000
0000
080d
0000
083a
0000
0000
0000
080d
0000
0010
082a
0000
0000
0000
080d
0000
0010
082a
0000
0000
080d
0000
0010
082a
0000
902a
0000
0000
080d
0000
0010
0000
902a
080d
0000
903a
0000
0000
080d
0000
0010
0000
902a
0000
0000
080d
0000
0010
0000
902a
0000
080d
0000
0010
0000
902a
0000
0000
080d
0000
0010
0000
902a
0000
0000
080d
0000
0010
902a
0000
0000
080d
0000
0010
0000
902a
0000
0000
080d
0000
0010
902a
0000
080d
0000
0010
0000
902a
0000
0000
080d
0000
0010
0000
902a
0000
0000
0c0d
0000
0010
0000
0000
080d
0000
0010
0f2d
0000
782a
0000
0f4d
0000
0000
0f6d
0000
0f0d
0000
0010
062d
0000
0000
064d
0000
0000
066d
0000
0000
060d
0000
0010
082d
0000
084d
0000
0a0a
0000
086d
0000
0c0a
0000
080d
0000
0e0a
0010
022d
0000
080a
024d
0000
0a2a
620a
0000
026d
0000
0c2a
640a
0000
020d
0000
0e2a
660a
0010
082d
0000
082a
600a
084d
0000
622a
0000
086d
0000
642a
0000
080d
0000
662a
0010
602a
0000
0000
0010
0000
0000
0000
0010
0000
0000
0000
0010
032d
0000
0000
034d
0000
036d
0000
0000
030d
0000
0010
0a2d
0000
0000
0a4d
0000
0000
0a6d
0000
0000
0a0d
0000
083d
0000
0000
044d
0000
0a2a
122a
0000
046d
0000
0c2a
e20a
0000
040d
0000
0e2a
e40a
083a
e60a
0000
084d
0000
e00a
0000
142a
0000
0010
012d
0000
0000
014d
0000
096d
0000
0000
090d
0000
162a
0010
042d
0000
102a
0000
044d
0000
0000
046d
0000
040d
0000
0010
082d
0000
0000
122a
0000
0000
0010
082d
0000
0000
122a
083d
0000
122a
0000
0000
0010
022d
0000
0000
0a4d
0000
0000
026d
0000
142a
0000
020d
0000
0010
084d
0000
0000
e20a
142a
0000
e40a
0010
032d
0000
e60a
0000
0b4d
0000
e00a
036d
0000
142a
0000
030d
0000
0010
012d
0000
0000
014d
0000
0000
096d
0000
010d
0000
162a
0010
0000
0000
086d
0000
0000
162a
0010
0000
0000
086d
0000
080d
0000
162a
103a
0000
0000
0000
080d
0000
0010
102a
0000
0000
0000
080d
0000
023d
0000
102a
024d
0000
0000
026d
0000
0000
020d
0000
0010
0000
0000
e20a
0000
e40a
013d
0000
e60a
0000
014d
0000
e00a
0000
016d
0000
0000
010d
0000
0010
0000
0050
022d
0000
024d
0000
0000
026d
0000
0000
020d
0000
0010
0000
0000
e20a
0000
e40a
033d
0000
e60a
0000
034d
0000
e00a
0000
036d
0000
0000
030d
0000
0010
012d
0000
014d
0000
0000
016d
0000
0000
010d
0000
0010
0000
0000
0000
0010
082d
0000
083d
0000
0a2a
122a
0000
0000
0010
082d
0000
0000
122a
0000
0000
0010
0a2d
0000
0a4d
0000
122a
026d
0000
0000
020d
0000
0010
082d
0000
0000
044d
0000
122a
0000
0c2a
e20a
e40a
0010
092d
0000
e60a
0000
014d
0000
e00a
122a
0000
016d
0000
0000
010d
0000
043d
0000
0000
084d
0000
0000
086d
0000
142a
0000
0010
0000
084d
0000
046d
0000
142a
0e2a
0010
0000
084d
0000
0000
142a
0000
0010
0000
084d
0000
0000
142a
0010
0000
084d
0000
0000
142a
0000
080d
0000
0010
0a2d
0000
0000
064d
0000
122a
026d
0000
0000
060d
0000
0010
082d
0000
082a
0000
122a
0000
e20a
0000
e40a
0b3d
0000
e60a
034d
0000
e00a
122a
0000
036d
0000
0000
030d
0000
0010
012d
0000
014d
0000
096d
0000
0000
010d
0000
162a
0010
0000
0000
086d
0000
0000
162a
0010
086d
0000
162a
0010
0000
086d
0000
0000
162a
0010
0000
0000
086d
0000
0000
162a
023d
0000
0a4d
0000
0000
066d
0000
142a
0000
020d
0000
0010
0000
084d
0000
0000
e20a
142a
e40a
0010
012d
0000
e60a
0000
094d
0000
e00a
0000
016d
0000
142a
0000
090d
0000
103a
0000
0000
0000
080d
0000
0010
102a
0000
0000
0000
080d
0000
0010
102a
0000
0000
080d
0000
0010
102a
0000
0000
0000
080d
0000
0010
102a
0000
0000
040d
0000
023d
0000
0000
024d
0000
0000
0a6d
0000
0000
020d
0000
162a
0010
0000
086d
0000
e20a
e40a
162a
0010
022d
0000
e60a
0000
024d
0000
e00a
7a0a
0000
0a6d
0000
7c0a
0a0d
0000
7e0a
162a
0010
780a
102a
0000
0000
0000
080d
0000
0010
102a
080d
0000
103a
0000
0000
0000
0010
0000
0000
0000
0010
0000
0000
0000
0010
0000
01f0
082d
0000
0000
0000
0010
082d
0000
0000
0a2a
0000
0000
0010
082d
0000
0000
0a2a
0000
0010
082d
0000
0000
0a2a
0000
0000
0010
082d
0000
0000
0a2a
0000
0000
083d
0000
0a2a
0000
0000
0010
082d
0000
0000
0a2a
0000
0000
0010
082d
0000
0000
0a2a
0000
0010
082d
0000
0000
0a2a
0000
922a
0000
0010
082d
0000
0000
0000
922a
083d
0000
922a
0000
0010
082d
0000
0000
0000
922a
0000
0010
082d
0000
0000
0000
922a
0010
082d
0000
0000
0000
922a
0000
0010
082d
0000
0000
0000
922a
0000
0010
082d
0000
0000
922a
0000
0010
082d
0000
0000
0000
922a
0000
0010
082d
0000
0000
922a
0010
082d
0000
0000
0000
922a
0000
0010
082d
0000
0000
0000
922a
0000
0010
0c2d
0000
0000
0000
0010
082d
0000
0000
7a2a
0000
0000
0010
0000
0000
0000
0010
00a0
084d
0000
0000
0010
0000
084d
0000
0000
0c2a
0000
0010
0000
084d
0000
0000
0c2a
0010
0000
084d
0000
0000
0c2a
0000
0010
0000
084d
0000
0000
0c2a
0000
0010
084d
0000
0c2a
0000
0010
0000
084d
0000
0000
0c2a
0000
0010
0000
084d
0000
0000
0c2a
0010
0000
084d
0000
0000
0c2a
0000
942a
0010
0000
084d
0000
0000
0000
942a
085d
0000
942a
0010
0000
084d
0000
0000
0000
942a
0010
0000
084d
0000
0000
0000
942a
0010
084d
0000
0000
0000
942a
0010
0000
084d
0000
0000
0000
942a
0010
0000
084d
0000
0000
942a
0010
0000
084d
0000
0000
0000
942a
0010
0000
084d
0000
0000
942a
0010
084d
0000
0000
0000
942a
0010
0000
084d
0000
0000
0000
942a
0010
0000
0c4d
0000
0000
0010
0000
084d
0000
0000
7c2a
0000
0010
0000
0000
0000
0010
0000
00e0
086d
0000
0010
0000
0000
086d
0000
0000
0e2a
0010
0000
0000
086d
0000
0000
0e2a
0010
0000
086d
0000
0000
0e2a
0010
0000
0000
086d
0000
0000
0e2a
0010
0000
086d
0000
0e2a
0010
0000
0000
086d
0000
0000
0e2a
0010
0000
0000
086d
0000
0000
0e2a
0010
0000
086d
0000
0000
0e2a
0010
962a
0000
0000
086d
0000
0000
0010
962a
086d
0000
963a
0000
0000
086d
0000
0000
0010
962a
0000
0000
086d
0000
0000
0010
962a
0000
086d
0000
0000
0010
962a
0000
0000
086d
0000
0000
0010
962a
0000
0000
086d
0000
0010
962a
0000
0000
086d
0000
0000
0010
962a
0000
0000
086d
0000
0000
963a
0000
086d
0000
0000
0010
962a
0000
0000
086d
0000
0000
080d
0000
0010
962a
0c6d
0000
080d
0000
083a
0000
0000
086d
0000
0000
080d
0000
7e2a
0010
082a
0000
080d
0000
083a
0000
0000
080d
0000
0010
082a
0000
0000
0000
080d
0000
0010
082a
080d
0000
083a
0000
0000
0000
080d
0000
0010
082a
0000
0000
0000
080d
0000
0010
082a
902a
0000
0000
080d
0000
0010
0000
902a
0000
0000
080d
0000
0010
0000
902a
080d
0000
903a
0000
0000
080d
0000
0010
0000
902a
0000
0000
080d
0000
0010
0000
902a
0000
080d
0000
0010
0000
902a
0000
0000
080d
0000
0010
0000
902a
0000
0000
080d
0000
0010
902a
0000
0000
080d
0000
0010
0000
902a
0000
0000
080d
0000
0010
902a
0000
080d
0000
0010
0000
902a
0000
0000
0c0d
0000
0010
0000
0000
0000
080d
0000
0f3d
0000
782a
0000
0f4d
0000
0000
0f6d
0000
0000
0f0d
0000
0010
062d
0000
064d
0000
066d
0000
0000
060d
0000
0010
082d
0000
0000
084d
0000
0a0a
0000
086d
0000
0c0a
080d
0000
0e0a
0010
022d
0000
080a
0000
024d
0000
0a2a
620a
0000
026d
0000
0c2a
640a
020d
0000
0e2a
660a
0010
082d
0000
082a
600a
0000
084d
0000
622a
086d
0000
642a
080d
0000
662a
0010
602a
0000
0000
0000
0010
0000
0000
0000
0010
033d
0000
034d
0000
0000
036d
0000
0000
030d
0000
0010
0a2d
0000
0000
0a4d
0000
0a6d
0000
0a0d
0000
0010
082d
0000
0000
044d
0000
0a2a
122a
0000
046d
0000
0c2a
e20a
040d
0000
0e2a
e40a
0010
082a
e60a
0000
084d
0000
e00a
0000
142a
0000
0010
012d
0000
014d
0000
0000
096d
0000
0000
090d
0000
162a
0010
042d
0000
102a
0000
044d
0000
046d
0000
0000
040d
0000
0010
082d
0000
0000
122a
0000
0000
0010
082d
0000
122a
0000
0000
0010
082d
0000
0000
122a
0000
0000
0010
022d
0000
0000
0a4d
0000
026d
0000
142a
0000
020d
0000
0010
0000
084d
0000
0000
e20a
142a
0000
e40a
033d
0000
e60a
0b4d
0000
e00a
0000
036d
0000
142a
0000
030d
0000
0010
012d
0000
014d
0000
096d
0000
0000
010d
0000
162a
0010
0000
0000
086d
0000
0000
162a
0010
086d
0000
080d
0000
162a
103a
0000
0000
0000
080d
0000
0010
102a
0000
0000
0000
080d
0000
023d
0000
102a
0000
024d
0000
0000
026d
0000
0000
020d
0000
0010
0000
e20a
e40a
0010
012d
0000
e60a
0000
014d
0000
e00a
0000
016d
0000
0000
010d
0000
0060
022d
0000
024d
0000
0000
026d
0000
0000
020d
0000
0010
0000
0000
e20a
0000
e40a
033d
0000
e60a
0000
034d
0000
e00a
0000
036d
0000
0000
030d
0000
0010
012d
0000
014d
0000
0000
016d
0000
0000
010d
0000
0010
0000
0000
0000
0010
082d
0000
083d
0000
0a2a
122a
0000
0000
0010
082d
0000
0000
122a
0000
0000
0010
0a2d
0000
0a4d
0000
122a
026d
0000
0000
020d
0000
0010
082d
0000
0000
044d
0000
122a
0000
0c2a
e20a
e40a
0010
092d
0000
e60a
0000
014d
0000
e00a
122a
0000
016d
0000
0000
010d
0000
043d
0000
0000
084d
0000
0000
086d
0000
142a
0000
0010
0000
084d
0000
046d
0000
142a
0e2a
0010
0000
084d
0000
0000
142a
0000
0010
0000
084d
0000
0000
142a
080d
0000
0010
0000
084d
0000
0000
142a
0000
040d
0000
0010
0a2d
0000
082a
064d
0000
122a
026d
0000
0000
020d
0000
0010
082d
0000
0000
122a
0000
e20a
0000
e40a
0b3d
0000
e60a
0000
034d
0000
e00a
122a
0000
036d
0000
0000
030d
0000
0010
012d
0000
014d
0000
0000
096d
0000
0000
010d
0000
162a
0010
0000
0000
086d
0000
162a
0010
0000
086d
0000
0000
162a
0010
0000
0000
086d
0000
0000
162a
0010
0000
086d
0000
080d
0000
162a
0010
022d
0000
102a
0000
024d
0000
0000
066d
0000
0000
0a0d
0000
103a
0000
0000
e20a
0000
080d
0000
e40a
0010
012d
0000
e60a
102a
0000
014d
0000
e00a
016d
0000
0000
090d
0000
0010
102a
0000
0000
0000
080d
0000
0010
102a
0000
0000
040d
0000
0010
0000
084d
0000
0000
142a
0000
0010
0000
084d
0000
142a
0010
0000
084d
0000
0000
142a
0000
0010
022d
0000
0000
024d
0000
0000
0a6d
0000
020d
0000
162a
0010
0000
086d
0000
e20a
0000
e40a
162a
0010
022d
0000
e60a
024d
0000
e00a
7a0a
0a6d
0000
7c0a
0000
0a0d
0000
7e0a
162a
0010
780a
102a
0000
080d
0000
103a
0000
0000
080d
0000
0010
102a
0000
0000
0000
0010
0000
0000
0000
0220
082d
0000
0000
0000
0010
082d
0000
0000
0a2a
0000
0000
0010
082d
0000
0000
0a2a
0000
0010
082d
0000
0000
0a2a
0000
0000
0010
082d
0000
0000
0a2a
0000
0000
083d
0000
0a2a
0000
0000
0010
082d
0000
0000
0a2a
0000
0000
0010
082d
0000
0000
0a2a
0000
0010
082d
0000
0000
0a2a
0000
922a
0000
0010
082d
0000
0000
0000
922a
083d
0000
922a
0000
0010
082d
0000
0000
0000
922a
0000
0010
082d
0000
0000
0000
922a
0010
082d
0000
0000
0000
922a
0000
0010
082d
0000
0000
0000
922a
0000
0010
082d
0000
0000
922a
0000
0010
082d
0000
0000
0000
922a
0000
0010
082d
0000
0000
922a
0010
082d
0000
0000
0000
922a
0000
0010
082d
0000
0000
0000
922a
0000
0010
0c2d
0000
0000
0000
0010
082d
0000
0000
7a2a
0000
0000
0010
0000
0000
0000
0010
0180
084d
0000
0000
0010
0000
084d
0000
0000
0c2a
0000
0010
0000
084d
0000
0000
0c2a
0010
0000
084d
0000
0000
0c2a
0000
0010
0000
084d
0000
0000
0c2a
0000
0010
084d
0000
0c2a
0000
0010
0000
084d
0000
0000
0c2a
0000
0010
0000
084d
0000
0000
0c2a
0010
0000
084d
0000
0000
0c2a
0000
942a
0010
0000
084d
0000
0000
0000
942a
085d
0000
086d
0000
942a
0010
0000
084d
0000
0000
086d
0000
0000
0e2a
942a
0010
084d
0000
086d
0000
0000
0e2a
942a
0010
0000
084d
0000
0000
086d
0000
0000
0e2a
942a
0010
084d
0000
0000
086d
0000
0000
0e2a
942a
0010
0000
084d
0000
0000
086d
0000
0e2a
942a
0010
0000
084d
0000
0000
086d
0000
0000
0e2a
942a
0010
0000
084d
0000
086d
0000
0000
0e2a
942a
0010
0000
084d
0000
0000
086d
0000
0000
0e2a
942a
963a
084d
0000
0000
086d
0000
0000
942a
0010
962a
0000
0c4d
0000
0000
086d
0000
963a
084d
0000
086d
0000
7c2a
0000
0010
962a
0000
0000
086d
0000
0000
0010
962a
086d
0000
963a
0000
0000
086d
0000
0000
0010
962a
0000
0000
086d
0000
0000
0010
962a
0000
086d
0000
0000
080d
0000
0010
962a
0000
0000
086d
0000
0000
080d
0000
083a
962a
0000
086d
0000
0000
080d
0000
0010
082a
962a
0000
0000
086d
0000
0000
080d
0000
083a
962a
0000
0000
0c6d
0000
0000
080d
0000
0010
082a
0000
0000
086d
0000
080d
0000
7e2a
0010
082a
0000
0000
0000
080d
0000
0010
082a
0000
0000
0000
080d
0000
083a
0000
0000
0000
080d
0000
0010
082a
0000
902a
0000
0000
080d
0000
903a
080d
0000
0010
0000
902a
0000
0000
080d
0000
0010
0000
902a
0000
0000
080d
0000
0010
902a
0000
0000
080d
0000
0010
0000
902a
0000
0000
080d
0000
0010
0000
902a
0000
080d
0000
0010
0000
902a
0000
0000
080d
0000
0010
0000
902a
0000
0000
080d
0000
0010
902a
0000
0000
080d
0000
0010
0000
902a
0000
0000
080d
0000
0010
902a
0000
0c0d
0000
0010
0000
0000
0000
080d
0000
0010
0f2d
0000
782a
0000
0f4d
0000
0f6d
0000
0000
0f0d
0000
0010
062d
0000
0000
064d
0000
0000
066d
0000
0000
060d
0000
083d
0000
0000
084d
0000
0a0a
0000
086d
0000
0c0a
0000
080d
0000
0e0a
023d
0000
080a
024d
0000
0a2a
620a
0000
026d
0000
0c2a
640a
0000
020d
0000
0e2a
660a
083d
0000
082a
600a
0000
084d
0000
622a
0000
086d
0000
642a
0000
080d
0000
662a
603a
0000
0000
0000
0010
0000
0000
0000
0010
0000
0000
0000
0010
032d
0000
034d
0000
036d
0000
0000
030d
0000
0010
0a2d
0000
0000
0a4d
0000
0000
0a6d
0000
0a0d
0000
083d
0000
0000
044d
0000
0a2a
122a
0000
046d
0000
0c2a
e20a
0000
040d
0000
0e2a
e40a
083a
e60a
0000
084d
0000
e00a
0000
142a
0000
0010
012d
0000
0000
014d
0000
096d
0000
0000
090d
0000
162a
0010
042d
0000
102a
0000
044d
0000
0000
046d
0000
040d
0000
0010
082d
0000
0000
122a
0000
0000
0010
082d
0000
0000
122a
083d
0000
122a
0000
0000
0010
022d
0000
0000
0a4d
0000
0000
026d
0000
142a
0000
020d
0000
0010
084d
0000
0000
e20a
142a
0000
e40a
0010
032d
0000
e60a
0000
0b4d
0000
e00a
036d
0000
142a
0000
030d
0000
0010
012d
0000
0000
014d
0000
0000
096d
0000
010d
0000
162a
0010
0000
0000
086d
0000
0000
162a
0010
0000
0000
086d
0000
080d
0000
162a
103a
0000
0000
0000
080d
0000
0010
102a
0000
0000
0000
080d
0000
023d
0000
102a
024d
0000
0000
026d
0000
0000
020d
0000
0010
0000
0000
e20a
0000
e40a
013d
0000
e60a
0000
014d
0000
e00a
0000
016d
0000
0000
010d
0000
0010
0000
0050
022d
0000
024d
0000
0000
026d
0000
0000
020d
0000
0010
0000
0000
e20a
0000
e40a
033d
0000
e60a
0000
034d
0000
e00a
0000
036d
0000
0000
030d
0000
0010
012d
0000
014d
0000
0000
016d
0000
0000
010d
0000
0010
0000
0000
0000
0010
082d
0000
083d
0000
0a2a
122a
0000
0000
0010
082d
0000
0000
122a
0000
0000
0010
0a2d
0000
0a4d
0000
122a
026d
0000
0000
020d
0000
0010
082d
0000
0000
044d
0000
122a
0000
0c2a
e20a
e40a
0010
092d
0000
e60a
0000
014d
0000
e00a
122a
0000
016d
0000
0000
010d
0000
043d
0000
0000
084d
0000
0000
086d
0000
142a
0000
0010
0000
084d
0000
046d
0000
142a
0e2a
0010
0000
084d
0000
0000
142a
0000
0010
0000
084d
0000
0000
142a
0010
0000
084d
0000
0000
142a
0000
0010
0a2d
0000
0000
064d
0000
122a
0000
026d
0000
020d
0000
0010
082d
0000
0000
122a
0000
e20a
0000
e40a
0010
0b2d
0000
e60a
034d
0000
e00a
122a
0000
036d
0000
0000
030d
0000
0010
012d
0000
0000
014d
0000
096d
0000
0000
010d
0000
162a
0010
0000
0000
086d
0000
0000
162a
0010
0000
086d
0000
162a
0010
0000
0000
086d
0000
0000
162a
0010
0000
0000
086d
0000
0000
162a
023d
0000
0000
0a4d
0000
0000
066d
0000
142a
0000
020d
0000
0010
0000
084d
0000
e20a
142a
0000
e40a
0010
012d
0000
e60a
0000
094d
0000
e00a
0000
016d
0000
142a
010d
0000
0010
0000
0000
086d
0000
0000
162a
0010
0000
0000
086d
0000
0000
162a
0010
0000
086d
0000
0000
162a
0010
0000
0000
0000
0010
0000
0000
0000
0010
022d
0000
024d
0000
0000
026d
0000
0000
020d
0000
0010
0000
0000
e20a
0000
e40a
023d
0000
e60a
024d
0000
e00a
7a0a
0000
026d
0000
7c0a
0000
020d
0000
7e0a
0010
780a
0000
0000
0010
0000
0000
c546
0000
0010
0546
0000
0000
8546
0000
0010
4546
00b0
080d
0000
0010
0000
0000
080d
0000
0010
082a
102a
0000
0000
0000
080d
0000
103a
0000
0000
080d
0000
0010
102a
0000
0000
0000
080d
0000
0010
102a
8746
0000
c746
080d
0000
0010
102a
4746
0000
0000
0746
0000
080d
0000
0010
102a
0000
0000
080d
0000
103a
0000
0000
0000
080d
0000
0010
102a
0000
0000
0000
0010
0000
0000
00e0
c706
0010
0706
0000
0000
4706
0000
0010
0000
0000
8706
0000
0010
0000
0000
0040
c586
0000
0586
0000
0010
8586
0000
0000
4586
0000
0010
0000
0000
0000
0010
0030
082d
0000
0000
0000
0010
082d
0000
0000
0a2a
0000
0000
0010
082d
0000
0000
0a2a
0000
0010
082d
0000
0000
0a2a
0000
0000
0010
082d
0000
0000
0a2a
0000
0000
083d
0000
0a2a
0000
0000
0010
082d
0000
0000
0a2a
0000
0000
0010
082d
0000
0000
0a2a
0000
0010
082d
0000
0000
0a2a
0000
922a
0000
0010
082d
0000
0000
0000
922a
083d
0000
922a
0000
0010
082d
0000
0000
0000
922a
0000
0010
082d
0000
0000
0000
922a
0010
082d
0000
0000
0000
922a
0000
0010
082d
0000
0000
0000
922a
0000
0010
082d
0000
0000
922a
85c6
0000
0010
082d
0000
c606
0000
0000
922a
0606
0000
0010
082d
0000
4606
0000
922a
c5c6
0000
0010
082d
0000
8606
0000
0000
922a
45c6
0000
083d
0000
05c6
084d
0000
0000
922a
0000
0010
0c2d
0000
0000
084d
0000
0000
0c2a
083d
0000
084d
0000
7a2a
0c2a
0000
0010
0000
084d
0000
0000
0c2a
0000
0010
0000
084d
0000
0c2a
0000
0010
0000
084d
0000
0000
0c2a
0000
0010
0000
084d
0000
0000
086d
0000
0c2a
0010
0000
084d
0000
0000
086d
0000
0c2a
0000
0e2a
0010
0000
084d
0000
086d
0000
0c2a
0000
0e2a
942a
0010
0000
084d
0000
0000
086d
0000
0000
0e2a
942a
0010
084d
0000
0000
086d
0000
0000
0e2a
942a
0010
0000
084d
0000
0000
086d
0000
0e2a
942a
0010
0000
084d
0000
0000
086d
0000
0000
0e2a
942a
0010
0000
084d
0000
086d
0000
0000
0e2a
942a
0010
0000
084d
0000
0000
086d
0000
0000
0e2a
942a
963a
084d
0000
0000
086d
0000
0000
942a
0010
962a
0000
084d
0000
0000
086d
0000
942a
963a
0000
084d
0000
0000
086d
0000
0000
942a
0010
962a
0000
084d
0000
0000
086d
0000
942a
0010
962a
0000
084d
0000
0000
086d
0000
0000
942a
0010
962a
0000
0c4d
0000
086d
0000
0000
0010
962a
0000
084d
0000
0000
086d
0000
7c2a
0000
0010
962a
0000
086d
0000
0000
080d
0000
0010
962a
0000
0000
086d
0000
0000
080d
0000
083a
962a
0000
086d
0000
0000
080d
0000
0010
082a
962a
0000
0000
086d
0000
0000
080d
0000
083a
962a
0000
0000
0c6d
0000
0000
080d
0000
0010
082a
0000
0000
086d
0000
080d
0000
7e2a
0010
082a
0000
0000
0000
080d
0000
0010
082a
0000
0000
0000
080d
0000
083a
0000
0000
0000
080d
0000
0010
082a
0000
902a
0000
0000
080d
0000
903a
080d
0000
0010
0000
902a
0000
0000
080d
0000
0010
0000
902a
0000
0000
080d
0000
0010
902a
0000
0000
080d
0000
0010
0000
902a
0000
0000
080d
0000
0010
0000
902a
0000
080d
0000
0010
0000
902a
0000
0000
080d
0000
0010
0000
902a
0000
0000
080d
0000
0010
902a
0000
0000
080d
0000
0010
0000
902a
0000
0000
080d
0000
0010
902a
0000
0c0d
0000
0010
0000
0000
0000
080d
0000
0010
0f2d
0000
782a
0000
0f4d
0000
0f6d
0000
0000
0f0d
0000
0010
062d
0000
0000
064d
0000
0000
066d
0000
0000
060d
0000
083d
0000
0000
084d
0000
0a0a
0000
086d
0000
0c0a
0000
080d
0000
0e0a
023d
0000
080a
024d
0000
0a2a
620a
0000
026d
0000
0c2a
640a
0000
020d
0000
0e2a
660a
083d
0000
082a
600a
0000
084d
0000
6a2a
0000
086d
0000
6c2a
0000
080d
0000
6e2a
683a
0000
0000
0000
0010
0000
0000
0000
0010
0000
0000
0000
0010
032d
0000
034d
0000
036d
0000
0000
030d
0000
0010
022d
0000
0000
024d
0000
0000
026d
0000
020d
0000
0010
0000
e20a
0000
e40a
0010
e60a
0000
e00a
0000
0000
0010
012d
0000
014d
0000
016d
0000
0000
010d
0000
0010
0000
0000
0000
0010
0000
0000
0000
0010
c6c6
0000
06c6
0000
0010
86c6
0000
0000
46c6
0000
0010
022d
0000
0000
024d
0000
026d
0000
020d
0000
0010
0000
0000
e20a
0000
e40a
0010
032d
0000
e60a
0000
034d
0000
e00a
036d
0000
0000
030d
0000
0010
012d
0000
0000
014d
0000
0000
016d
0000
010d
0000
0010
0000
0000
0010
0000
0000
0000
0010
0000
0000
0000
0010
0000
0000
023d
0000
024d
0000
026d
0000
0000
020d
0000
0010
0000
0000
e20a
0000
e40a
0010
012d
0000
e60a
014d
0000
e00a
0000
016d
0000
0000
010d
0000
0010
0c2d
0000
0000
083d
0000
7a2a
0000
0000
0010
0000
0000
0000
0010
8686
0000
0000
8786
0000
0010
c786
0000
4786
0000
0010
022d
0000
0786
0000
024d
0000
0000
026d
0000
c686
0000
020d
0000
0696
0000
0000
e20a
0000
e40a
0010
032d
0000
e60a
4686
0000
034d
0000
e00a
036d
0000
0000
030d
0000
0010
012d
0000
0000
014d
0000
0000
016d
0000
0000
010d
0000
0010
0000
0000
0010
0000
0000
0000
0010
0000
0c4d
0000
0000
0000
0010
084d
0000
7c2a
0000
0010
022d
0000
0000
024d
0000
0000
0e6d
0000
0000
020d
0000
087d
0000
e20a
e40a
7e2a
013d
0000
e60a
014d
0000
e00a
016d
0000
010d
0000
0010
0050
022d
0000
024d
0000
0000
026d
0000
0000
020d
0000
0010
0000
0000
e20a
0000
e40a
033d
0000
e60a
0000
034d
0000
e00a
0000
036d
0000
0000
030d
0000
0010
012d
0000
014d
0000
0000
016d
0000
0000
010d
0000
0010
0000
0000
0000
0010
0000
0000
0c0d
0000
0010
0000
0000
080d
0000
0010
782a
0000
0000
0000
0010
022d
0000
0000
024d
0000
026d
0000
0000
020d
0000
0010
0000
0000
e20a
0000
e40a
0010
012d
0000
e60a
014d
0000
e00a
0000
016d
0000
0000
010d
0000
0010
0000
0000
0000
0010
0000
0040
022d
0000
024d
0000
0000
026d
0000
0000
020d
0000
0010
0000
0000
e20a
0000
e40a
023d
0000
e60a
0000
024d
0000
e00a
7a0a
0000
026d
0000
7c0a
0000
020d
0000
7e0a
0f3d
0000
780a
0000
0f4d
0000
0000
0f6d
0000
0000
0f0d
0000
0010
0a2d
0000
0a4d
0000
7a2a
066d
0000
7c2a
0000
0a0d
0000
0010
782a
0000
0a0a
0000
086d
0000
0c0a
4646
0e0a
7e2a
0010
022d
0000
080a
8646
0000
024d
0000
6a0a
0000
026d
0000
6c0a
0646
020d
0000
6e0a
0010
022d
0000
680a
c646
0000
024d
0000
320a
0000
016d
0000
340a
020d
0000
0010
012d
0000
300a
c506
0000
014d
0000
0000
026d
0000
0506
010d
0000
360a
023d
0000
8506
0000
024d
0000
320a
0000
016d
0000
340a
4506
0000
020d
0000
301a
84c6
0000
0000
026d
0000
c4c6
0000
360a
0010
022d
0000
44c6
0000
024d
0000
320a
016d
0000
340a
04c6
0000
020d
0000
0010
032d
0000
300a
0000
034d
0000
026d
0000
0000
030d
0000
360a
0010
022d
0000
0000
024d
0000
0000
036d
0000
020d
0000
0010
0000
026d
0000
e20a
0000
e40a
0010
012d
0000
0000
014d
0000
e00a
010d
0000
e61a
0000
016d
0000
0000
0010
0000
0000
0000
0010
0000
0000
0000
0010
0020
022d
0000
024d
0000
0000
0000
020d
0000
0010
0000
0000
026d
0000
e20a
0000
e40a
023d
0000
0000
024d
0000
e00a
320a
0000
340a
0000
020d
0000
0010
012d
0000
e60a
300a
024d
0000
0000
016d
0000
340a
0000
010d
0000
0010
022d
0000
0000
014d
0000
320a
026d
0000
0000
020d
0000
360a
0010
012d
0000
300a
0000
024d
0000
0000
016d
0000
340a
010d
0000
0010
022d
0000
0000
320a
0000
026d
0000
0000
020d
0000
360a
301a
0000
0000
026d
0000
0000
360a
0010
0000
0000
0000
0010
0000
0000
0000
0070
032d
0000
0000
0000
0010
022d
0000
0000
0000
0000
0010
0000
034d
0000
0000
e20a
0010
012d
0000
0000
024d
0000
0000
0000
030d
0000
0010
0000
0000
0000
020d
0000
e40a
0010
014d
0000
0000
0000
0010
0000
e00a
0000
036d
0000
0000
010d
0000
027d
0000
0010
0000
0000
0000
0010
022d
0000
e60a
0000
0000
016d
0000
0000
0010
e20a
023d
0000
0000
024d
0000
320a
0000
0000
0010
022d
0000
0000
320a
0000
0000
020d
0000
e40a
023d
0000
0000
024d
0000
320a
0000
340a
0000
0010
0000
024d
0000
e00a
340a
0000
020d
0000
0010
300a
0000
024d
0000
0000
026d
0000
340a
0000
020d
0000
301a
0000
0000
0000
020d
0000
0010
e60a
300a
0000
0000
026d
0000
0000
360a
027d
0000
c486
360a
0010
0486
0000
0000
026d
0000
4486
0000
360a
0010
0000
0000
8486
0010
0000
0000
0000
0010
0000
034d
0000
0000
0000
0010
0000
024d
0000
0000
033d
0000
0000
e40a
0010
022d
0000
0000
014d
0000
0000
0000
0010
0000
0000
e20a
013d
0000
0000
030d
0000
0010
0000
0000
0000
020d
0000
0010
0000
0000
0000
0010
e00a
036d
0000
0000
010d
0000
0010
0000
024d
0000
0000
026d
0000
0000
0010
0000
e40a
023d
0000
e60a
0000
016d
0000
0000
0010
0000
0000
e20a
0000
0010
0000
0000
021d
0000
0010
0000
0000
0010
0000
e00a
0000
0000
0010
0000
0000
026d
0000
0000
033d
0000
0000
0000
0010
022d
0000
e60a
0000
0000
920a
0000
0010
022d
0000
0000
034d
0000
0000
0010
0000
024d
0000
0000
e20a
0000
940a
0010
012d
0000
0000
024d
0000
0000
0010
0000
0000
0000
e40a
0010
0000
014d
0000
0000
0000
0010
8446
0000
c446
0010
4446
0000
0000
0446
0000
0010
0000
0000
0000
0010
022d
0000
0000
0000
e21a
030d
0000
0010
022d
0000
0000
024d
0000
0000
e20a
0000
020d
0000
0010
022d
0000
900a
0000
2a0a
0000
020d
0000
e40a
0010
022d
0000
0000
024d
0000
0000
036d
0000
e20a
e40a
0010
022d
0000
0000
024d
0000
e00a
0000
026d
0000
2a0a
0000
010d
0000
2c0a
023d
0000
960a
0000
024d
0000
0000
026d
0000
920a
0000
e40a
0010
022d
0000
024d
0000
0000
e20a
0000
2c0a
0010
022d
0000
e60a
0000
024d
0000
0000
016d
0000
2a0a
940a
0010
022d
0000
0000
024d
0000
0000
e20a
0000
e40a
0010
022d
0000
024d
0000
2a0a
0000
2c0a
0010
022d
0000
0000
024d
0000
0000
920a
0000
020d
0000
e40a
0010
024d
0000
0000
0000
2c0a
0010
0000
024d
0000
e00a
0000
0000
020d
0000
940a
013d
0000
0000
e00a
0000
026d
0000
0000
020d
0000
0010
0000
280a
0000
0000
020d
0000
023d
0000
e60a
0000
014d
0000
e00a
1a0a
0000
026d
0000
0000
020d
0000
e61a
280a
0000
026d
0000
0000
020d
0000
0010
2e0a
0000
024d
0000
900a
0000
026d
0000
1c0a
020d
0000
0010
e60a
0000
e00a
0000
026d
0000
0000
020d
0000
0010
2e0a
280a
026d
0000
0000
020d
0000
0010
960a
0000
e00a
0000
026d
0000
0000
020d
0000
e61a
280a
0000
026d
0000
0000
020d
0000
0010
2e0a
0000
900a
0000
026d
0000
0000
e61a
0000
026d
0000
0000
0010
2e0a
0000
0000
026d
0000
0000
020d
0000
0010
960a
180a
0000
0000
0010
0000
0000
0000
0010
0000
0000
026d
0000
0000
1e0a
0010
0000
02f0
022d
0000
0000
e20a
0000
0010
022d
0000
0000
0000
2a0a
0000
0010
022d
0000
e20a
023d
0000
0000
0000
2a0a
0000
0010
022d
0000
0000
0000
920a
0000
0010
022d
0000
0000
e20a
0000
0010
022d
0000
0000
0000
2a0a
0000
0010
022d
0000
0000
0000
e20a
0010
022d
0000
0000
0000
2a0a
0000
0010
022d
0000
0000
0000
920a
0000
0010
0020
022d
0000
1a0a
0000
0000
0010
0000
0000
0000
0010
0000
0000
0000
0010
0000
025d
0000
0000
e40a
0010
0000
024d
0000
0000
0000
2c0a
0010
0000
024d
0000
0000
e40a
0010
024d
0000
0000
0000
2c0a
0010
0000
024d
0000
0000
0000
940a
0010
0000
024d
0000
0000
e40a
0010
0000
024d
0000
0000
0000
2c0a
0010
0000
024d
0000
0000
e40a
0010
024d
0000
0000
0000
2c0a
0010
0000
024d
0000
0000
0000
940a
0010
0000
0020
024d
0000
1c0a
0000
0010
0000
0000
0000
0010
0000
0000
0000
0010
0000
0000
020d
0000
0010
e00a
0000
0000
020d
0000
0010
0000
280a
0000
0000
020d
0000
0010
e00a
0000
020d
0000
0010
0000
280a
0000
0000
020d
0000
0010
0000
900a
0000
0000
020d
0000
0010
e00a
0000
0000
020d
0000
0010
0000
280a
0000
0000
020d
0000
0010
e00a
0000
020d
0000
0010
0000
280a
0000
0000
020d
0000
0010
0000
900a
0000
0000
0020
020d
0000
181a
0000
0000
0000
0010
0000
0000
0000
0010
0000
0000
0000
0010
00b0
026d
0000
0010
e60a
0000
0000
026d
0000
0000
0010
2e0a
0000
0000
026d
0000
e61a
026d
0000
0000
0010
2e0a
0000
0000
026d
0000
0000
0010
960a
0000
0000
026d
0000
0010
e60a
0000
0000
026d
0000
0000
0010
2e0a
0000
0000
026d
0000
0000
0010
e60a
0000
026d
0000
0000
0010
2e0a
0000
0000
026d
0000
0000
0010
960a
0000
0000
0020
026d
0000
1e0a
0010
0000
0000
0000
0010
0000
0000
0000
0010
0000
0000
0000
01b0
c2c6
0000
0000
0010
0000
0000
0000
0010
0000
0000
0000
0010
0000
0000
0000
00a0
c406
0010
0406
0000
0000
8406
0000
0010
4406
0000
0000
0000
0010
02c6
0000
0050
8286
0000
0000
0010
0000
0000
0000
0010
0000
0000
0000
0010
0000
0000
0000
0060
8386
0010
0000
0000
0000
0010
0000
0000
0000
0010
0000
0000
0000
0010
0000
0020
0286
0010
0000
0000
0000
0010
0000
0000
0000
0010
022d
0000
0000
7a0a
0000
4256
0010
0000
0000
0000
0010
c106
0000
0000
80c6
0000
0010
0000
0000
0000
0010
0020
0386
0000
0000
0010
0000
0000
0000
0010
0000
0000
82c6
0000
0010
0000
0000
0060
024d
0000
7c0a
0000
0010
0106
0000
0000
8246
0000
0010
0000
0000
00c6
0000
0070
42c6
0010
c286
0000
0000
0000
0010
0000
0000
0000
0010
0000
0000
0000
0010
00a0
c386
0010
0000
0000
0000
0010
0000
0000
0000
0010
4286
0000
0000
0000
0010
c0c6
0000
0000
020d
0000
0010
780a
0000
0000
0000
0010
0246
0000
0000
0000
0010
8106
0010
0000
c086
0000
0010
0000
0000
0000
0010
0000
0000
0000
0010
0000
0000
0060
4386
0000
0000
0010
0000
0000
0000
0010
0000
0000
0000
0010
0000
0000
026d
0000
40c6
7e0a
0010
0000
0000
0000
0010
c246
0000
0000
0000
0010
0000
0000
4106
0096
0000
0010
0000
0000
0000
0010
0000
0000
0000
0010
0000
0000
0000
0010
0000
0080
c146
0010
0000
0000
0000
0010
0000
0000
0000
0010
0000
0000
0000
0010
0000
0090
8086
0010
0000
0000
0000
0010
0000
0000
0146
0000
0010
0000
0000
0000
0010
00f0
4086
0000
0000
0010
0000
0000
0000
0010
0000
0000
0000
0010
0000
0000
0000
0080
8146
0000
0000
0010
0000
0000
0000
0010
0000
0000
0000
0010
0000
0000
0000
00e0
4146
0000
0000
0010
0000
0000
0000
0010
0000
0000
0000
0010
0000
0000
0000
0030
0346
0010
0000
0000
0000
0010
0000
0000
0000
0010
0000
0000
0000
0010
0000
0050
c186
0000
0000
0010
0000
0000
0000
0010
0000
0000
0000
0010
0000
0000
0000
0050
8346
0000
0000
0010
0000
0000
0000
0010
0000
0000
0000
0010
0000
0000
0000
0030
0306
0000
0000
0010
0000
0000
0000
0010
0000
0000
0000
0010
0186
0000
0000
00c0
81c6
0010
0000
0000
8306
0000
0010
0000
0000
0000
0010
0000
0000
0000
0010
8196
0010
0000
0000
0206
0000
0010
0000
0000
0000
0010
0000
0000
4346
0000
0010
0060
41c6
0000
0000
0010
0000
0000
0000
0010
0000
0000
0000
0010
0000
0000
0000
0050
c206
0000
0000
0010
0000
0000
0000
0010
0000
0000
0000
0010
0000
0000
0000
c356
0000
0000
0010
0000
0000
0000
0010
0000
0000
0000
0010
0000
0000
4186
0000
c316
0010
0000
0000
0000
0010
0000
0000
0000
0010
0000
0000
0000
0010
0000
0000
0080
c1c6
0010
0000
0000
0000
0010
0000
0000
0000
0010
0000
0000
0000
0010
0000
4316
0000
0000
0010
0000
0000
0000
0010
8206
0000
0000
0000
0010
0000
0000
0000
00a0
01c6
0000
0000
0010
0000
0000
0000
0010
0000
0000
0000
0010
0000
0000
0000
4216
0010
0000
0000
0000
0010
0000
0000
0000
0010
0000
0000
0000
0010
0000
0000
00a0
c006
0010
0000
0000
0000
0010
0000
0000
0000
0010
0000
0000
0000
0010
0000
0040
8046
0000
0000
0010
0000
0000
0000
0010
0000
0000
0000
0010
0000
0000
0000
0050
0006
0010
0000
0000
0000
0010
0000
0000
0000
0010
0000
0000
0000
0010
0000
0030
0046
0010
0000
0000
0000
0010
0000
0000
0000
0010
0000
0000
0000
0010
0000
00d0
8006
0000
0000
0010
0000
0000
0000
0010
0000
0000
0000
0010
0000
0000
0000
0030
c046
0000
0000
0010
0000
0000
0000
0010
0000
0000
0000
0010
0000
0000
0000
0070
4006
0000
0000
0010
0000
0000
0000
0010
0000
0000
0000
0010
0000
0000
0000
0030
4046
0010
0000
0000
0000
0010
0000
0000
0000
0010
0000
0000
0000
0010
0000
0890
6000
0010
0000
0000
0010
0000
0000
0000
0010
0000
0000
0000
0010
0000
0000
