2ff0
6000
0000
0001
3e51
d810
f120
0000
0010
0000
0000
0000
0010
0000
0000
0000
2ff0
6000
0000
0001
4d96
d810
f120
0000
0010
0000
0000
0000
0010
0000
0000
0000
2ff0
4083
1020
0000
c083
1020
0001
5808
d810
f120
0000
0010
0000
0000
0000
0083
1020
0010
8083
1020
0000
0000
0010
0000
0000
0000
0010
0000
0000
0000
0010
4483
1020
0000
c483
1020
0000
0010
0000
0000
0000
0483
1020
0010
0000
0000
0000
0010
8483
1020
0000
0010
0000
0000
0000
0010
0000
0000
0000
0010
0000
0000
0000
0010
00f0
40c3
1020
0000
c0c3
1020
0000
0010
0000
0000
0000
00c3
1020
0010
0000
80c3
1020
0000
0010
0000
0000
0000
0010
0000
0000
0000
0010
44c3
1020
0000
0000
c4c3
1020
0010
0000
0000
0000
04c3
1020
0010
0000
0000
0000
0010
0000
84c3
1020
0000
0020
4103
1020
0000
c103
1020
0000
0010
0000
0000
0000
0010
0000
0000
0000
0103
1020
0010
0000
0000
0010
0000
8103
1020
0000
0000
0010
0000
0000
0000
0010
4503
1020
0000
c503
1020
0000
0010
0000
0000
0000
0010
0000
0000
0000
0503
1020
0010
8513
1020
0000
0010
0000
0000
0000
0010
0000
0000
c143
1020
0000
0010
0000
0000
0143
1020
0010
0000
0000
0010
0000
0000
0000
0010
0000
8143
1020
0000
0000
0010
4143
1020
0000
0000
0010
0000
0000
c543
1020
0000
0010
0000
0000
0000
0543
1020
0030
8543
1020
0000
0010
4543
1020
0000
0000
0000
0010
0000
0000
0000
0010
0000
0183
1020
0010
0000
0010
0000
8183
1020
0000
0000
0010
0000
0000
0000
0010
4183
1020
0000
c183
1020
0000
0010
0000
0000
0000
0010
0000
0000
0000
0583
1020
0010
8593
1020
0000
0010
0000
0000
0000
0010
4583
1020
0000
0000
c583
1020
0000
0010
0030
81c3
1020
0000
0010
41c3
1020
0000
0000
0000
0010
0000
0000
c1c3
1020
0000
01d3
1020
0010
0000
0000
0010
0000
0000
0000
0010
0000
85c3
1020
0000
0000
0010
45c3
1020
0000
0000
0010
0000
0000
c5c3
1020
0000
0010
0000
0000
0000
05c3
1020
0040
4203
1020
0000
c203
1020
0000
0010
0000
0000
0000
0010
0000
0000
0000
0203
1020
0010
0000
0000
0010
0000
8203
1020
0000
0000
0010
0000
0000
0000
0010
4603
1020
0000
c603
1020
0000
0010
0000
0000
0000
0010
0000
0000
0000
0603
1020
0010
8613
1020
0000
0010
0000
0000
0000
0010
0000
0000
c243
1020
0000
0010
0000
0000
0243
1020
0010
0000
0000
0010
0000
0000
0000
0010
0000
8243
1020
0000
0000
0010
4243
1020
0000
0000
0010
0000
0000
c643
1020
0000
0010
0000
0000
0000
0643
1020
0030
8643
1020
0000
0010
4643
1020
0000
0000
0000
0010
0000
0000
0000
0010
0000
0283
1020
0010
0000
0010
0000
8283
1020
0000
0000
0010
0000
0000
0000
0010
4283
1020
0000
c283
1020
0000
0010
0000
0000
0000
0010
0000
0000
0000
0683
1020
0010
8693
1020
0000
0010
0000
0000
0000
0010
4683
1020
0000
0000
c683
1020
0000
0010
0030
82c3
1020
0000
0010
42c3
1020
0000
0000
0000
0010
0000
0000
c2c3
1020
0000
02d3
1020
0010
0000
0000
0010
0000
0000
0000
0010
0000
86c3
1020
0000
0000
0010
46c3
1020
0000
0000
0010
0000
0000
c6c3
1020
0000
0010
0000
0000
0000
06c3
1020
0040
4303
1020
0000
c303
1020
0000
0010
0000
0000
0000
0010
0000
0000
0000
0303
1020
0010
0000
0000
0010
0000
8303
1020
0000
0000
0010
0000
0000
0000
0010
4703
1020
0000
c703
1020
0000
0010
0000
0000
0000
0010
0000
0000
0000
0703
1020
0010
8713
1020
0000
0010
0000
0000
0000
0010
0000
0000
c343
1020
0000
0010
0000
0000
0343
1020
0010
0000
0000
0010
0000
0000
0000
0010
0000
8343
1020
0000
0000
0010
4343
1020
0000
0000
0010
0000
0000
c743
1020
0000
0010
024d
0000
0000
026d
0000
020d
0000
0743
1020
022d
0000
0010
064d
0000
0000
066d
0000
040a
0000
060d
0000
060a
022d
0000
000a
0010
084d
0000
020a
0000
086d
0000
040a
0000
080d
0000
060a
082d
0000
000a
085d
0000
020a
0000
8743
1020
086d
0000
042a
0000
080d
0000
062a
082d
0000
002a
4753
1020
022a
0000
042a
0000
062a
0000
002a
0010
022a
0000
0000
c383
1020
0010
0000
0000
0000
0383
1020
0010
0000
0000
0000
0010
0000
0000
0000
8393
1020
0010
4383
1020
0000
0000
0000
0010
0000
0000
c783
1020
0000
0010
0000
0783
1020
0010
0000
0010
0000
0000
0000
0010
0000
8783
1020
0000
0000
0010
4783
1020
0000
0000
0010
0000
0000
0000
0010
0000
0000
0000
0010
0000
0000
0000
0010
0070
c003
1020
0010
0000
0000
0000
0003
1020
0010
0000
8003
1020
0000
0000
0010
4003
1020
0000
0000
0010
0000
0000
0000
0010
0000
0000
c403
1020
0000
0010
0000
0403
1020
0010
0000
0010
0000
8403
1020
0000
0000
0010
4403
1020
0000
0000
0000
c053
1020
0010
0000
0000
0000
0043
1020
0010
0000
0000
0000
0010
0000
0000
0000
8053
1020
0010
4043
1020
0000
0000
0000
0010
0000
0000
c443
1020
0000
0010
0000
0443
1020
0010
0000
0010
0000
0000
0000
0010
0000
8443
1020
0000
0000
0010
4443
1020
0000
0000
0010
0000
0000
0000
0010
0000
0000
0000
0010
0000
0000
0000
0010
0ca0
024d
0000
0000
2c0a
0000
0010
024d
0000
0000
026d
0000
0000
2c0a
0000
2e0a
015d
0000
026d
0000
0000
0000
2e0a
0010
024d
0000
0000
016d
0000
0000
020d
0000
2c0a
0010
280a
0000
026d
0000
0000
020d
0000
0000
2e0a
0010
280a
0000
0000
010d
0000
0010
0000
0000
020d
0000
0000
0010
280a
0000
0000
0000
0010
024d
0000
0000
022d
0000
025d
0000
026d
0000
0c0a
2a0a
0000
0000
022d
0000
0010
024d
0000
0000
026d
0000
0c0a
2a0a
0e0a
0000
012d
0000
0010
064d
0000
0000
026d
0000
0c0a
0000
020d
0000
0e0a
2c0a
022d
0000
0010
024d
0000
0000
066d
0000
2a0a
0000
020d
0000
0e0a
2c0a
080a
2e0a
0010
024d
0000
0000
026d
0000
0000
0a0d
0000
2c0a
0000
080a
2e0a
0a5d
0000
282a
0000
026d
0000
0000
060d
0000
2c2a
0000
080a
2e0a
0010
084d
0000
280a
0a6d
0000
0c0a
0000
020d
0000
2c2a
0000
2e2a
0010
064d
0000
280a
0000
086d
0000
640a
020d
0000
0e0a
0000
022d
0000
2e2a
0010
084d
0000
280a
0000
066d
0000
0a0d
0000
2c2a
660a
0000
022d
0000
0010
0a0a
282a
0000
086d
0000
0000
040d
0000
022d
0000
080a
2e2a
0010
0a0a
0000
0000
0a0d
0000
0000
022d
0000
600a
0010
0a0a
282a
2a0a
0000
0000
022d
0000
0010
0000
2a0a
0000
0000
022d
0000
0010
084d
0000
2a0a
0000
0000
022d
0000
0010
084d
0000
0000
086d
0000
0c2a
0000
0000
0010
084d
0000
0a0a
086d
0000
0c2a
0000
080d
0000
0e2a
0000
022d
0000
0010
084d
0000
620a
086d
0000
0c2a
0000
080d
0000
0e2a
2c2a
0000
082a
0010
084d
0000
0000
086d
0000
080d
0000
0e2a
2c2a
0000
082a
2e2a
0010
084d
0000
0000
086d
0000
0000
080d
0000
2c2a
082a
2e2a
0010
084d
0000
282a
0000
086d
0000
0000
080d
0000
0000
2e2a
283a
086d
0000
0c2a
0000
080d
0000
0000
0010
084d
0000
282a
0000
6c2a
0000
080d
0000
0e2a
0010
0000
086d
0000
0000
6e2a
0000
082a
0010
0000
0000
080d
0000
0000
682a
0010
0000
0000
0010
0000
0000
0000
0010
0000
0000
0000
0010
0000
0000
0000
0140
6000
0010
0000
0000
0000
0010
0000
0000
0000
0010
0000
0000
0000
0010
0000
0320
024d
0000
026d
0000
0000
e40a
0000
e60a
0010
0000
0000
020d
0000
0000
022d
0000
e01a
0000
e20a
0000
0000
0010
0000
0000
0000
0010
024d
0000
0000
026d
0000
e40a
e60a
0010
024d
0000
0000
026d
0000
0000
020d
0000
e40a
0000
022d
0000
e60a
025d
0000
e00a
026d
0000
e20a
0000
020d
0000
e40a
0000
022d
0000
e60a
0010
024d
0000
e00a
026d
0000
e20a
0000
020d
0000
e40a
0000
022d
0000
e60a
0010
e00a
0000
e20a
020d
0000
0000
022d
0000
0010
024d
0000
e00a
0000
026d
0000
e20a
0000
e40a
e60a
025d
0000
0000
026d
0000
0000
020d
0000
e40a
0000
022d
0000
e60a
0010
024d
0000
e00a
026d
0000
e20a
0000
020d
0000
e40a
0000
022d
0000
e60a
0010
e00a
0000
e20a
020d
0000
0000
022d
0000
0010
e00a
0000
e20a
0000
0000
0010
0000
0000
0000
2ff0
082d
0000
0000
2a2a
0001
672b
d810
f120
0000
0010
082d
0000
0000
0000
2a2a
043d
0000
0000
0010
082d
0000
0000
034d
0000
0000
2a2a
0000
0010
0000
024d
0000
940a
025d
0000
0000
0000
2c0a
0010
0000
024d
0000
0000
036d
0000
0000
940a
0010
024d
0000
026d
0000
0000
2c0a
0010
082d
0000
960a
0000
024d
0000
0000
026d
0000
2c0a
083d
0000
2e0a
0000
024d
0000
0a2a
0000
026d
0000
0000
2c0a
0010
082d
0000
960a
024d
0000
0a2a
0000
026d
0000
0000
2c0a
0010
082d
0000
2e0a
0000
024d
0000
0a2a
026d
0000
2a2a
0000
2c0a
0010
082d
0000
2e0a
0000
024d
0000
0000
026d
0000
2a2a
2c0a
0010
082d
0000
2e0a
0000
024d
0000
0000
026d
0000
2a2a
0000
030d
0000
083d
0000
2e0a
0000
026d
0000
0000
020d
0000
940a
0010
2e0a
0000
024d
0000
0a2a
900a
026d
0000
0000
020d
0000
2c0a
0010
082d
0000
2e0a
0000
024d
0000
280a
6a2a
026d
0000
020d
0000
2c0a
0010
0000
024d
0000
900a
0000
0000
020d
0000
940a
0010
960a
024d
0000
280a
0000
026d
0000
0000
020d
0000
2c0a
0010
2e0a
0000
024d
0000
280a
026d
0000
0000
020d
0000
940a
0010
2e0a
0000
024d
0000
280a
0000
026d
0000
020d
0000
2c0a
961a
0000
024d
0000
280a
0000
026d
0000
0000
020d
0000
940a
0010
2e0a
024d
0000
280a
0000
026d
0000
0000
020d
0000
2c0a
0010
960a
0000
024d
0000
280a
026d
0000
0000
020d
0000
2c0a
0010
2e0a
0000
024d
0000
0000
026d
0000
0000
2c0a
961a
0000
900a
0000
026d
0000
0000
020d
0000
0010
2e0a
0000
280a
0000
026d
0000
020d
0000
0010
2e0a
0000
280a
0000
026d
0000
0000
020d
0000
0010
2e0a
0000
900a
0000
020d
0000
0010
0000
280a
0000
0000
020d
0000
0010
0000
900a
0000
0000
020d
0000
0010
280a
0000
0000
020d
0000
0010
0000
900a
0000
0000
020d
0000
0010
280a
0000
020d
0000
0010
0000
280a
0000
0000
020d
0000
0010
0000
280a
0000
0000
0090
024d
0000
0000
2c0a
0010
0000
024d
0000
0000
026d
0000
0000
2c0a
0010
2e0a
024d
0000
026d
0000
0000
020d
0000
2c0a
0010
2e0a
0000
024d
0000
280a
0000
026d
0000
020d
0000
0010
2e0a
0000
280a
0000
026d
0000
0000
020d
0000
940a
0010
0000
024d
0000
280a
0000
020d
0000
2c0a
0010
960a
0000
024d
0000
0000
026d
0000
0000
940a
2e1a
0000
024d
0000
900a
0000
026d
0000
0000
020d
0000
2c0a
0010
960a
0000
024d
0000
280a
026d
0000
0000
020d
0000
2c0a
0010
2e0a
0000
024d
0000
900a
0000
026d
0000
020d
0000
940a
0010
2e0a
0000
024d
0000
280a
0000
026d
0000
0000
020d
0000
2c0a
961a
0000
024d
0000
280a
0000
026d
0000
0000
020d
0000
0010
2e0a
0000
900a
026d
0000
040a
0000
020d
0000
0010
0000
280a
0000
0000
020d
0000
060a
0010
001a
0000
0000
0010
0000
024d
0000
0000
0000
0010
0000
024d
0000
0000
026d
0000
8c0a
0010
0000
024d
0000
0000
026d
0000
8c0a
0000
020d
0000
8e0a
0010
0000
024d
0000
026d
0000
0c0a
0000
020d
0000
8e0a
0010
880a
0000
024d
0000
0000
026d
0000
0c0a
020d
0000
0e0a
0010
880a
0000
024d
0000
0000
026d
0000
0c0a
0000
020d
0000
0e0a
940a
081a
0000
024d
0000
0000
026d
0000
0000
020d
0000
0e0a
0010
080a
960a
024d
0000
026d
0000
0c0a
0000
020d
0000
940a
0010
080a
0000
024d
0000
900a
0000
026d
0000
020d
0000
0e0a
2c0a
0010
960a
0000
024d
0000
0000
026d
0000
0000
020d
0000
2c0a
081a
2e0a
0000
024d
0000
900a
0000
026d
0000
0000
020d
0000
2c0a
0010
2e0a
024d
0000
280a
0000
026d
0000
0000
020d
0000
940a
0010
2e0a
0000
280a
0000
026d
0000
020d
0000
0010
960a
0000
280a
0000
0000
020d
0000
0010
0000
900a
0000
0120
024d
0000
0000
940a
0010
0000
024d
0000
0000
026d
0000
0000
0010
960a
0000
026d
0000
020d
0000
940a
0010
0000
024d
0000
900a
0000
0000
020d
0000
2c0a
0010
960a
024d
0000
026d
0000
2c0a
2e1a
024d
0000
900a
0000
026d
0000
0000
020d
0000
940a
2e1a
0000
024d
0000
280a
0000
026d
0000
0000
020d
0000
2c0a
0010
960a
0000
024d
0000
280a
026d
0000
0000
020d
0000
2c0a
0010
2e0a
0000
024d
0000
900a
0000
026d
0000
020d
0000
2c0a
0010
2e0a
0000
280a
0000
026d
0000
0000
020d
0000
0010
2e0a
280a
0000
0000
020d
0000
0010
0000
280a
0000
0000
0010
0000
0000
0000
0010
2ff0
032d
0000
0000
0001
707f
d810
f120
0000
0010
022d
0000
0000
0c4d
0000
0000
920a
0010
022d
0000
0000
084d
0000
0000
2a0a
0000
0010
022d
0000
0000
0000
042a
920a
0010
022d
0000
0000
0000
2a0a
0000
0010
022d
0000
0000
0000
0c6d
0000
2a0a
023d
0000
086d
0000
2a0a
0000
0010
022d
0000
0000
084d
0000
0000
2a0a
0000
0c0d
0000
062a
0e3d
0000
0000
084d
0000
0000
8c2a
2a0a
0000
080d
0000
0010
0a2d
0000
084d
0000
8c2a
2a0a
0000
0010
022d
0000
002a
0000
0b4d
0000
022a
0000
0c2a
0000
942a
0010
0a4d
0000
0000
086d
0000
920a
0000
2c2a
0010
022d
0000
0000
0b4d
0000
0b6d
0000
0c0a
2a0a
8e2a
2c2a
0010
022d
0000
0000
064d
0000
0000
066d
0000
2a0a
080d
0000
8e2a
2c0a
0a3d
0000
0000
0a4d
0000
0000
0b6d
0000
920a
7c0a
0000
080d
0000
0e0a
942a
0a3d
0000
882a
0000
084d
0000
8a2a
0000
066d
0000
2a0a
0000
0b0d
0000
0e2a
0a3d
0000
882a
2e0a
0000
8a2a
0000
0a6d
0000
920a
0000
0a0d
0000
942a
7e0a
063d
0000
082a
962a
0000
084d
0000
0a2a
902a
0000
086d
0000
2a0a
0000
0b0d
0000
2c2a
023d
0000
080a
2e2a
0000
084d
0000
282a
0000
086d
0000
920a
0000
060d
0000
2c2a
023d
0000
2e2a
0000
084d
0000
280a
0000
086d
0000
2a0a
0000
0a0d
0000
023d
0000
962a
780a
084d
0000
282a
0000
086d
0000
0c2a
2a0a
0000
080d
0000
0010
022d
0000
084d
0000
902a
0000
8c2a
2a0a
0000
080d
0000
2c2a
0010
022d
0000
962a
084d
0000
086d
0000
2a0a
0000
2c2a
0010
022d
0000
2e2a
0000
084d
0000
902a
0000
086d
0000
2a0a
080d
0000
2c2a
0010
022d
0000
2e2a
0000
084d
0000
282a
0000
086d
0000
2a0a
080d
0000
2c2a
0010
022d
0000
0000
084d
0000
282a
0000
086d
0000
0000
080d
0000
0e2a
0010
0000
086d
0000
042a
920a
0000
080d
0000
8e2a
0010
022d
0000
082a
2e2a
0000
086d
0000
2a0a
0000
080d
0000
0010
022d
0000
882a
2e2a
0000
282a
086d
0000
920a
080d
0000
0010
022d
0000
2e2a
0000
282a
0000
086d
0000
2a0a
0000
080d
0000
023d
0000
2e2a
0000
084d
0000
282a
0000
086d
0000
2a0a
0000
080d
0000
023d
0000
084d
0000
282a
0000
8c2a
920a
0000
080d
0000
062a
0010
022d
0000
0000
084d
0000
8c2a
2a0a
0000
0010
0a2d
0000
002a
0000
0000
0c2a
922a
0000
0010
082d
0000
020a
0000
2a2a
0000
0010
082d
0000
0000
0000
086d
0000
2a2a
0000
0010
082d
0000
0000
086d
0000
922a
0000
080d
0000
8e2a
0010
082d
0000
0000
0000
086d
0000
080d
0000
8e2a
023d
0000
882a
0000
0000
922a
0000
080d
0000
0e2a
0010
0a2d
0000
882a
8a0a
0000
2a2a
0000
0010
0a2d
0000
082a
0000
8a0a
0000
2a2a
0000
0010
062d
0000
0a0a
0000
0000
0010
022d
0000
0000
0a0a
0000
0000
0010
0a2d
0000
0000
0a0a
920a
0010
062d
0000
0000
0a2a
0000
0000
0010
0a2d
0000
0000
0a0a
0000
920a
0000
063d
0000
8a2a
0000
2a0a
0000
0010
022d
0000
0000
0000
2a0a
0000
0010
022d
0000
2a0a
023d
0000
0000
0000
920a
0000
0010
022d
0000
0000
0000
920a
0000
0010
022d
0000
0000
0000
0010
0000
0000
920a
0000
0010
022d
0000
0000
0000
2a0a
0000
0010
022d
0000
0000
2a0a
0000
0010
022d
0000
0000
0000
920a
0000
0010
022d
0000
0000
2a0a
0010
022d
0000
0000
0000
2a0a
0000
0010
022d
0000
0000
0000
2a0a
0000
0010
0b2d
0000
0000
2a2a
0000
0010
0a2d
0000
0000
0000
2a2a
0000
0010
0b2d
0000
0000
0a0a
2a2a
0000
0010
062d
0000
0000
0000
2a0a
0000
0010
0a2d
0000
0000
7a0a
0000
2a2a
0010
082d
0000
0000
0000
0000
0010
0000
022a
0000
0000
0010
0000
0000
0000
0030
082d
0000
0000
0000
0010
082d
0000
0000
8a2a
0000
0000
0010
082d
0000
0000
8a2a
0000
0010
0000
0a2a
0000
0000
0010
0000
0000
0000
0010
0000
0000
0000
0010
0300
084d
0000
0000
942a
0010
0000
084d
0000
0000
086d
0000
0000
080d
0000
2c2a
083d
0000
962a
084d
0000
902a
0000
086d
0000
922a
0000
080d
0000
2c2a
0010
082d
0000
2e2a
084d
0000
282a
0000
086d
0000
2a2a
0000
080d
0000
942a
0010
082d
0000
2e2a
084d
0000
282a
0000
086d
0000
2a2a
0000
080d
0000
0010
082d
0000
962a
0000
902a
086d
0000
922a
0000
080d
0000
942a
0010
082d
0000
0000
084d
0000
0000
0000
2c2a
963a
0000
084d
0000
902a
0000
086d
0000
922a
0000
080d
0000
2c2a
0010
082d
0000
2e2a
084d
0000
282a
0000
086d
0000
2a2a
0000
080d
0000
0010
082d
0000
2e2a
084d
0000
282a
086d
0000
0c2a
2a2a
0000
080d
0000
0010
082d
0000
0000
084d
0000
086d
0000
8c2a
080d
0000
0e2a
2c2a
0010
082d
0000
082a
0000
084d
0000
0a2a
0000
086d
0000
080d
0000
8e2a
2c2a
0010
082d
0000
882a
2e2a
0000
084d
0000
8a2a
282a
086d
0000
2a2a
080d
0000
2c2a
0010
082d
0000
2e2a
0000
084d
0000
282a
0000
086d
0000
2a2a
080d
0000
2c2a
0010
082d
0000
2e2a
0000
084d
0000
282a
0000
086d
0000
2a2a
080d
0000
2c2a
0010
082d
0000
2e2a
0000
084d
0000
282a
0000
086d
0000
2a2a
080d
0000
2c2a
083d
0000
2e2a
0000
084d
0000
282a
0000
086d
0000
2a2a
0000
080d
0000
2c2a
083d
0000
2e2a
0000
084d
0000
282a
0000
086d
0000
2a2a
0000
080d
0000
2c2a
083d
0000
2e2a
0000
084d
0000
282a
0000
086d
0000
2a2a
0000
080d
0000
0010
082d
0000
2e2a
084d
0000
282a
0000
086d
0000
8c2a
2a2a
0000
080d
0000
0010
082d
0000
084d
0000
0000
086d
0000
0c2a
0000
080d
0000
8e2a
0010
082d
0000
882a
0000
084d
0000
8a2a
086d
0000
8c2a
0000
080d
0000
0e2a
0010
082d
0000
082a
0000
084d
0000
0a2a
086d
0000
0c2a
0000
080d
0000
8e2a
0010
082d
0000
882a
0000
084d
0000
8a2a
086d
0000
8c2a
0000
080d
0000
0e2a
0010
082d
0000
082a
0000
084d
0000
0a2a
086d
0000
0c2a
080d
0000
8e2a
0010
082d
0000
882a
0000
084d
0000
8a2a
0000
086d
0000
8c2a
080d
0000
0e2a
0010
082d
0000
082a
0000
0a2a
0000
086d
0000
0c2a
0000
080d
0000
8e2a
083d
0000
882a
0000
8a2a
0000
0000
0e2a
0010
082a
0000
0a2a
0000
00d0
084d
0000
0000
0010
0000
084d
0000
0000
086d
0000
8c2a
0000
080d
0000
0010
0c4d
0000
086d
0000
0c2a
0000
080d
0000
8e2a
0010
082d
0000
882a
0000
084d
0000
0c6d
0000
0c0d
0000
0e2a
0010
082d
0000
082a
0000
084d
0000
8a2a
0000
086d
0000
0c2a
080d
0000
0010
0c2d
0000
0000
084d
0000
0a2a
0000
086d
0000
0c2a
0000
080d
0000
0e2a
083d
0000
082a
0000
0000
086d
0000
0c2a
0000
080d
0000
0e2a
0010
082d
0000
082a
084d
0000
0a2a
0000
6c2a
0000
0e2a
0010
082d
0000
082a
0000
0a2a
0000
086d
0000
080d
0000
6e2a
0010
682a
0000
0a2a
0000
0000
0010
082d
0000
0000
6a2a
0020
084d
0000
0000
0010
0000
084d
0000
0000
086d
0000
0c2a
0000
080d
0000
0010
044d
0000
086d
0000
0c2a
0000
080d
0000
0e2a
0010
082d
0000
082a
0000
0000
046d
0000
040d
0000
0e2a
0010
082d
0000
082a
0000
084d
0000
0a2a
0000
142a
0000
0010
042d
0000
084d
0000
0a2a
0000
142a
0000
0010
0000
084d
0000
0000
142a
0000
0010
084d
0000
142a
0000
0010
0000
0000
086d
0000
0000
162a
0010
0000
0000
086d
0000
162a
0010
0000
086d
0000
0000
162a
0010
0000
0000
086d
0000
0000
080d
0000
162a
103a
0000
0000
080d
0000
0010
102a
0000
0000
0000
080d
0000
0010
102a
0000
0000
080d
0000
103a
0000
0000
0000
0010
082d
0000
0000
122a
0000
0000
0010
082d
0000
122a
0000
0010
082d
0000
0000
122a
0000
0000
0010
082d
0000
0000
122a
0000
0000
0690
084d
0000
0000
0010
0000
084d
0000
0000
0c2a
142a
0000
0010
0000
084d
0000
142a
0010
0000
084d
0000
0000
142a
0000
0010
0000
084d
0000
0000
142a
0000
0010
084d
0000
142a
0000
0010
0000
084d
0000
0000
142a
0000
0010
0000
0000
0000
0010
084d
0000
142a
0000
0010
0000
084d
0000
0000
142a
0000
0010
0000
0000
0000
0010
0050
086d
0000
0010
0000
0000
086d
0000
0000
0e2a
162a
0010
0000
0000
086d
0000
162a
0010
0000
086d
0000
0000
162a
0010
0000
0000
086d
0000
0000
162a
0010
0000
086d
0000
162a
0010
0000
0000
086d
0000
0000
080d
0000
162a
0010
0000
0000
0000
080d
0000
083a
102a
0000
0000
046d
0000
0000
080d
0000
0010
102a
0000
0000
0000
080d
0000
103a
0000
0000
0000
080d
0000
0010
102a
0000
0000
0000
080d
0000
0010
102a
0000
0000
080d
0000
0010
102a
0000
0000
0000
0010
082d
0000
0000
0000
086d
0000
040d
0000
162a
0010
042d
0000
0000
0a2a
0000
086d
0000
0000
080d
0000
162a
103a
0000
0000
080d
0000
0010
102a
0000
0000
0000
0010
082d
0000
0000
122a
0000
083d
0000
122a
0000
0010
082d
0000
0000
122a
0000
0000
0010
082d
0000
0000
122a
083d
0000
122a
0000
0000
0010
082d
0000
0000
122a
0000
0000
0010
0000
0000
0000
083d
0000
122a
0000
0000
0010
082d
0000
0000
122a
0000
0000
0010
0000
0000
0000
0650
084d
0000
0000
0010
0000
084d
0000
0000
0c2a
0000
0010
0000
084d
0000
0000
0c2a
0010
0000
084d
0000
0000
0c2a
0000
0010
0000
084d
0000
0000
0c2a
0000
0010
084d
0000
0c2a
0000
0010
0000
084d
0000
0000
0c2a
0000
0010
0000
084d
0000
0000
0c2a
0010
0000
084d
0000
0000
0c2a
0000
942a
0010
0000
084d
0000
0000
0000
942a
085d
0000
942a
0010
0000
084d
0000
0000
0000
942a
0010
0000
084d
0000
0000
0000
942a
0010
084d
0000
0000
0000
942a
0010
0000
0000
0000
0010
0000
084d
0000
0000
942a
0010
084d
0000
0000
0000
942a
0010
0000
084d
0000
0000
0000
942a
0010
0000
084d
0000
0000
942a
0010
0000
0000
0000
0010
0000
0000
0000
0010
0000
0000
0000
01a0
084d
0000
0000
942a
0010
0000
084d
0000
0000
0000
942a
0010
0000
084d
0000
085d
0000
0c2a
0000
0010
0000
084d
0000
0000
0c2a
142a
0000
0010
0000
084d
0000
142a
0010
0000
084d
0000
0000
142a
0000
0010
0000
084d
0000
0000
142a
0000
0010
2ff0
086d
0000
0000
0001
7d25
d810
f120
0000
0010
086d
0000
0000
0e2a
0000
0000
087d
0000
080d
0000
0e2a
0000
0000
0010
086d
0000
0000
080d
0000
0e2a
0000
082a
087d
0000
080d
0000
0e2a
082a
0000
0010
086d
0000
0000
080d
0000
0e2a
0000
082a
087d
0000
080d
0000
0e2a
082a
0000
0010
086d
0000
0000
080d
0000
0e2a
0000
082a
087d
0000
080d
0000
0e2a
082a
962a
0000
0010
086d
0000
0000
080d
0000
0000
082a
962a
0010
086d
0000
0000
080d
0000
0000
082d
0000
082a
962a
0000
902a
0010
086d
0000
080d
0000
0000
082d
0000
962a
0000
0a2a
902a
0010
086d
0000
0000
080d
0000
082d
0000
962a
0a2a
902a
0010
086d
0000
0000
080d
0000
0000
082d
0000
962a
0000
0a2a
902a
0010
080d
0000
0000
082d
0000
0000
084d
0000
0a2a
902a
0010
086d
0000
080d
0000
082d
0000
962a
0000
084d
0000
0a2a
902a
0010
086d
0000
0c2a
142a
0000
082d
0000
962a
084d
0000
0a2a
0010
086d
0000
142a
0000
080d
0000
0000
082d
0000
962a
084d
0000
0a2a
902a
0010
086d
0000
142a
0000
080d
0000
0000
082d
0000
962a
084d
0000
0a2a
902a
923a
142a
0000
080d
0000
0000
082d
0000
0000
084d
0000
902a
087d
0000
922a
142a
080d
0000
0000
082d
0000
962a
0000
084d
0000
902a
0010
086d
0000
922a
142a
0000
082d
0000
962a
0000
084d
0000
0010
086d
0000
922a
142a
0000
080d
0000
082d
0000
0000
084d
0000
902a
0010
086d
0000
922a
142a
0000
080d
0000
0e2a
082d
0000
902a
087d
0000
922a
080d
0000
0e2a
162a
087d
0000
080d
0000
162a
082d
0000
082a
0010
086d
0000
922a
0000
040d
0000
162a
0000
082d
0000
082a
0000
087d
0000
922a
080d
0000
162a
0000
082d
0000
102a
0000
0010
922a
0000
080d
0000
082d
0000
102a
0010
922a
0000
080d
0000
0000
102a
0000
0010
0000
080d
0000
0000
082d
0000
102a
0010
922a
0000
0000
082d
0000
0000
0010
922a
0000
0000
082d
0000
083d
0000
0a2a
0010
0000
0000
082d
0000
0000
0a2a
122a
0010
0000
0000
082d
0000
122a
0010
0000
082d
0000
0000
122a
0010
0000
0000
082d
0000
0000
122a
0010
0000
0060
084d
0000
0010
0000
0000
084d
0000
0010
0c2a
0000
0000
0000
084d
0000
0010
0c2a
0000
0000
084d
0000
0010
0c2a
0000
0000
0000
084d
0000
0010
086d
0000
0c2a
084d
0000
087d
0000
0c2a
0000
0e2a
162a
0000
0000
084d
0000
0010
086d
0000
0c2a
162a
0000
084d
0000
0010
086d
0000
0c2a
0000
162a
0000
0000
084d
0000
0010
086d
0000
0c2a
080d
0000
942a
162a
0000
0000
084d
0000
0010
086d
0000
0000
080d
0000
942a
162a
082a
102a
0000
084d
0000
0010
046d
0000
0000
080d
0000
942a
0000
102a
084d
0000
0010
080d
0000
942a
0000
102a
0000
084d
0000
0010
0000
080d
0000
942a
102a
084d
0000
0010
0000
080d
0000
942a
0000
102a
0000
084d
0000
0010
0000
040d
0000
942a
082d
0000
0000
084d
0000
0010
086d
0000
0000
942a
162a
0000
042d
0000
084d
0000
0a2a
087d
0000
0000
942a
162a
0000
0000
084d
0000
0010
086d
0000
0000
080d
0000
942a
162a
102a
0000
084d
0000
0010
0000
080d
0000
942a
0000
102a
0000
084d
0000
0010
080d
0000
942a
0000
102a
0000
0c4d
0000
0010
0000
0000
082d
0000
084d
0000
122a
7c3a
0000
0000
082d
0000
0000
122a
0010
0000
0000
082d
0000
0000
122a
0010
0000
082d
0000
0000
122a
0010
0000
0000
082d
0000
0000
122a
0010
0000
082d
0000
122a
0010
0000
0000
082d
0000
0000
122a
0010
0000
0000
082d
0000
0000
122a
0010
0000
0000
0010
0000
0000
0000
0010
0000
0000
0000
0010
0000
0000
0000
0120
086d
0000
0000
0000
0010
086d
0000
0000
0e2a
0000
0000
0010
086d
0000
0000
0e2a
0000
0010
086d
0000
0000
0e2a
0000
0000
0010
086d
0000
0000
0e2a
0000
0000
087d
0000
0e2a
0000
0000
0010
086d
0000
0000
0e2a
0000
0000
0010
086d
0000
0000
0e2a
0000
0010
086d
0000
0000
0e2a
0000
962a
0000
0010
086d
0000
0000
0000
962a
087d
0000
962a
0000
0010
086d
0000
0000
0000
962a
0000
0010
086d
0000
0000
0000
962a
0010
086d
0000
0000
0000
962a
0000
0010
086d
0000
0000
080d
0000
0000
962a
087d
0000
080d
0000
082a
962a
0000
0010
086d
0000
0000
080d
0000
0000
082a
962a
087d
0000
080d
0000
082a
962a
0000
0010
086d
0000
0000
080d
0000
0000
082a
962a
087d
0000
080d
0000
082a
962a
0000
0010
0c6d
0000
0000
080d
0000
0000
082a
0000
087d
0000
080d
0000
7e2a
0000
082a
0000
0010
0000
080d
0000
0000
082a
0000
902a
081d
0000
902a
0010
0000
080d
0000
0000
0000
902a
0010
0000
080d
0000
0000
0000
902a
0010
080d
0000
0000
0000
902a
0010
0000
080d
0000
0000
0000
902a
0010
0000
080d
0000
0000
902a
0010
0000
080d
0000
0000
0000
902a
0010
0000
080d
0000
0000
902a
0010
080d
0000
0000
0000
902a
0010
0000
080d
0000
0000
0000
902a
0010
0000
080d
0000
0000
902a
0010
0000
0c0d
0000
0000
0000
0010
0000
080d
0000
0000
782a
00f0
082d
0000
0010
0000
0000
082d
0000
0000
0a2a
0010
0000
0000
082d
0000
0000
0a2a
0010
0000
082d
0000
0000
0a2a
0010
0000
0000
082d
0000
0000
0a2a
0010
0000
082d
0000
0a2a
0010
0000
0000
082d
0000
0000
0a2a
0010
0000
0000
082d
0000
0000
0a2a
0010
0000
082d
0000
0000
0a2a
0010
922a
0000
0000
082d
0000
0000
0010
922a
082d
0000
923a
0000
0000
082d
0000
0000
0010
922a
0000
0000
082d
0000
0000
0010
922a
0000
082d
0000
0000
0010
922a
0000
0000
082d
0000
0000
0010
922a
0000
0000
082d
0000
0010
922a
0000
0000
082d
0000
0000
0010
922a
0000
0000
082d
0000
0000
923a
0000
082d
0000
0000
0010
922a
0000
0000
082d
0000
0000
0010
922a
0000
0000
0c2d
0000
0010
0000
0000
082d
0000
0000
0f4d
0000
7a2a
0010
0f6d
0000
0000
0f0d
0000
0f2d
0000
0000
0a4d
0000
0010
096d
0000
340a
0000
0a0d
0000
0000
092d
0000
300a
014d
0000
0010
026d
0000
0c2a
0000
010d
0000
0e2a
360a
0000
022d
0000
082a
0a4d
0000
0a2a
320a
097d
0000
642a
340a
0000
0a0d
0000
662a
0000
092d
0000
602a
300a
014d
0000
622a
0010
026d
0000
0000
010d
0000
360a
0000
022d
0000
0000
024d
0000
320a
017d
0000
340a
0000
020d
0000
0000
012d
0000
300a
0000
024d
0000
0010
026d
0000
020d
0000
360a
0000
022d
0000
0000
024d
0000
320a
0010
026d
0000
0c0a
020d
0000
022d
0000
080a
0000
084d
0000
0010
066d
0000
0c0a
0000
080d
0000
0e0a
062d
0000
080a
0a4d
0000
0a0a
0010
086d
0000
0c2a
6c0a
142a
0000
0a0d
0000
0e0a
082d
0000
082a
680a
102a
024d
0000
0a0a
0010
066d
0000
0000
020d
0000
0e2a
6e0a
062d
0000
024d
0000
0a2a
6a0a
0010
0a6d
0000
0c0a
0000
020d
0000
162a
0000
0a2d
0000
080a
064d
0000
122a
0010
066d
0000
0c0a
340a
0000
060d
0000
0e0a
0000
062d
0000
080a
300a
0a4d
0000
0a0a
0010
016d
0000
340a
142a
0000
020d
0000
0e0a
0000
012d
0000
300a
094d
0000
0a0a
0010
026d
0000
142a
0000
010d
0000
360a
0000
022d
0000
0a4d
0000
320a
0010
016d
0000
340a
142a
0000
020d
0000
0000
012d
0000
300a
0a7d
0000
360a
162a
0000
0010
096d
0000
0000
162a
0000
022d
0000
0000
320a
0010
086d
0000
080d
0000
162a
0000
012d
0000
102a
0000
0010
0000
080d
0000
0000
102a
027d
0000
080d
0000
360a
102a
0000
0010
0000
0000
0a2d
0000
0000
320a
122a
0010
082d
0000
122a
0010
0000
082d
0000
0000
122a
0010
0000
0000
0000
0010
0000
0000
0050
034d
0000
0010
0000
0000
024d
0000
0010
0000
030d
0000
0000
0000
0010
0000
020d
0000
e40a
0000
014d
0000
0010
0000
0000
0000
e00a
0010
036d
0000
0000
010d
0000
0000
0010
026d
0000
0000
0000
032d
0000
0000
084d
0000
0010
0000
0000
022d
0000
e60a
084d
0000
0010
016d
0000
0c2a
142a
0000
0000
0000
084d
0000
0010
e20a
142a
0000
012d
0000
0000
0a4d
0000
0010
086d
0000
142a
0000
0000
0000
084d
0000
047d
0000
142a
020d
0000
0e2a
e40a
0000
0000
0a4d
0000
0010
340a
142a
0000
0000
064d
0000
e00a
087d
0000
340a
0000
0a0d
0000
162a
0000
300a
0000
024d
0000
0010
0a6d
0000
340a
060d
0000
162a
0000
082a
300a
0000
0010
086d
0000
0000
020d
0000
162a
022d
0000
e60a
300a
0000
0010
0a6d
0000
0000
360a
162a
0000
0000
0010
0a6d
0000
e20a
360a
162a
0000
022d
0000
0000
084d
0000
320a
0010
066d
0000
142a
0000
360a
022d
0000
0000
084d
0000
320a
0010
142a
0000
0000
0a2d
0000
0000
084d
0000
320a
143a
0000
080d
0000
0000
042d
0000
102a
0000
034d
0000
0a2a
0010
0000
080d
0000
102a
0000
024d
0000
0010
0000
0b0d
0000
0000
102a
0000
0010
0000
0a0d
0000
e40a
102a
0000
014d
0000
0010
0000
080d
0000
0000
102a
0000
e00a
0010
0000
050d
0000
0000
0010
086d
0000
0000
162a
0000
0000
0010
086d
0000
0000
162a
0000
0000
087d
0000
162a
0000
082d
0000
0000
122a
0010
036d
0000
0000
0000
082d
0000
0000
024d
0000
122a
027d
0000
0000
0000
0b2d
0000
0000
122a
0010
0000
020d
0000
e40a
0a2d
0000
e60a
024d
0000
122a
0010
016d
0000
340a
0000
0000
082d
0000
0000
024d
0000
e00a
122a
e21a
340a
0000
0a0d
0000
0000
052d
0000
300a
102a
0000
024d
0000
341a
0a0d
0000
0000
300a
102a
0000
0010
0000
0a0d
0000
0000
300a
102a
0000
0010
082d
0000
122a
0010
0000
082d
0000
0000
122a
0010
026d
0000
0000
0000
082d
0000
122a
0010
0000
022d
0000
e60a
0000
0010
026d
0000
0000
360a
0000
0000
034d
0000
027d
0000
e20a
360a
0000
022d
0000
0000
024d
0000
320a
0010
026d
0000
0000
030d
0000
360a
022d
0000
0000
320a
0010
0000
020d
0000
e40a
0000
022d
0000
0000
024d
0000
320a
0010
940a
0000
0000
024d
0000
e00a
0010
0000
020d
0000
940a
0000
0000
024d
0000
900a
0010
020d
0000
940a
0000
0000
024d
0000
900a
0010
0000
020d
0000
2c0a
0000
024d
0000
900a
0010
0000
020d
0000
940a
0000
0000
024d
0000
280a
0010
020d
0000
940a
0000
024d
0000
900a
0010
0000
020d
0000
0000
0000
900a
0010
0000
020d
0000
e40a
0000
0010
0000
0000
0000
e00a
0010
036d
0000
0000
0000
0000
0010
026d
0000
0000
032d
0000
0000
0010
0000
0000
022d
0000
e60a
0000
0010
026d
0000
960a
027d
0000
e20a
0000
0000
022d
0000
960a
0000
0010
026d
0000
920a
0000
0000
022d
0000
960a
084d
0000
0010
026d
0000
920a
0000
0000
022d
0000
2e0a
0000
084d
0000
027d
0000
0c2a
920a
0000
0000
022d
0000
960a
0000
084d
0000
0010
026d
0000
0c2a
2a0a
0000
022d
0000
960a
0000
084d
0000
0010
026d
0000
0c2a
920a
0000
0000
022d
0000
084d
0000
0010
0c2a
920a
0000
0000
022d
0000
e60a
0000
084d
0000
0010
0c2a
0000
0000
0b4d
0000
0010
0c2a
e20a
0000
0000
0000
0a4d
0000
0010
0c2a
7c0a
030d
0000
0000
084d
0000
0010
0c2a
0000
020d
0000
942a
0000
780a
0000
084d
0000
943a
084d
0000
0010
0000
942a
0000
0000
084d
0000
0010
0000
942a
0000
0000
084d
0000
0010
942a
0000
0000
084d
0000
0010
0000
942a
0000
0000
084d
0000
0010
0000
942a
0000
084d
0000
0010
0000
942a
0000
0000
084d
0000
0010
0000
942a
0000
0000
084d
0000
0010
942a
0000
0000
084d
0000
0010
036d
0000
0000
942a
0000
0000
084d
0000
027d
0000
0000
942a
7e0a
0000
032d
0000
0000
0c4d
0000
0010
086d
0000
0000
022d
0000
084d
0000
7a0a
0010
086d
0000
7c2a
0000
0e2a
0000
0000
0010
086d
0000
0e2a
0000
0010
086d
0000
0000
0e2a
0000
0000
0010
086d
0000
0000
0e2a
0000
0000
087d
0000
0e2a
0000
0000
0010
086d
0000
0000
0e2a
0000
0000
0010
086d
0000
0000
0e2a
0000
0010
086d
0000
0000
0e2a
0000
962a
0000
0010
086d
0000
0000
0000
962a
087d
0000
962a
0000
0010
086d
0000
0000
0000
962a
0000
0010
086d
0000
0000
0000
962a
0010
086d
0000
0000
0000
962a
0000
0010
086d
0000
0000
0000
962a
0000
0010
086d
0000
0000
962a
0000
0010
086d
0000
0000
0000
962a
0000
0010
086d
0000
0000
962a
0010
086d
0000
0000
0000
962a
0000
0010
086d
0000
0000
0000
962a
0000
0010
0c6d
0000
0000
0000
0010
086d
0000
0000
7e2a
0000
0000
0010
0000
0000
0000
0010
00a0
080d
0000
0000
0010
0000
080d
0000
0000
082a
0000
0010
0000
080d
0000
0000
082a
0010
0000
080d
0000
0000
082a
0000
0010
0000
080d
0000
0000
082a
0000
0010
080d
0000
082a
0000
0010
0000
080d
0000
0000
082a
0000
0010
0000
080d
0000
0000
082a
0010
0000
080d
0000
0000
082a
0000
902a
0010
0000
080d
0000
0000
082d
0000
902a
0010
080d
0000
0000
082d
0000
0000
0a2a
902a
0010
0000
080d
0000
0000
082d
0000
0a2a
902a
0010
0000
080d
0000
0000
082d
0000
0000
0a2a
902a
0010
0000
080d
0000
082d
0000
0000
0a2a
902a
0010
0000
080d
0000
0000
082d
0000
0000
0a2a
902a
081d
0000
082d
0000
0a2a
902a
0010
0000
080d
0000
0000
082d
0000
0000
0a2a
902a
081d
0000
082d
0000
0a2a
902a
0010
922a
0000
080d
0000
0000
082d
0000
0000
902a
923a
080d
0000
0000
082d
0000
0000
902a
0010
922a
0000
0c0d
0000
0000
082d
0000
923a
080d
0000
082d
0000
782a
0000
0010
922a
0000
0000
082d
0000
0000
0010
922a
082d
0000
923a
082d
0000
923a
082d
0000
0010
922a
0000
0000
082d
0000
0000
0010
922a
0000
082d
0000
0000
0010
922a
0000
0000
082d
0000
0000
0010
922a
0000
0000
0c2d
0000
0010
0000
0000
082d
0000
0000
0f4d
0000
7a2a
0010
0f6d
0000
0000
0f0d
0000
0f2d
0000
0000
0a4d
0000
0010
0a6d
0000
0000
0a0d
0000
0000
0a2d
0000
0000
0c3a
0e2a
e40a
0000
082a
e60a
0000
0a4d
0000
0a2a
e00a
0010
096d
0000
e20a
642a
340a
0a0d
0000
662a
0000
092d
0000
602a
300a
0000
014d
0000
622a
0010
026d
0000
010d
0000
360a
022d
0000
0000
024d
0000
320a
0010
016d
0000
340a
0000
020d
0000
012d
0000
300a
014d
0000
0010
026d
0000
0000
010d
0000
360a
0000
022d
0000
0000
024d
0000
320a
017d
0000
340a
0000
020d
0000
0000
012d
0000
300a
0000
094d
0000
0a7d
0000
090d
0000
360a
0000
0a2d
0000
0000
0a4d
0000
320a
0010
066d
0000
0c2a
142a
060d
0000
0e2a
0000
062d
0000
082a
0000
0a2a
0010
086d
0000
0000
080d
0000
e40a
162a
e60a
102a
0000
024d
0000
e00a
0010
026d
0000
e20a
0000
020d
0000
0000
0a2d
0000
044d
0000
122a
0010
046d
0000
0c0a
0000
040d
0000
0e0a
0000
042d
0000
080a
0a4d
0000
0a0a
0010
026d
0000
640a
142a
0000
020d
0000
660a
0000
022d
0000
600a
084d
0000
620a
0010
142a
0000
0000
0000
084d
0000
0010
142a
0000
0000
0000
087d
0000
162a
0000
0000
0010
086d
0000
0000
162a
0000
0000
024d
0000
0010
096d
0000
340a
0a0d
0000
162a
0000
012d
0000
300a
102a
0000
014d
0000
0010
026d
0000
090d
0000
360a
022d
0000
102a
0000
024d
0000
320a
0010
016d
0000
340a
0000
0a0d
0000
012d
0000
300a
102a
0000
0010
026d
0000
0000
360a
0000
0a2d
0000
0000
024d
0000
320a
122a
017d
0000
340a
0000
020d
0000
0000
092d
0000
300a
0000
122a
0010
026d
0000
360a
0000
0a2d
0000
0000
320a
122a
0010
0000
0000
0000
0010
0000
0000
0070
034d
0000
0010
0000
0000
024d
0000
0010
0000
030d
0000
0000
0000
0010
0000
020d
0000
e40a
0000
014d
0000
0010
0000
0000
0000
084d
0000
e00a
0010
036d
0000
010d
0000
0000
084d
0000
0010
026d
0000
0c2a
142a
0000
0000
032d
0000
0000
084d
0000
143a
0000
0000
022d
0000
e60a
0000
084d
0000
0010
096d
0000
142a
0000
0000
084d
0000
047d
0000
e20a
142a
0000
0e2a
0000
012d
0000
0000
0a4d
0000
0010
142a
044d
0000
087d
0000
0000
0a0d
0000
e40a
162a
0000
0000
024d
0000
0010
086d
0000
340a
040d
0000
162a
0000
082a
0000
024d
0000
e00a
0010
086d
0000
340a
0000
020d
0000
162a
300a
0000
024d
0000
0010
0a6d
0000
340a
0000
020d
0000
162a
0000
082d
0000
300a
0010
086d
0000
0000
020d
0000
162a
0000
062d
0000
e60a
300a
0000
084d
0000
0a2a
067d
0000
142a
0000
360a
0000
0000
084d
0000
0010
026d
0000
e20a
142a
360a
022d
0000
0000
084d
0000
320a
0010
026d
0000
142a
0000
080d
0000
360a
0000
022d
0000
102a
320a
0010
0000
080d
0000
0000
022d
0000
102a
0000
320a
0010
0000
080d
0000
102a
0000
0010
0000
080d
0000
0000
102a
0000
0010
0000
080d
0000
0000
102a
0010
0000
040d
0000
0000
082d
0000
0000
122a
0010
0000
0000
082d
0000
0000
034d
0000
122a
0010
0000
082d
0000
0000
024d
0000
122a
0010
0000
030d
0000
0000
082d
0000
122a
0010
0000
020d
0000
e40a
0000
082d
0000
0000
014d
0000
122a
0010
042d
0000
e00a
0b7d
0000
0000
010d
0000
162a
0000
0000
0010
0a6d
0000
0000
162a
032d
0000
0010
086d
0000
0000
080d
0000
162a
0000
022d
0000
e60a
102a
0000
0010
016d
0000
080d
0000
0000
102a
0000
0010
e20a
0000
080d
0000
0000
012d
0000
102a
024d
0000
0010
0000
082d
0000
0000
122a
0010
0000
020d
0000
e40a
0000
082d
0000
024d
0000
122a
341a
0000
0000
082d
0000
0000
024d
0000
e00a
122a
0010
340a
0000
020d
0000
300a
0000
024d
0000
0010
026d
0000
340a
0000
020d
0000
0000
300a
0000
021d
0000
022d
0000
e60a
300a
084d
0000
0010
026d
0000
0000
360a
0000
0000
0b4d
0000
027d
0000
0c2a
e20a
0000
360a
0000
022d
0000
0000
0a4d
0000
320a
0010
026d
0000
0c2a
030d
0000
360a
0000
022d
0000
0000
084d
0000
320a
0010
0c2a
0000
020d
0000
e40a
022d
0000
0000
0a4d
0000
320a
0010
0c2a
0000
940a
0000
0000
0a4d
0000
e00a
0c3a
0000
020d
0000
940a
0000
0000
0a4d
0000
900a
0010
0c2a
0000
020d
0000
940a
0000
0a4d
0000
900a
0010
0c2a
0000
020d
0000
2c0a
0000
0000
064d
0000
900a
0c3a
020d
0000
940a
0000
0000
024d
0000
280a
0010
0000
020d
0000
940a
0000
0000
024d
0000
900a
0010
020d
0000
0000
0000
900a
0010
0000
020d
0000
e40a
0000
0000
084d
0000
0010
942a
0000
0000
084d
0000
e00a
0010
036d
0000
0000
942a
0000
0000
084d
0000
027d
0000
0000
942a
0000
032d
0000
0000
084d
0000
0010
0000
942a
0000
022d
0000
e60a
084d
0000
0010
026d
0000
0000
942a
0000
960a
0000
084d
0000
0010
026d
0000
e20a
942a
0000
022d
0000
960a
0000
084d
0000
0010
026d
0000
920a
0000
942a
022d
0000
960a
0000
084d
0000
0010
026d
0000
920a
0000
942a
0000
022d
0000
2e0a
084d
0000
0010
026d
0000
920a
0000
942a
0000
022d
0000
960a
0000
084d
0000
027d
0000
2a0a
942a
0000
022d
0000
960a
0000
084d
0000
0010
026d
0000
920a
0000
942a
022d
0000
0000
084d
0000
0010
920a
0000
942a
0000
022d
0000
e60a
0000
0c4d
0000
0010
0000
0000
0b4d
0000
0010
e20a
7c2a
0000
0000
0000
024d
0000
0010
7c0a
030d
0000
0000
0010
0000
020d
0000
0000
780a
0000
0010
0000
0000
0000
0010
0000
0080
036d
0000
0000
0000
0010
026d
0000
0000
7e0a
0000
032d
0000
0000
0010
0000
022d
0000
7a0a
0010
0000
0000
0000
0010
0000
0000
0000
0010
0000
0000
0000
0010
0210
086d
0000
0000
0000
0010
086d
0000
0000
0e2a
0000
0000
0010
086d
0000
0000
0e2a
0000
0010
086d
0000
0000
0e2a
0000
0000
0010
086d
0000
0000
0e2a
0000
0000
087d
0000
0e2a
0000
0000
0010
086d
0000
0000
0e2a
0000
0000
0010
086d
0000
0000
0e2a
0000
0010
086d
0000
0000
0e2a
0000
962a
0000
0010
086d
0000
0000
0000
962a
087d
0000
962a
0000
0010
086d
0000
0000
0000
962a
0000
0010
086d
0000
0000
080d
0000
962a
0000
0010
086d
0000
0000
080d
0000
0000
082a
962a
0000
0010
086d
0000
080d
0000
082a
962a
0000
0010
086d
0000
0000
080d
0000
0000
082a
962a
0000
0010
086d
0000
080d
0000
0000
082a
962a
0000
0010
086d
0000
0000
080d
0000
0000
082a
962a
0010
086d
0000
0000
080d
0000
0000
082a
962a
0000
0010
086d
0000
0000
080d
0000
082a
962a
0000
0010
0c6d
0000
0000
080d
0000
0000
082a
0000
902a
0010
086d
0000
080d
0000
7e2a
0000
0000
902a
0010
0000
080d
0000
0000
0000
902a
0010
0000
080d
0000
0000
902a
0010
0000
080d
0000
0000
082d
0000
0000
902a
0010
0000
080d
0000
082d
0000
0000
0a2a
902a
0010
0000
080d
0000
0000
082d
0000
0000
0a2a
902a
081d
0000
082d
0000
0a2a
902a
0010
0000
080d
0000
0000
082d
0000
0000
0a2a
902a
081d
0000
082d
0000
0a2a
902a
0010
0000
080d
0000
0000
082d
0000
0000
0a2a
902a
081d
0000
082d
0000
0a2a
902a
0010
0000
0c0d
0000
0000
082d
0000
0000
0a2a
0010
922a
080d
0000
0000
082d
0000
782a
0000
0010
922a
0000
0000
082d
0000
0000
0010
922a
0000
082d
0000
0000
0010
922a
0000
0000
082d
0000
0000
0010
922a
0000
0000
082d
0000
0010
922a
0000
0000
082d
0000
0000
0010
922a
0000
0000
082d
0000
0000
923a
0000
082d
0000
0000
0010
922a
0000
0000
082d
0000
0000
0010
922a
0000
0000
082d
0000
0010
922a
0000
0000
082d
0000
0000
0010
922a
0000
0000
0c2d
0000
0000
083d
0000
0f4d
0000
7a2a
0010
0f6d
0000
0000
0f0d
0000
0000
0f2d
0000
0000
0a4d
0000
0a7d
0000
0000
0a0d
0000
0000
0a2d
0000
0000
0010
0c2a
0000
0e2a
e40a
0000
082a
e60a
0a4d
0000
0a2a
e00a
0010
096d
0000
e20a
642a
340a
0000
0a0d
0000
662a
092d
0000
602a
300a
014d
0000
622a
0010
026d
0000
0000
010d
0000
360a
0000
022d
0000
024d
0000
320a
0010
016d
0000
340a
0000
020d
0000
0000
012d
0000
300a
0000
014d
0000
027d
0000
0000
010d
0000
360a
0000
022d
0000
0000
024d
0000
320a
0010
016d
0000
340a
020d
0000
0000
012d
0000
300a
0000
094d
0000
0010
0a6d
0000
0000
090d
0000
360a
0a2d
0000
0000
0a4d
0000
320a
0010
066d
0000
0c2a
142a
0000
060d
0000
0e2a
062d
0000
082a
0000
0a2a
0010
086d
0000
0000
080d
0000
e40a
162a
0000
e60a
102a
024d
0000
e00a
0010
026d
0000
e20a
0000
020d
0000
0000
0a2d
0000
0000
044d
0000
122a
047d
0000
0c0a
0000
040d
0000
0e0a
0000
080a
0000
0a4d
0000
0a0a
027d
0000
640a
142a
020d
0000
660a
0000
062d
0000
600a
0000
084d
0000
620a
0010
142a
0000
0000
084d
0000
0010
142a
0000
0000
0000
0010
086d
0000
0000
162a
0000
087d
0000
162a
0000
024d
0000
0010
096d
0000
340a
0000
0a0d
0000
162a
0000
300a
102a
014d
0000
0010
026d
0000
0000
0a0d
0000
360a
0000
012d
0000
300a
102a
0000
024d
0000
017d
0000
340a
0000
080d
0000
0000
022d
0000
102a
0000
320a
0010
026d
0000
360a
0000
0a2d
0000
0000
024d
0000
320a
122a
0010
016d
0000
340a
0000
020d
0000
082d
0000
300a
0000
122a
0010
026d
0000
0000
360a
0000
0a2d
0000
0000
320a
122a
0010
0000
0000
0010
0000
0000
0000
0010
0000
0000
0000
0010
0000
0000
0000
0050
034d
0000
0010
0000
0000
024d
0000
0010
0000
030d
0000
0000
0000
0010
0000
020d
0000
e40a
0000
014d
0000
0010
0000
0000
0000
084d
0000
e00a
0010
036d
0000
010d
0000
0000
084d
0000
0010
026d
0000
0c2a
142a
0000
0000
032d
0000
0000
084d
0000
143a
0000
0000
022d
0000
e60a
0000
084d
0000
0010
096d
0000
142a
0000
0000
084d
0000
047d
0000
e20a
142a
0000
0e2a
0000
012d
0000
0000
0a4d
0000
0010
142a
044d
0000
087d
0000
0000
0a0d
0000
e40a
162a
0000
0000
024d
0000
0010
086d
0000
340a
040d
0000
162a
0000
082a
0000
024d
0000
e00a
0010
086d
0000
340a
0000
020d
0000
162a
300a
0000
024d
0000
0010
0a6d
0000
340a
0000
020d
0000
162a
0000
300a
087d
0000
020d
0000
162a
022d
0000
e60a
300a
0000
084d
0000
0010
066d
0000
142a
360a
0000
084d
0000
0010
026d
0000
e20a
142a
0000
360a
0000
022d
0000
0000
084d
0000
320a
027d
0000
142a
0000
080d
0000
360a
0000
022d
0000
102a
0000
320a
0010
080d
0000
022d
0000
102a
0000
320a
0010
0000
080d
0000
0000
102a
0000
0010
0000
080d
0000
102a
0000
0010
0000
080d
0000
0000
102a
0000
0010
0000
040d
0000
0000
087d
0000
162a
0000
034d
0000
0010
086d
0000
0000
162a
0000
082d
0000
0000
024d
0000
087d
0000
0000
0b0d
0000
162a
0000
042d
0000
102a
0000
0a2a
0010
0000
0a0d
0000
e40a
102a
0000
014d
0000
0010
0000
080d
0000
0000
102a
0000
e00a
0010
036d
0000
010d
0000
0000
082d
0000
0000
122a
0010
026d
0000
0000
0000
0b2d
0000
0000
122a
0010
0000
0a2d
0000
e60a
0000
122a
0010
016d
0000
0000
0000
082d
0000
0000
122a
e21a
0000
0000
092d
0000
0000
024d
0000
122a
0010
0000
0000
082d
0000
0000
122a
0010
020d
0000
e40a
0000
082d
0000
0000
024d
0000
122a
0010
340a
0000
0000
082d
0000
024d
0000
e00a
122a
0010
340a
0000
020d
0000
0000
300a
0000
024d
0000
027d
0000
340a
020d
0000
0000
300a
0000
0010
0000
020d
0000
0000
022d
0000
e60a
300a
0010
026d
0000
0000
360a
0000
0000
034d
0000
0010
026d
0000
e20a
0000
360a
022d
0000
024d
0000
320a
0010
026d
0000
0000
030d
0000
360a
0000
022d
0000
0000
320a
0010
020d
0000
e40a
0000
022d
0000
0000
024d
0000
320a
0010
0000
940a
0000
024d
0000
e00a
0010
020d
0000
940a
0000
0000
024d
0000
900a
0010
0000
020d
0000
940a
024d
0000
900a
021d
0000
2c0a
0000
024d
0000
900a
0010
0000
020d
0000
940a
024d
0000
280a
021d
0000
940a
0000
0000
024d
0000
900a
0010
0000
020d
0000
0000
900a
0010
020d
0000
e40a
0000
0000
0010
0000
0000
0000
e00a
0010
036d
0000
0000
027d
0000
0000
032d
0000
0000
0010
0000
0000
022d
0000
e60a
0000
0010
026d
0000
960a
027d
0000
e20a
0000
0000
022d
0000
960a
0000
0010
026d
0000
920a
0000
0000
022d
0000
960a
0010
026d
0000
920a
0000
0000
022d
0000
2e0a
0000
0010
026d
0000
920a
0000
022d
0000
960a
0000
0010
026d
0000
2a0a
0000
0000
022d
0000
960a
0000
027d
0000
920a
0000
022d
0000
0000
0010
920a
0000
0000
022d
0000
e60a
0000
0010
034d
0000
e21a
0000
0000
0000
024d
0000
0010
7c0a
0000
030d
0000
0000
0000
0010
020d
0000
780a
0000
0010
0000
0000
0000
0010
0000
0000
0000
084d
0000
0010
0000
084d
0000
0c3a
0000
0000
084d
0000
0010
0c2a
0000
0000
0000
084d
0000
0010
0c2a
084d
0000
0c3a
0000
0000
0000
084d
0000
0010
0c2a
0000
0000
0000
084d
0000
0010
0c2a
0000
0000
084d
0000
0010
036d
0000
0c2a
0000
0000
0000
084d
0000
0010
026d
0000
0c2a
942a
7e0a
0000
032d
0000
0000
084d
0000
0010
0000
942a
0000
022d
0000
084d
0000
7a0a
0010
942a
0000
0000
084d
0000
0010
0000
942a
0000
0000
084d
0000
943a
084d
0000
0010
0000
942a
0000
0000
084d
0000
0010
0000
942a
0000
0000
084d
0000
0010
942a
0000
0000
084d
0000
0010
086d
0000
0000
942a
0000
0000
084d
0000
087d
0000
0e2a
942a
0000
0000
084d
0000
0010
086d
0000
0000
0e2a
942a
0000
0000
084d
0000
087d
0000
0000
0e2a
942a
0000
0000
0c4d
0000
0010
086d
0000
0000
0e2a
084d
0000
087d
0000
7c2a
080d
0000
0e2a
0000
0000
0010
086d
0000
0000
080d
0000
0e2a
082a
0000
0010
086d
0000
0000
080d
0000
0e2a
0000
082a
0000
0010
086d
0000
080d
0000
0e2a
082a
962a
0000
0010
086d
0000
0000
080d
0000
0000
082a
962a
0000
087d
0000
080d
0000
0000
082a
962a
0000
0010
086d
0000
0000
080d
0000
0000
082a
962a
0010
086d
0000
0000
080d
0000
0000
082a
962a
0000
0010
086d
0000
0000
080d
0000
082a
962a
0000
902a
0010
086d
0000
0000
080d
0000
0000
962a
0000
902a
0010
086d
0000
080d
0000
0000
962a
0000
902a
0010
086d
0000
0000
080d
0000
0000
962a
902a
087d
0000
0000
080d
0000
0000
962a
0000
902a
0010
086d
0000
0000
080d
0000
962a
902a
0010
086d
0000
0000
080d
0000
0000
962a
0000
902a
0010
0c6d
0000
0000
080d
0000
0000
902a
0010
086d
0000
0000
080d
0000
7e2a
0000
0000
902a
0010
0000
080d
0000
0000
902a
0010
0000
080d
0000
0000
0000
902a
0010
0000
080d
0000
0000
902a
0010
0c0d
0000
0000
0000
0010
0000
080d
0000
0000
782a
0000
0010
0000
0000
0050
082d
0000
0010
0000
0000
082d
0000
0000
0a2a
0010
0000
0000
082d
0000
0000
0a2a
0010
0000
082d
0000
0000
0a2a
0010
0000
0000
082d
0000
0000
0a2a
0010
0000
082d
0000
0a2a
0010
0000
0000
082d
0000
0000
0a2a
0010
0000
0000
082d
0000
0000
0a2a
0010
0000
082d
0000
0000
0a2a
0010
922a
0000
0000
082d
0000
0000
0010
922a
082d
0000
923a
0000
0000
082d
0000
0000
0010
922a
0000
0000
082d
0000
0000
0010
922a
0000
082d
0000
0000
0010
922a
0000
0000
082d
0000
0000
0010
922a
0000
0000
082d
0000
0010
922a
0000
0000
082d
0000
0000
0010
922a
0000
0000
082d
0000
0000
923a
0000
082d
0000
0000
0010
922a
0000
0000
082d
0000
0000
0010
922a
0000
0000
0c2d
0000
0010
0000
0000
082d
0000
0000
0f4d
0000
7a2a
0010
0f6d
0000
0000
0f0d
0000
0f2d
0000
0000
0a4d
0000
0010
0a6d
0000
0000
0a0d
0000
0000
0a2d
0000
0000
0c3a
0e2a
e40a
0000
082a
e60a
0000
0a4d
0000
0a2a
e00a
0010
096d
0000
e20a
642a
340a
0a0d
0000
662a
0000
092d
0000
602a
300a
0000
014d
0000
622a
0010
026d
0000
010d
0000
360a
022d
0000
0000
024d
0000
320a
0010
016d
0000
340a
0000
020d
0000
012d
0000
300a
014d
0000
0010
026d
0000
0000
010d
0000
360a
0000
022d
0000
0000
024d
0000
320a
017d
0000
340a
0000
020d
0000
0000
012d
0000
300a
0000
094d
0000
0a7d
0000
090d
0000
360a
0000
0a2d
0000
0000
0a4d
0000
320a
0010
066d
0000
0c2a
142a
060d
0000
0e2a
0000
062d
0000
082a
0000
0a2a
0010
086d
0000
0000
080d
0000
e40a
162a
e60a
102a
0000
024d
0000
e00a
0010
026d
0000
e20a
0000
020d
0000
0000
0a2d
0000
044d
0000
122a
0010
046d
0000
0c0a
0000
040d
0000
0e0a
0000
042d
0000
080a
0a4d
0000
0a0a
0010
026d
0000
640a
142a
0000
020d
0000
660a
0000
022d
0000
600a
084d
0000
620a
0010
142a
0000
0000
0000
084d
0000
0010
142a
0000
0000
0000
087d
0000
162a
0000
0000
0010
086d
0000
0000
162a
0000
0000
024d
0000
0010
096d
0000
340a
0a0d
0000
162a
0000
012d
0000
300a
102a
0000
014d
0000
0010
026d
0000
090d
0000
360a
022d
0000
102a
0000
024d
0000
320a
0010
016d
0000
340a
0000
0a0d
0000
012d
0000
300a
102a
0000
0010
026d
0000
0000
360a
0000
0a2d
0000
0000
024d
0000
320a
122a
017d
0000
340a
0000
020d
0000
0000
092d
0000
300a
0000
122a
0010
026d
0000
360a
0000
0a2d
0000
0000
320a
122a
0010
0000
0000
0000
0010
0000
0000
0070
034d
0000
0010
0000
0000
024d
0000
0010
0000
030d
0000
0000
0000
0010
0000
020d
0000
e40a
0000
014d
0000
0010
0000
0000
0000
084d
0000
e00a
0010
036d
0000
010d
0000
0000
084d
0000
0010
026d
0000
0c2a
142a
0000
0000
032d
0000
0000
084d
0000
143a
0000
0000
022d
0000
e60a
0000
084d
0000
0010
096d
0000
142a
0000
0000
084d
0000
047d
0000
e20a
142a
0000
0e2a
0000
012d
0000
0000
0a4d
0000
0010
142a
044d
0000
087d
0000
0000
0a0d
0000
e40a
162a
0000
0000
024d
0000
0010
086d
0000
340a
040d
0000
162a
0000
082a
0000
024d
0000
e00a
0010
086d
0000
340a
0000
020d
0000
162a
300a
0000
024d
0000
0010
0a6d
0000
340a
0000
020d
0000
162a
0000
082d
0000
300a
0010
086d
0000
0000
020d
0000
162a
0000
062d
0000
e60a
300a
0000
084d
0000
0a2a
067d
0000
142a
0000
360a
0000
0000
084d
0000
0010
026d
0000
e20a
142a
360a
022d
0000
0000
084d
0000
320a
0010
026d
0000
142a
0000
080d
0000
360a
0000
022d
0000
102a
320a
0010
0000
080d
0000
0000
022d
0000
102a
0000
320a
0010
0000
080d
0000
102a
0000
0010
0000
080d
0000
0000
102a
0000
0010
0000
080d
0000
0000
102a
0010
0000
040d
0000
0000
082d
0000
0000
122a
0010
0000
0000
082d
0000
0000
034d
0000
122a
0010
0000
082d
0000
0000
024d
0000
122a
0010
0000
030d
0000
0000
082d
0000
122a
0010
0000
020d
0000
e40a
0000
082d
0000
0000
014d
0000
122a
0010
042d
0000
e00a
0b7d
0000
0000
010d
0000
162a
0000
0000
0010
0a6d
0000
0000
162a
032d
0000
0010
086d
0000
0000
080d
0000
162a
0000
022d
0000
e60a
102a
0000
0010
016d
0000
080d
0000
0000
102a
0000
0010
e20a
0000
080d
0000
0000
012d
0000
102a
024d
0000
0010
0000
082d
0000
0000
122a
0010
0000
020d
0000
e40a
0000
082d
0000
024d
0000
122a
341a
0000
0000
082d
0000
0000
024d
0000
e00a
122a
0010
340a
0000
020d
0000
300a
0000
024d
0000
0010
026d
0000
340a
0000
020d
0000
0000
300a
0000
021d
0000
022d
0000
e60a
300a
084d
0000
0010
026d
0000
0000
360a
0000
0000
0b4d
0000
027d
0000
0c2a
e20a
0000
360a
0000
022d
0000
0000
0a4d
0000
320a
0010
026d
0000
0c2a
030d
0000
360a
0000
022d
0000
0000
084d
0000
320a
0010
0c2a
0000
020d
0000
e40a
022d
0000
0000
0a4d
0000
320a
0010
0c2a
0000
940a
0000
0000
0a4d
0000
e00a
0c3a
0000
020d
0000
940a
0000
0000
0a4d
0000
900a
0010
0c2a
0000
020d
0000
940a
0000
0a4d
0000
900a
0010
0c2a
0000
020d
0000
2c0a
0000
0000
064d
0000
900a
0c3a
020d
0000
940a
0000
0000
024d
0000
280a
0010
0000
020d
0000
940a
0000
0000
024d
0000
900a
0010
020d
0000
0000
0000
900a
0010
0000
020d
0000
e40a
0000
0000
084d
0000
0010
942a
0000
0000
084d
0000
e00a
0010
036d
0000
0000
942a
0000
0000
084d
0000
027d
0000
0000
942a
0000
032d
0000
0000
084d
0000
0010
0000
942a
0000
022d
0000
e60a
084d
0000
0010
026d
0000
0000
942a
0000
960a
0000
084d
0000
0010
026d
0000
e20a
942a
0000
022d
0000
960a
0000
084d
0000
0010
026d
0000
920a
0000
942a
022d
0000
960a
0000
084d
0000
0010
026d
0000
920a
0000
942a
0000
022d
0000
2e0a
084d
0000
0010
026d
0000
920a
0000
942a
0000
022d
0000
960a
0000
084d
0000
027d
0000
2a0a
942a
0000
022d
0000
960a
0000
084d
0000
0010
026d
0000
920a
0000
942a
022d
0000
0000
084d
0000
0010
920a
0000
942a
0000
022d
0000
e60a
0000
0c4d
0000
0010
0000
0000
0b4d
0000
0010
e20a
7c2a
0000
0000
0000
024d
0000
0010
7c0a
030d
0000
0000
0010
0000
020d
0000
0000
780a
0000
0010
0000
0000
0000
0010
0000
0080
036d
0000
0000
0000
0010
026d
0000
0000
7e0a
0000
032d
0000
0000
0010
0000
022d
0000
7a0a
0010
0000
0000
0000
0010
0000
0000
0000
0010
0000
0000
0000
0010
0050
086d
0000
0000
0000
0010
086d
0000
0000
0e2a
0000
0000
0010
086d
0000
0000
0e2a
0000
0010
086d
0000
0000
0e2a
0000
0000
0010
086d
0000
0000
0e2a
0000
0000
087d
0000
0e2a
0000
0000
0010
086d
0000
0000
0e2a
0000
0000
0010
086d
0000
0000
080d
0000
0e2a
0000
0010
086d
0000
0000
080d
0000
0e2a
0000
082a
962a
0000
0010
086d
0000
080d
0000
0000
082a
962a
0000
0010
086d
0000
0000
080d
0000
0000
082a
962a
0010
086d
0000
0000
080d
0000
0000
082a
962a
0000
0010
086d
0000
0000
080d
0000
082a
962a
0000
0010
086d
0000
0000
080d
0000
0000
082a
962a
0000
0010
086d
0000
080d
0000
0000
082d
0000
082a
962a
0000
0010
086d
0000
0000
080d
0000
0000
082d
0000
082a
962a
0a2a
902a
0010
086d
0000
0000
080d
0000
0000
082d
0000
962a
0a2a
902a
087d
0000
0000
080d
0000
0000
082d
0000
962a
0000
0a2a
902a
0010
086d
0000
080d
0000
0000
082d
0000
962a
0000
0a2a
902a
0010
086d
0000
0000
080d
0000
082d
0000
962a
0a2a
902a
0010
0c6d
0000
0000
080d
0000
0000
082d
0000
0000
0a2a
902a
087d
0000
0000
080d
0000
7e2a
0000
082d
0000
0000
0a2a
902a
0010
0000
080d
0000
082d
0000
0000
0a2a
902a
0010
922a
0000
080d
0000
0000
082d
0000
c746
0000
902a
923a
0746
0000
080d
0000
0000
082d
0000
4746
0000
902a
0010
922a
0000
080d
0000
082d
0000
8746
0000
902a
0010
922a
0000
080d
0000
0000
082d
0000
0000
902a
923a
0c0d
0000
0000
082d
0000
0000
0010
922a
0000
080d
0000
0000
082d
0000
782a
923a
082d
0000
0000
0010
922a
0000
0000
082d
0000
0000
0010
922a
0000
0000
082d
0000
0010
922a
0000
0000
082d
0000
0000
0010
922a
0000
0000
082d
0000
0000
0010
922a
0000
0c2d
0000
0000
0010
0000
0000
082d
0000
0000
0f4d
0000
7a2a
0010
0f6d
0000
0f0d
0000
0000
0f2d
0000
0000
0a4d
0000
0010
0a6d
0000
0000
0a0d
0000
0000
0a2d
0000
0010
0c2a
0000
0e2a
e40a
0000
082a
e60a
0000
0a4d
0000
0a2a
e00a
0010
096d
0000
e20a
642a
340a
0a0d
0000
662a
0000
092d
0000
602a
300a
0000
014d
0000
622a
027d
0000
0000
010d
0000
360a
0000
022d
0000
0000
024d
0000
320a
0010
016d
0000
340a
020d
0000
0000
012d
0000
300a
0000
014d
0000
0010
026d
0000
0000
010d
0000
360a
022d
0000
0000
024d
0000
320a
0010
016d
0000
340a
0000
020d
0000
0000
012d
0000
300a
094d
0000
0010
0a6d
0000
0000
090d
0000
360a
0000
0a2d
0000
0000
0a4d
0000
320a
067d
0000
0c2a
142a
0000
060d
0000
0e2a
0000
062d
0000
082a
0000
0a2a
087d
0000
080d
0000
e40a
162a
e60a
102a
024d
0000
e00a
027d
0000
e20a
020d
0000
0a2d
0000
044d
0000
122a
0010
046d
0000
0c0a
0000
040d
0000
0e0a
0000
042d
0000
080a
0a4d
0000
0a0a
0010
026d
0000
640a
142a
0000
020d
0000
660a
0000
022d
0000
600a
084d
0000
620a
0010
142a
0000
0000
0000
084d
0000
0010
142a
0000
0000
087d
0000
162a
0000
0010
086d
0000
0000
162a
0000
0000
024d
0000
0010
096d
0000
340a
c5c6
0a0d
0000
162a
0000
012d
0000
300a
102a
05c6
0000
014d
0000
0010
026d
0000
45c6
090d
0000
360a
0000
022d
0000
102a
0000
024d
0000
320a
0010
016d
0000
340a
85c6
0a0d
0000
0000
012d
0000
300a
102a
0000
0010
026d
0000
0000
360a
0000
0a2d
0000
024d
0000
320a
122a
0010
016d
0000
340a
0000
020d
0000
0000
092d
0000
300a
122a
0010
026d
0000
0000
360a
0000
0a2d
0000
0000
320a
122a
0010
0000
0000
0080
034d
0000
0010
0000
0000
024d
0000
0010
0000
030d
0000
0000
0000
0010
0000
020d
0000
e40a
0000
014d
0000
0010
0000
0000
0000
084d
0000
e00a
0010
036d
0000
010d
0000
0000
084d
0000
0010
026d
0000
0c2a
142a
0000
0000
032d
0000
0000
084d
0000
143a
0000
0000
022d
0000
e60a
0000
084d
0000
0010
096d
0000
142a
0000
0000
084d
0000
047d
0000
e20a
142a
0000
0e2a
0000
012d
0000
0000
0a4d
0000
0010
142a
044d
0000
087d
0000
0000
020d
0000
e40a
162a
0000
0000
024d
0000
0010
086d
0000
340a
162a
0000
0000
024d
0000
e00a
0010
086d
0000
340a
0000
020d
0000
162a
0000
300a
024d
0000
0010
0a6d
0000
340a
0000
0a0d
0000
162a
0000
300a
0000
0010
086d
0000
060d
0000
162a
0000
022d
0000
082a
e60a
300a
0000
084d
0000
0010
066d
0000
142a
360a
0000
0000
084d
0000
0010
026d
0000
e20a
142a
0000
360a
0000
022d
0000
084d
0000
320a
027d
0000
142a
0000
080d
0000
360a
0000
022d
0000
102a
0000
320a
081d
0000
022d
0000
102a
320a
0010
0000
080d
0000
0000
102a
0000
0010
0000
080d
0000
102a
0000
0010
0000
080d
0000
0000
082d
0000
102a
0000
0010
0000
040d
0000
042d
0000
0a2a
0010
086d
0000
0000
162a
0000
0000
034d
0000
0010
086d
0000
0000
162a
0000
024d
0000
0010
086d
0000
0000
0b0d
0000
162a
0000
102a
0000
0010
0000
0a0d
0000
e40a
102a
0000
014d
0000
0010
0000
080d
0000
0000
102a
0000
e00a
0010
036d
0000
010d
0000
0000
082d
0000
0000
122a
0010
026d
0000
0000
0000
0b2d
0000
122a
0010
0000
0a2d
0000
e60a
0000
122a
0010
016d
0000
0000
0000
082d
0000
0000
122a
e21a
0000
0000
092d
0000
0000
024d
0000
122a
0010
0000
0000
082d
0000
0000
122a
0010
020d
0000
e40a
0000
082d
0000
0000
024d
0000
122a
0010
340a
0000
0000
082d
0000
024d
0000
e00a
122a
0010
340a
0000
020d
0000
0000
300a
0000
024d
0000
027d
0000
340a
020d
0000
0000
300a
0000
0010
0000
020d
0000
0000
022d
0000
e60a
300a
0010
026d
0000
0000
360a
0000
0000
034d
0000
0010
026d
0000
e20a
0000
360a
022d
0000
024d
0000
320a
0010
026d
0000
8586
0000
030d
0000
360a
0000
022d
0000
c586
320a
0010
0586
0000
020d
0000
e40a
0000
022d
0000
0000
024d
0000
320a
0010
4586
940a
0000
0000
024d
0000
e00a
0010
0000
020d
0000
940a
0000
0000
024d
0000
900a
0010
020d
0000
940a
0000
0000
024d
0000
900a
0010
0000
020d
0000
2c0a
0000
024d
0000
900a
0010
020d
0000
940a
0000
0000
024d
0000
280a
0010
0000
020d
0000
940a
0000
024d
0000
900a
0010
0000
020d
0000
0000
0000
900a
0010
0000
020d
0000
e40a
0000
0010
0000
0000
0000
e00a
0010
036d
0000
0000
0000
0000
0010
026d
0000
032d
0000
0010
0000
022d
0000
e60a
0000
0010
026d
0000
0000
0000
960a
0000
0010
026d
0000
e20a
0000
022d
0000
960a
0000
0010
026d
0000
920a
0000
0000
022d
0000
960a
0010
026d
0000
920a
0000
0000
022d
0000
2e0a
0000
0010
026d
0000
920a
0000
022d
0000
960a
0010
026d
0000
2a0a
0000
0000
022d
0000
960a
0000
0010
026d
0000
920a
0000
022d
0000
0000
0010
920a
0000
0000
022d
0000
e60a
0000
0010
0000
0000
034d
0000
e21a
0000
0000
0000
024d
0000
0010
7c0a
0000
030d
0000
0000
0000
0010
020d
0000
780a
0000
0010
0000
0000
0000
0010
0000
0000
0000
0010
0000
0000
0000
0040
084d
0000
0010
0000
0000
084d
0000
0010
0c2a
0000
0000
0000
084d
0000
0010
036d
0000
0c2a
c706
0000
0706
0000
084d
0000
0010
026d
0000
0c2a
4706
0000
7e0a
032d
0000
084d
0000
0010
0c2a
8706
0000
0000
022d
0000
0000
084d
0000
7a0a
0010
0c2a
0000
0000
084d
0000
0010
0c2a
0000
0000
0000
084d
0000
0010
0c2a
0000
0000
084d
0000
0c3a
0000
942a
0000
0000
084d
0000
0010
0000
942a
0000
0000
084d
0000
943a
084d
0000
0010
0000
942a
0000
0000
084d
0000
0010
0000
942a
0000
0000
084d
0000
0010
942a
0000
0000
084d
0000
0010
0000
942a
0000
0000
084d
0000
0010
0000
942a
0000
084d
0000
0010
0000
942a
0000
0000
084d
0000
0010
0000
942a
0000
0000
084d
0000
0010
942a
0000
0000
084d
0000
0010
0000
942a
0000
0000
0c4d
0000
0010
084d
0000
7c3a
0000
0000
0000
0010
0000
0000
0000
0010
0000
0000
0000
0010
0000
0070
8546
0010
086d
0000
c546
0000
0000
0546
0000
0010
086d
0000
0000
0e2a
0000
4546
0010
086d
0000
0000
0e2a
0000
0000
0010
086d
0000
0000
0e2a
0000
0000
0010
086d
0000
0e2a
0000
0000
0010
086d
0000
0000
080d
0000
0e2a
0000
0000
0010
086d
0000
080d
0000
0e2a
0000
082a
0000
0010
086d
0000
0000
080d
0000
0e2a
0000
082a
087d
0000
080d
0000
0e2a
082a
962a
0000
0010
086d
0000
0000
080d
0000
0000
082a
962a
0010
086d
0000
0000
080d
0000
0000
082a
962a
0000
0010
086d
0000
0000
080d
0000
082a
962a
0000
0010
086d
0000
0000
080d
0000
0000
082a
962a
0000
0010
086d
0000
080d
0000
0000
082a
962a
0000
902a
0010
086d
0000
0000
080d
0000
0000
962a
902a
087d
0000
0000
080d
0000
0000
962a
0000
902a
0010
086d
0000
0000
080d
0000
962a
902a
0010
086d
0000
0000
080d
0000
0000
962a
0000
902a
0010
086d
0000
0000
080d
0000
962a
0000
902a
0010
086d
0000
0000
080d
0000
0000
962a
0000
902a
0010
0c6d
0000
080d
0000
0000
0000
902a
0010
086d
0000
0000
080d
0000
7e2a
0000
082d
0000
902a
0010
0000
080d
0000
0000
082d
0000
0000
0a2a
902a
0010
0000
080d
0000
082d
0000
0a2a
902a
0010
0000
080d
0000
0000
082d
0000
0000
0a2a
902a
0010
0000
0c0d
0000
082d
0000
0000
0a2a
0010
0000
080d
0000
0000
082d
0000
782a
0000
0a2a
083d
0000
0a2a
0010
0000
0000
082d
0000
0000
0a2a
0010
0000
0000
082d
0000
0000
0a2a
923a
0000
0000
082d
0000
0000
0010
922a
0000
0000
082d
0000
c4c6
0000
0010
922a
04c6
0000
082d
0000
44c6
0000
0010
922a
0000
0000
082d
0000
84c6
0000
0010
922a
0000
082d
0000
0000
0010
922a
0000
0000
082d
0000
0000
0010
922a
0000
0000
082d
0000
0010
922a
0000
0000
082d
0000
c6c6
0000
0010
922a
06c6
0000
0000
082d
0000
86c6
0010
922a
46c6
0000
0000
082d
0000
0000
0010
922a
0000
0000
082d
0000
923a
0c2d
0000
0000
0010
0000
0000
082d
0000
0000
0f4d
0000
7a2a
0010
0f6d
0000
0f0d
0000
0f2d
0000
0000
0a4d
0000
0010
0a6d
0000
0000
0a0d
0000
0000
0a2d
0000
0c3a
0e2a
e40a
082a
e60a
0000
0a4d
0000
0a2a
e00a
0010
096d
0000
e20a
642a
340a
0a0d
0000
662a
092d
0000
602a
300a
0000
014d
0000
622a
0010
026d
0000
0000
010d
0000
360a
022d
0000
0000
024d
0000
320a
0010
016d
0000
340a
0000
020d
0000
0000
012d
0000
300a
014d
0000
0010
026d
0000
0000
010d
0000
360a
0000
022d
0000
0000
024d
0000
320a
017d
0000
340a
0000
020d
0000
0000
012d
0000
300a
0000
094d
0000
0a7d
0000
090d
0000
360a
0000
0a2d
0000
0000
0a4d
0000
320a
0010
066d
0000
0c2a
142a
060d
0000
0e2a
0000
062d
0000
082a
0000
0a2a
0010
086d
0000
0000
080d
0000
e40a
162a
e60a
102a
0000
024d
0000
e00a
0010
026d
0000
e20a
0000
020d
0000
0000
0a2d
0000
044d
0000
122a
0010
046d
0000
0c0a
0000
040d
0000
0e0a
0000
042d
0000
080a
0a4d
0000
0a0a
0010
026d
0000
640a
142a
0000
020d
0000
660a
0000
022d
0000
600a
084d
0000
620a
0010
142a
0000
0000
0000
084d
0000
0010
142a
0000
0000
0000
087d
0000
162a
0000
0000
0010
086d
0000
0000
162a
0000
0000
024d
0000
0010
096d
0000
340a
0a0d
0000
162a
0000
012d
0000
300a
102a
0000
014d
0000
0010
026d
0000
090d
0000
360a
022d
0000
102a
0000
024d
0000
320a
0010
016d
0000
340a
0000
0a0d
0000
012d
0000
300a
102a
0000
0010
026d
0000
0000
360a
0000
0a2d
0000
0000
024d
0000
320a
122a
017d
0000
340a
0000
020d
0000
0000
092d
0000
300a
0000
122a
0010
026d
0000
360a
0000
0a2d
0000
0000
320a
122a
0010
0000
0000
0000
0010
0000
0000
0070
034d
0000
0010
0000
0000
024d
0000
0010
0000
030d
0000
0000
0000
0010
0000
020d
0000
e40a
0000
014d
0000
0010
0000
0000
0000
084d
0000
e00a
0010
036d
0000
010d
0000
0000
084d
0000
0010
026d
0000
0c2a
142a
0000
0000
032d
0000
0000
084d
0000
143a
0000
0000
022d
0000
e60a
0000
084d
0000
0010
096d
0000
142a
0000
0000
084d
0000
047d
0000
e20a
142a
0000
0e2a
0000
012d
0000
0000
0a4d
0000
0010
142a
044d
0000
087d
0000
0000
0a0d
0000
e40a
162a
0000
0000
024d
0000
0010
086d
0000
340a
040d
0000
162a
0000
082a
0000
024d
0000
e00a
0010
086d
0000
340a
0000
020d
0000
162a
300a
0000
024d
0000
0010
0a6d
0000
340a
0000
020d
0000
162a
0000
082d
0000
300a
0010
086d
0000
0000
020d
0000
162a
0000
062d
0000
e60a
300a
0000
084d
0000
0a2a
067d
0000
142a
0000
360a
0000
0000
084d
0000
0010
026d
0000
e20a
142a
360a
022d
0000
0000
084d
0000
320a
0010
026d
0000
142a
0000
080d
0000
360a
0000
022d
0000
102a
320a
0010
0000
080d
0000
0000
022d
0000
102a
0000
320a
0010
0000
080d
0000
102a
0000
0010
0000
080d
0000
0000
102a
0000
0010
0000
080d
0000
0000
102a
0010
0000
040d
0000
0000
082d
0000
0000
122a
0010
0000
0000
082d
0000
0000
034d
0000
122a
0010
0000
082d
0000
0000
024d
0000
122a
0010
0000
030d
0000
0000
082d
0000
122a
0010
0000
020d
0000
e40a
0000
082d
0000
0000
014d
0000
122a
0010
042d
0000
e00a
0b7d
0000
0000
010d
0000
162a
0000
0000
0010
0a6d
0000
0000
162a
032d
0000
0010
086d
0000
0000
080d
0000
162a
0000
022d
0000
e60a
102a
0000
0010
016d
0000
080d
0000
0000
102a
0000
0010
e20a
0000
080d
0000
0000
012d
0000
102a
024d
0000
0010
0000
082d
0000
0000
122a
0010
0000
020d
0000
e40a
0000
082d
0000
024d
0000
122a
341a
0000
0000
082d
0000
0000
024d
0000
e00a
122a
0010
340a
0000
020d
0000
300a
0000
024d
0000
0010
026d
0000
340a
0000
020d
0000
0000
300a
0000
021d
0000
022d
0000
e60a
300a
084d
0000
0010
026d
0000
0000
360a
0000
0000
0b4d
0000
027d
0000
0c2a
e20a
0000
360a
0000
022d
0000
0000
0a4d
0000
320a
0010
026d
0000
0c2a
030d
0000
360a
0000
022d
0000
0000
084d
0000
320a
0010
0c2a
0000
020d
0000
e40a
022d
0000
0000
0a4d
0000
320a
0010
0c2a
0000
940a
0000
0000
0a4d
0000
e00a
0c3a
0000
020d
0000
940a
0000
0000
0a4d
0000
900a
0010
0c2a
0000
020d
0000
940a
0000
0a4d
0000
900a
0010
0c2a
0000
020d
0000
2c0a
0000
0000
064d
0000
900a
0c3a
020d
0000
940a
0000
0000
024d
0000
280a
0010
0000
020d
0000
940a
0000
0000
024d
0000
900a
0010
020d
0000
0000
0000
900a
0010
0000
020d
0000
e40a
0000
0000
084d
0000
0010
942a
0000
0000
084d
0000
e00a
0010
036d
0000
0000
942a
0000
0000
084d
0000
0a7d
0000
942a
032d
0000
084d
0000
0010
086d
0000
0000
0e2a
942a
0000
022d
0000
e60a
084d
0000
0010
0a6d
0000
0000
0e2a
942a
0000
960a
0000
084d
0000
0a7d
0000
e20a
080d
0000
0e2a
942a
0000
022d
0000
960a
0000
084d
0000
0010
0a6d
0000
920a
080d
0000
0e2a
942a
0000
022d
0000
082a
960a
0000
084d
0000
0010
0a6d
0000
920a
080d
0000
0e2a
942a
0000
022d
0000
082a
2e0a
0000
084d
0000
0010
0a6d
0000
920a
080d
0000
0e2a
942a
0000
0a2d
0000
082a
960a
0000
084d
0000
0010
0a6d
0000
2a0a
080d
0000
0e2a
942a
0000
0a2d
0000
082a
960a
0000
084d
0000
0a2a
0010
066d
0000
920a
080d
0000
0e2a
942a
0000
0a2d
0000
082a
0000
084d
0000
0a2a
0010
920a
080d
0000
942a
0000
0a2d
0000
082a
e60a
0000
0c4d
0000
0a2a
0010
086d
0000
080d
0000
082d
0000
082a
962a
0000
0b4d
0000
0a2a
0010
086d
0000
e20a
7c2a
0000
080d
0000
082d
0000
082a
962a
0000
024d
0000
0a2a
902a
0010
086d
0000
7c0a
0000
0b0d
0000
082d
0000
962a
0000
0a2a
902a
0010
086d
0000
0000
0a0d
0000
0000
082d
0000
962a
780a
0a2a
902a
0010
086d
0000
0000
080d
0000
0000
082d
0000
962a
0000
0a2a
902a
087d
0000
922a
0000
080d
0000
0000
082d
0000
962a
0000
902a
0010
086d
0000
922a
080d
0000
0000
082d
0000
962a
0000
902a
0010
086d
0000
922a
0000
080d
0000
082d
0000
962a
0000
902a
0010
086d
0000
922a
0000
080d
0000
0000
082d
0000
962a
902a
0010
086d
0000
922a
0000
080d
0000
0000
082d
0000
962a
0000
902a
0010
086d
0000
922a
080d
0000
0000
082d
0000
962a
0000
902a
0010
086d
0000
922a
0000
080d
0000
082d
0000
962a
0000
902a
0010
0c6d
0000
922a
0000
080d
0000
0000
082d
0000
902a
0010
0b6d
0000
922a
0000
0c0d
0000
7e2a
0000
082d
0000
0000
0010
026d
0000
922a
080d
0000
7e0a
0000
0b2d
0000
782a
0000
0010
922a
0000
0000
0a2d
0000
7a0a
923a
0000
0000
0c2d
0000
0000
0010
0000
0000
082d
0000
0000
0f4d
0000
7a2a
0f7d
0000
0f0d
0000
0000
0f2d
0000
0000
0a4d
0000
0010
0a6d
0000
0000
0a0d
0000
0a2d
0000
0010
0c2a
0000
0e2a
e40a
0000
082a
e60a
0000
0a4d
0000
0a2a
e00a
0010
096d
0000
e20a
6c2a
340a
0a0d
0000
6e2a
0000
092d
0000
682a
300a
0000
014d
0000
6a2a
027d
0000
0000
010d
0000
360a
0000
022d
0000
0000
024d
0000
320a
0010
016d
0000
340a
020d
0000
0000
012d
0000
300a
0000
014d
0000
0010
026d
0000
0000
010d
0000
360a
022d
0000
0000
024d
0000
320a
0010
016d
0000
340a
0000
020d
0000
0000
012d
0000
300a
014d
0000
0010
026d
0000
0000
010d
0000
360a
0000
022d
0000
0000
024d
0000
320a
027d
0000
0000
020d
0000
0000
022d
0000
0000
0010
0000
e40a
0000
e60a
024d
0000
e00a
0010
026d
0000
e20a
0000
020d
0000
0000
022d
0000
0000
0010
0c0a
0e0a
0000
080a
0000
024d
0000
0a0a
0010
026d
0000
640a
0000
020d
0000
660a
022d
0000
600a
620a
0010
0000
0000
0000
0010
8786
0000
0000
c786
0000
0010
4786
0786
0010
0000
0000
024d
0000
0010
016d
0000
340a
0000
020d
0000
0000
012d
0000
300a
0d4d
0000
0010
026d
0000
0000
010d
0000
360a
0000
022d
0000
0000
0a4d
0000
320a
017d
0000
7c2a
340a
0000
020d
0000
0000
012d
0000
300a
0000
0010
026d
0000
360a
022d
0000
0000
024d
0000
320a
0010
016d
0000
340a
0000
020d
0000
0000
012d
0000
300a
0010
026d
0000
0000
360a
0000
022d
0000
0000
320a
0010
0000
0000
0000
0080
034d
0000
0010
0000
0000
024d
0000
0010
0000
030d
0000
0000
0000
0010
0000
020d
0000
e40a
0000
014d
0000
0010
0000
0000
0000
e00a
0010
036d
0000
0000
010d
0000
0000
0010
026d
0000
0000
0000
032d
0000
0000
0010
0000
0000
022d
0000
e60a
017d
0000
0000
0010
e20a
0000
0000
012d
0000
0000
024d
0000
0010
0000
0000
0000
0c7d
0000
020d
0000
e40a
0000
0000
024d
0000
0010
086d
0000
340a
0000
7e2a
0000
024d
0000
e00a
341a
0000
020d
0000
0000
300a
0000
024d
0000
0010
026d
0000
340a
0e0d
0000
300a
0000
0010
0000
0a0d
0000
0000
022d
0000
e60a
782a
300a
0000
0010
026d
0000
360a
0000
0000
0010
026d
0000
e20a
0000
360a
0000
022d
0000
0000
320a
027d
0000
360a
0000
0e2d
0000
0000
320a
0010
0000
0000
0a2d
0000
0000
7a2a
320a
0020
8506
0000
c506
0000
0010
0506
0000
0000
0000
0010
4506
0000
0000
0000
0010
034d
0000
0010
0000
0000
024d
0000
0010
0000
030d
0000
0000
0000
0010
0000
020d
0000
e40a
0000
014d
0000
0010
0000
0000
0000
e00a
0010
036d
0000
0000
010d
0000
027d
0000
0000
032d
0000
0000
0010
0000
0000
022d
0000
e60a
0000
0010
016d
0000
e21a
0000
012d
0000
0000
024d
0000
0010
0000
0000
0000
0010
0000
020d
0000
e40a
024d
0000
341a
0000
0000
024d
0000
e00a
0010
340a
0000
020d
0000
0000
300a
0000
024d
0000
027d
0000
340a
0000
020d
0000
0000
300a
0000
0010
0000
020d
0000
0000
022d
0000
e60a
300a
0010
026d
0000
0000
360a
0000
0000
034d
0000
0010
026d
0000
e20a
360a
0000
022d
0000
0000
024d
0000
320a
0010
026d
0000
0000
030d
0000
360a
022d
0000
320a
0010
0000
020d
0000
e40a
0000
022d
0000
0000
024d
0000
320a
0010
940a
0000
024d
0000
e00a
0010
0000
020d
0000
940a
0000
0000
024d
0000
900a
0010
020d
0000
940a
0000
024d
0000
900a
0010
0000
020d
0000
2c0a
0000
0000
024d
0000
900a
0010
020d
0000
940a
0000
0000
024d
0000
280a
0010
0000
020d
0000
940a
0000
024d
0000
900a
0010
020d
0000
0000
0000
900a
0010
0000
020d
0000
e40a
0000
0000
e01a
037d
0000
0000
0000
0000
0010
026d
0000
0000
0000
032d
0000
0000
0010
0000
022d
0000
e60a
0010
026d
0000
0000
0000
960a
0000
0010
026d
0000
e20a
0000
0000
022d
0000
960a
0010
026d
0000
920a
0000
0000
022d
0000
960a
0000
0010
026d
0000
920a
0000
022d
0000
2e0a
8686
0000
0010
026d
0000
920a
c686
0000
0000
022d
0000
960a
0686
0010
026d
0000
2a0a
0000
0000
022d
0000
960a
4686
0000
0010
026d
0000
920a
0000
022d
0000
0000
0010
920a
0606
0000
0000
022d
0000
e60a
4606
0000
0010
c606
0000
8606
0000
034d
0000
0010
e20a
0000
0000
0000
024d
0000
0010
7c0a
0000
030d
0000
0000
0010
0000
020d
0000
0000
780a
0000
0010
0000
0000
0000
0010
0000
0080
036d
0000
0000
0000
0010
026d
0000
0000
7e0a
0000
032d
0000
0000
0010
0000
022d
0000
0f4d
0000
7a0a
0010
0f6d
0000
0000
0f0d
0000
0000
0f2d
0000
0000
0a4d
0000
0a7d
0000
7c2a
0000
0a0d
0000
7e2a
0000
062d
0000
782a
0000
0010
8646
0000
e40a
082d
0000
e60a
c646
0000
024d
0000
e00a
7a2a
0010
016d
0000
e20a
340a
0646
020d
0000
012d
0000
300a
0000
014d
0000
0010
026d
0000
4646
0000
010d
0000
360a
022d
0000
024d
0000
320a
0010
016d
0000
340a
0000
020d
0000
0000
012d
0000
300a
014d
0000
027d
0000
0000
010d
0000
360a
0000
022d
0000
0000
024d
0000
320a
0010
016d
0000
340a
020d
0000
0000
012d
0000
300a
0000
014d
0000
0010
026d
0000
0000
010d
0000
360a
022d
0000
0000
024d
0000
320a
0010
026d
0000
0000
020d
0000
0000
022d
0000
0010
0000
e40a
0000
e60a
0000
024d
0000
e00a
0010
026d
0000
e20a
0000
020d
0000
022d
0000
0000
0010
0c0a
0000
0e0a
0000
080a
0000
024d
0000
0a0a
0010
026d
0000
6c0a
020d
0000
6e0a
0000
022d
0000
680a
0000
024d
0000
6a0a
0010
016d
0000
340a
020d
0000
0000
012d
0000
300a
0000
0010
026d
0000
0000
360a
0000
022d
0000
320a
0010
0000
0000
0000
0010
0000
0000
0000
024d
0000
0010
016d
0000
340a
020d
0000
012d
0000
300a
0000
014d
0000
0010
026d
0000
0000
010d
0000
360a
0000
022d
0000
024d
0000
320a
0010
016d
0000
340a
0000
020d
0000
0000
012d
0000
300a
0020
026d
0000
360a
0000
0000
0010
0000
0000
022d
0000
0000
320a
0010
0000
0000
0080
c306
0000
0000
034d
0000
0010
0000
0000
0000
024d
0000
0010
0000
030d
0000
021d
0000
e40a
0000
014d
0000
0010
0000
0000
0000
e00a
0010
036d
0000
0000
010d
0000
0000
0010
026d
0000
0000
0000
032d
0000
c446
0000
0010
0446
0000
0000
022d
0000
e60a
4446
0010
016d
0000
0000
0000
8446
0000
0010
e20a
0000
0000
012d
0000
024d
0000
0010
0000
0000
0010
0000
020d
0000
e40a
0000
0000
024d
0000
0010
340a
024d
0000
e00a
341a
0000
020d
0000
0000
300a
0000
024d
0000
0010
026d
0000
340a
020d
0000
300a
0000
0010
0000
020d
0000
0000
022d
0000
e60a
300a
0000
0010
026d
0000
360a
0000
0306
0000
0010
026d
0000
e20a
0000
360a
0000
022d
0000
0000
320a
027d
0000
360a
0000
022d
0000
8146
0000
320a
0010
0000
0000
022d
0000
0486
0000
320a
4496
0000
0000
c486
0000
0010
8486
0000
0000
0000
0010
0000
0000
0000
0010
035d
0000
0010
0000
0000
024d
0000
0010
0000
030d
0000
0000
0000
0010
0000
020d
0000
e40a
0000
014d
0000
0010
0000
0000
0000
e00a
0010
036d
0000
0000
010d
0000
027d
0000
0000
032d
0000
c346
0000
0010
0000
0000
022d
0000
e60a
0000
0010
016d
0000
0000
0000
0010
e20a
0000
0000
012d
0000
0000
024d
0000
0010
0146
0000
0000
021d
0000
e40a
0000
024d
0000
0010
340a
0000
0000
0000
024d
0000
e00a
0010
340a
020d
0000
300a
0000
024d
0000
0010
026d
0000
340a
0000
020d
0000
0000
300a
0000
021d
0000
022d
0000
e60a
300a
0010
026d
0000
0000
360a
0000
0000
034d
0000
0010
026d
0000
e20a
360a
0000
022d
0000
0000
024d
0000
320a
0010
026d
0000
0000
030d
0000
360a
022d
0000
0000
320a
0010
0000
020d
0000
e40a
0000
022d
0000
c0c6
0000
014d
0000
320a
0010
0000
0000
e00a
0010
0000
010d
0000
0000
0000
0010
0000
0000
0356
0000
0010
0000
0000
0000
0010
8306
0000
0000
0000
024d
0000
0010
0000
0000
021d
0000
e40a
0000
0010
0000
0000
0000
e00a
0010
036d
0000
0000
0000
0000
0010
026d
0000
0000
032d
0000
0000
0010
0000
0000
022d
0000
e60a
0000
0010
016d
0000
e21a
0000
012d
0000
0000
0010
0000
0000
0000
0010
00c6
0000
0000
0000
0010
0000
c2d6
0010
026d
0000
0000
0000
0000
0010
c146
0000
0000
022d
0000
e60a
0000
0010
034d
0000
e21a
0000
0000
4306
0000
024d
0000
0010
0000
030d
0000
940a
0000
0000
024d
0000
0010
020d
0000
0000
0000
900a
0010
0000
020d
0000
e40a
0000
0000
014d
0000
0010
0000
0000
e00a
0010
0000
010d
0000
0000
0000
0010
0000
0000
0000
0010
0020
024d
0000
0010
0000
0000
0010
0000
020d
0000
e40a
0000
0000
024d
0000
0010
036d
0000
e40a
0000
02c6
0000
024d
0000
e00a
0010
026d
0000
4146
0000
020d
0000
2c0a
032d
0000
960a
0000
024d
0000
e00a
0010
026d
0000
0000
020d
0000
e40a
0000
022d
0000
8346
024d
0000
280a
0010
920a
0000
020d
0000
2c0a
0000
022d
0000
e60a
024d
0000
e00a
017d
0000
0000
020d
0000
940a
0000
0000
024d
0000
280a
0010
e20a
020d
0000
e40a
012d
0000
0000
024d
0000
900a
0010
0000
020d
0000
2c0a
0000
80c6
024d
0000
e00a
0010
020d
0000
e40a
0000
0000
024d
0000
280a
0010
0000
020d
0000
2c0a
0000
024d
0000
e00a
0010
0000
020d
0000
940a
0000
0000
280a
0010
026d
0000
020d
0000
0000
900a
0010
0000
0000
022d
0000
e60a
0000
014d
0000
0010
026d
0000
e60a
027d
0000
e20a
0000
010d
0000
0000
022d
0000
2e0a
0000
024d
0000
0010
026d
0000
e20a
1c0a
0000
022d
0000
e60a
0000
0010
026d
0000
2a0a
0000
020d
0000
0000
022d
0000
2e0a
180a
0010
026d
0000
e20a
0000
0000
022d
0000
960a
0000
0010
026d
0000
2a0a
0000
022d
0000
e60a
0000
0010
026d
0000
920a
0000
0000
022d
0000
2e0a
027d
0000
e20a
4346
022d
0000
e60a
c1c6
027d
0000
2a0a
022d
0000
2e0a
027d
0000
e20a
0000
022d
0000
960a
0000
0010
2a0a
0000
0000
022d
0000
0000
0010
920a
40c6
027d
0000
1e0a
0000
0000
0010
0000
0000
022d
0000
0000
1a0a
0010
0000
0000
0000
0080
82c6
0000
0000
0010
0000
0000
01c6
0000
0010
0000
0000
0000
0010
0000
0000
0090
42c6
0000
0000
0010
0000
0000
0000
0010
0000
0000
0000
0010
0000
0000
0000
00f0
81c6
0000
0000
0010
0000
0000
0000
0010
0000
0000
0000
0010
0000
0000
0000
0060
024d
0000
0010
e40a
0000
0000
024d
0000
0010
0000
2c0a
0000
0000
024d
0000
e41a
024d
0000
0010
0000
2c0a
0000
0000
024d
0000
0010
0000
940a
0000
0000
024d
0000
0010
e40a
0000
0000
024d
0000
0010
0000
2c0a
0000
41c6
0000
024d
0000
0010
e40a
0000
024d
0000
0010
0000
2c0a
0000
0000
024d
0000
0010
0000
940a
0000
0000
0020
024d
0000
1c1a
0000
0000
0000
0010
0000
0000
0000
0010
8186
0000
0000
0000
021d
0000
e00a
0010
0000
020d
0000
0000
0000
280a
0010
0000
020d
0000
0000
0000
e00a
0010
020d
0000
0000
0000
280a
0010
0000
020d
0000
0000
0000
900a
0010
0000
020d
0000
0000
e00a
0010
0000
020d
0000
0000
0000
280a
0010
0000
020d
0000
0000
e00a
0010
020d
0000
0000
0000
280a
0010
0000
020d
0000
0000
0000
900a
0010
0000
0020
020d
0000
180a
0000
0010
0000
0000
0000
0010
0000
0000
0186
0000
0010
0000
027d
0000
0000
e60a
0000
0010
026d
0000
0000
0000
2e0a
0000
0010
026d
0000
0000
e60a
0010
026d
0000
0000
0000
2e0a
0000
0010
026d
0000
0000
0000
960a
0000
0010
026d
0000
0000
e60a
0000
0010
026d
0000
0000
0000
2e0a
0000
0010
026d
0000
0000
e60a
0010
026d
0000
0000
0000
2e0a
0000
0010
026d
0000
0000
0000
960a
0000
0010
0020
026d
0000
1e0a
0000
0000
0010
0000
0000
0000
0010
0000
0000
0000
0010
0000
0060
8386
0000
0000
0010
0000
0000
c186
0000
0010
0000
0000
0000
0010
0000
0000
0030
022d
0000
0010
e20a
0000
0000
022d
0000
0000
0010
2a0a
0000
0000
022d
0000
e21a
022d
0000
0000
0010
2a0a
0000
0000
022d
0000
0000
0010
920a
0000
0000
022d
0000
0010
e20a
0000
0000
022d
0000
0000
0010
2a0a
0000
0000
022d
0000
0000
0010
e20a
0000
022d
0000
0000
0010
2a0a
0000
0000
022d
0000
0386
0000
0010
920a
0000
0020
022d
0000
1a0a
0010
0000
0000
0000
0010
0000
0000
0000
0010
4186
0000
0000
0180
c386
0000
0000
0010
0000
0000
0000
0010
0000
0000
0000
0010
0000
0000
0000
0100
4386
0010
0000
0000
0000
0010
0000
0000
0000
0010
0000
0000
0000
0010
0206
0040
8286
0010
0000
0000
0000
0010
0000
0000
0000
0010
0000
0000
0000
0010
0000
0080
8206
0010
0000
0000
0000
0010
0000
0000
0000
0010
0000
0000
0000
0010
0286
024d
0000
7c1a
0000
0000
0000
0010
8246
0000
0000
0000
0010
0000
0000
0000
0010
00c0
020d
0000
780a
0000
0010
0000
0000
0246
0000
0010
0000
0000
0000
0010
0000
0050
4206
0000
0000
0010
0000
0000
0000
0010
0000
0000
0000
0010
0000
0000
c046
0030
c286
0000
0000
0010
0000
0000
0000
0010
0000
0000
0000
0010
8106
0000
0000
0060
c206
0010
0086
0000
0000
0000
0010
0000
0000
0000
0010
0000
0000
0000
0010
027d
0000
7e0a
0000
0000
0010
0046
0000
0000
c246
0000
0010
0000
0000
4286
0000
0020
0106
0010
0000
0000
0000
0010
0000
0000
0000
0010
0000
0000
0000
0010
0000
0050
8086
0000
0000
0010
0000
0000
0000
0010
0000
0000
0000
0010
0000
0000
022d
0000
7a0a
0010
0000
0000
0000
0010
4246
0000
0000
0000
0010
0000
0000
0000
0010
0030
8046
0010
0000
0000
0000
0010
0000
0000
0000
0010
0000
0000
0000
0010
0000
0050
c106
0010
0000
0000
0000
0010
0000
0000
0000
0010
0000
0000
4086
0000
0010
0030
4046
0000
0000
0010
0000
0000
0000
0010
0000
0000
0000
0010
0000
0000
0000
0070
4106
0000
0000
0010
0000
0000
0000
0010
c086
0000
0000
0000
0010
0000
0000
0140
8406
0010
c406
0000
0000
0406
0000
0010
0000
0000
4406
0000
0010
0000
0000
2ff0
8006
0000
0001
9cd3
d810
f120
0000
0010
0000
0000
0000
0010
0000
0000
0000
00d0
0006
0010
0000
0000
0000
0010
0000
0000
0000
0010
0000
0000
0000
0010
0000
0150
c006
0010
0000
0000
0000
0010
0000
0000
0000
0010
0000
0000
0000
0010
0000
00d0
4006
0000
0000
0010
0000
0000
0000
0010
0000
0000
0000
0010
0000
0000
0000
0f50
6000
0010
0000
0000
0000
0010
0000
0000
0000
0010
0000
0000
0000
0010
0000
